[0.029s] Invoking command in '/home/zkxt/Documents/TK30/bianjiexiongkong/build/controller_display': CMAKE_PREFIX_PATH=/home/zkxt/Documents/TK30/bianjiexiongkong/install/chest_interfaces:/home/zkxt/Documents/TK30/bianjiexiongkong/install/communication:/home/zkxt/Documents/TK30/bianjiexiongkong/install/button_simulator:/home/zkxt/Documents/TK30/bianjiexiongkong/install/ar_display:/home/zkxt/Documents/TK30/bianjiexiongkong/install/web_monitor:/opt/ros/foxy PYTHONPATH=/home/zkxt/Documents/TK30/bianjiexiongkong/install/chest_interfaces/lib/python3.8/site-packages:/home/zkxt/Documents/TK30/bianjiexiongkong/install/web_monitor/lib/python3.8/site-packages:/opt/ros/foxy/lib/python3.8/site-packages /usr/bin/cmake --build /home/zkxt/Documents/TK30/bianjiexiongkong/build/controller_display -- -j8 -l8
[0.194s] [35m[1mScanning dependencies of target controller_display_node[0m
[0.292s] [ 50%] [32mBuilding CXX object CMakeFiles/controller_display_node.dir/src/controller_display_node.cpp.o[0m
[24.154s] [100%] [32m[1mLinking CXX executable controller_display_node[0m
[27.690s] [100%] Built target controller_display_node
[27.727s] Invoked command in '/home/zkxt/Documents/TK30/bianjiexiongkong/build/controller_display' returned '0': CMAKE_PREFIX_PATH=/home/zkxt/Documents/TK30/bianjiexiongkong/install/chest_interfaces:/home/zkxt/Documents/TK30/bianjiexiongkong/install/communication:/home/zkxt/Documents/TK30/bianjiexiongkong/install/button_simulator:/home/zkxt/Documents/TK30/bianjiexiongkong/install/ar_display:/home/zkxt/Documents/TK30/bianjiexiongkong/install/web_monitor:/opt/ros/foxy PYTHONPATH=/home/zkxt/Documents/TK30/bianjiexiongkong/install/chest_interfaces/lib/python3.8/site-packages:/home/zkxt/Documents/TK30/bianjiexiongkong/install/web_monitor/lib/python3.8/site-packages:/opt/ros/foxy/lib/python3.8/site-packages /usr/bin/cmake --build /home/zkxt/Documents/TK30/bianjiexiongkong/build/controller_display -- -j8 -l8
[27.757s] Invoking command in '/home/zkxt/Documents/TK30/bianjiexiongkong/build/controller_display': CMAKE_PREFIX_PATH=/home/zkxt/Documents/TK30/bianjiexiongkong/install/chest_interfaces:/home/zkxt/Documents/TK30/bianjiexiongkong/install/communication:/home/zkxt/Documents/TK30/bianjiexiongkong/install/button_simulator:/home/zkxt/Documents/TK30/bianjiexiongkong/install/ar_display:/home/zkxt/Documents/TK30/bianjiexiongkong/install/web_monitor:/opt/ros/foxy PYTHONPATH=/home/zkxt/Documents/TK30/bianjiexiongkong/install/chest_interfaces/lib/python3.8/site-packages:/home/zkxt/Documents/TK30/bianjiexiongkong/install/web_monitor/lib/python3.8/site-packages:/opt/ros/foxy/lib/python3.8/site-packages /usr/bin/cmake --install /home/zkxt/Documents/TK30/bianjiexiongkong/build/controller_display
[27.793s] -- Install configuration: ""
[27.799s] -- Installing: /home/zkxt/Documents/TK30/bianjiexiongkong/install/controller_display/lib/controller_display/controller_display_node
[27.828s] -- Set runtime path of "/home/zkxt/Documents/TK30/bianjiexiongkong/install/controller_display/lib/controller_display/controller_display_node" to ""
[27.829s] -- Installing: /home/zkxt/Documents/TK30/bianjiexiongkong/install/controller_display/share/controller_display/environment/library_path.sh
[27.829s] -- Installing: /home/zkxt/Documents/TK30/bianjiexiongkong/install/controller_display/share/controller_display/environment/library_path.dsv
[27.831s] -- Installing: /home/zkxt/Documents/TK30/bianjiexiongkong/install/controller_display/share/controller_display/launch
[27.832s] -- Installing: /home/zkxt/Documents/TK30/bianjiexiongkong/install/controller_display/share/controller_display/launch/controller_display.launch.py
[27.832s] -- Installing: /home/zkxt/Documents/TK30/bianjiexiongkong/install/controller_display/share/ament_index/resource_index/package_run_dependencies/controller_display
[27.833s] -- Installing: /home/zkxt/Documents/TK30/bianjiexiongkong/install/controller_display/share/ament_index/resource_index/parent_prefix_path/controller_display
[27.834s] -- Installing: /home/zkxt/Documents/TK30/bianjiexiongkong/install/controller_display/share/controller_display/environment/ament_prefix_path.sh
[27.834s] -- Installing: /home/zkxt/Documents/TK30/bianjiexiongkong/install/controller_display/share/controller_display/environment/ament_prefix_path.dsv
[27.835s] -- Installing: /home/zkxt/Documents/TK30/bianjiexiongkong/install/controller_display/share/controller_display/environment/path.sh
[27.835s] -- Installing: /home/zkxt/Documents/TK30/bianjiexiongkong/install/controller_display/share/controller_display/environment/path.dsv
[27.836s] -- Installing: /home/zkxt/Documents/TK30/bianjiexiongkong/install/controller_display/share/controller_display/local_setup.bash
[27.836s] -- Installing: /home/zkxt/Documents/TK30/bianjiexiongkong/install/controller_display/share/controller_display/local_setup.sh
[27.837s] -- Installing: /home/zkxt/Documents/TK30/bianjiexiongkong/install/controller_display/share/controller_display/local_setup.zsh
[27.837s] -- Installing: /home/zkxt/Documents/TK30/bianjiexiongkong/install/controller_display/share/controller_display/local_setup.dsv
[27.838s] -- Installing: /home/zkxt/Documents/TK30/bianjiexiongkong/install/controller_display/share/controller_display/package.dsv
[27.838s] -- Installing: /home/zkxt/Documents/TK30/bianjiexiongkong/install/controller_display/share/ament_index/resource_index/packages/controller_display
[27.839s] -- Installing: /home/zkxt/Documents/TK30/bianjiexiongkong/install/controller_display/share/controller_display/cmake/ament_cmake_export_dependencies-extras.cmake
[27.839s] -- Installing: /home/zkxt/Documents/TK30/bianjiexiongkong/install/controller_display/share/controller_display/cmake/ament_cmake_export_libraries-extras.cmake
[27.840s] -- Installing: /home/zkxt/Documents/TK30/bianjiexiongkong/install/controller_display/share/controller_display/cmake/controller_displayConfig.cmake
[27.840s] -- Installing: /home/zkxt/Documents/TK30/bianjiexiongkong/install/controller_display/share/controller_display/cmake/controller_displayConfig-version.cmake
[27.841s] -- Installing: /home/zkxt/Documents/TK30/bianjiexiongkong/install/controller_display/share/controller_display/package.xml
[27.852s] Invoked command in '/home/zkxt/Documents/TK30/bianjiexiongkong/build/controller_display' returned '0': CMAKE_PREFIX_PATH=/home/zkxt/Documents/TK30/bianjiexiongkong/install/chest_interfaces:/home/zkxt/Documents/TK30/bianjiexiongkong/install/communication:/home/zkxt/Documents/TK30/bianjiexiongkong/install/button_simulator:/home/zkxt/Documents/TK30/bianjiexiongkong/install/ar_display:/home/zkxt/Documents/TK30/bianjiexiongkong/install/web_monitor:/opt/ros/foxy PYTHONPATH=/home/zkxt/Documents/TK30/bianjiexiongkong/install/chest_interfaces/lib/python3.8/site-packages:/home/zkxt/Documents/TK30/bianjiexiongkong/install/web_monitor/lib/python3.8/site-packages:/opt/ros/foxy/lib/python3.8/site-packages /usr/bin/cmake --install /home/zkxt/Documents/TK30/bianjiexiongkong/build/controller_display
