[0.582s] DEBUG:colcon:Command line arguments: ['/usr/bin/colcon', 'build', '--packages-select', 'chest_interfaces']
[0.582s] DEBUG:colcon:Parsed command line arguments: Namespace(allow_overriding=[], ament_cmake_args=None, base_paths=['.'], build_base='build', catkin_cmake_args=None, catkin_skip_building_tests=False, cmake_args=None, cmake_clean_cache=False, cmake_clean_first=False, cmake_force_configure=False, cmake_target=None, cmake_target_skip_unavailable=False, continue_on_error=False, event_handlers=None, executor='parallel', ignore_user_meta=False, install_base='install', log_base=None, log_level=None, main=<bound method BuildVerb.main of <colcon_core.verb.build.BuildVerb object at 0x7faf9423d0>>, merge_install=False, metas=['./colcon.meta'], packages_above=None, packages_above_and_dependencies=None, packages_above_depth=None, packages_end=None, packages_ignore=None, packages_ignore_regex=None, packages_select=['chest_interfaces'], packages_select_build_failed=False, packages_select_by_dep=None, packages_select_regex=None, packages_select_test_failures=False, packages_skip=None, packages_skip_build_finished=False, packages_skip_by_dep=None, packages_skip_regex=None, packages_skip_test_passed=False, packages_skip_up_to=None, packages_start=None, packages_up_to=None, packages_up_to_regex=None, parallel_workers=8, paths=None, symlink_install=False, test_result_base=None, verb_extension=<colcon_core.verb.build.BuildVerb object at 0x7faf9423d0>, verb_name='build', verb_parser=<colcon_defaults.argument_parser.defaults.DefaultArgumentsDecorator object at 0x7faf8944f0>)
[0.956s] Level 1:colcon.colcon_core.package_discovery:discover_packages(colcon_meta) check parameters
[0.956s] Level 1:colcon.colcon_core.package_discovery:discover_packages(recursive) check parameters
[0.956s] Level 1:colcon.colcon_core.package_discovery:discover_packages(ignore) check parameters
[0.956s] Level 1:colcon.colcon_core.package_discovery:discover_packages(path) check parameters
[0.957s] Level 1:colcon.colcon_core.package_discovery:discover_packages(colcon_meta) discover
[0.957s] Level 1:colcon.colcon_core.package_discovery:discover_packages(recursive) discover
[0.957s] INFO:colcon.colcon_core.package_discovery:Crawling recursively for packages in '/home/zkxt/Documents/TK30/20251104便携胸控程序/src'
[0.957s] Level 1:colcon.colcon_core.package_identification:_identify(.) by extensions ['ignore', 'ignore_ament_install']
[0.958s] Level 1:colcon.colcon_core.package_identification:_identify(.) by extension 'ignore'
[0.958s] Level 1:colcon.colcon_core.package_identification:_identify(.) by extension 'ignore_ament_install'
[0.958s] Level 1:colcon.colcon_core.package_identification:_identify(.) by extensions ['colcon_pkg']
[0.958s] Level 1:colcon.colcon_core.package_identification:_identify(.) by extension 'colcon_pkg'
[0.959s] Level 1:colcon.colcon_core.package_identification:_identify(.) by extensions ['colcon_meta']
[0.959s] Level 1:colcon.colcon_core.package_identification:_identify(.) by extension 'colcon_meta'
[0.959s] Level 1:colcon.colcon_core.package_identification:_identify(.) by extensions ['ros']
[0.959s] Level 1:colcon.colcon_core.package_identification:_identify(.) by extension 'ros'
[1.004s] Level 1:colcon.colcon_core.package_identification:_identify(.) by extensions ['cmake', 'python']
[1.004s] Level 1:colcon.colcon_core.package_identification:_identify(.) by extension 'cmake'
[1.004s] Level 1:colcon.colcon_core.package_identification:_identify(.) by extension 'python'
[1.005s] Level 1:colcon.colcon_core.package_identification:_identify(.) by extensions ['python_setup_py']
[1.005s] Level 1:colcon.colcon_core.package_identification:_identify(.) by extension 'python_setup_py'
[1.005s] Level 1:colcon.colcon_core.package_identification:_identify(ar_display) by extensions ['ignore', 'ignore_ament_install']
[1.005s] Level 1:colcon.colcon_core.package_identification:_identify(ar_display) by extension 'ignore'
[1.005s] Level 1:colcon.colcon_core.package_identification:_identify(ar_display) by extension 'ignore_ament_install'
[1.006s] Level 1:colcon.colcon_core.package_identification:_identify(ar_display) by extensions ['colcon_pkg']
[1.006s] Level 1:colcon.colcon_core.package_identification:_identify(ar_display) by extension 'colcon_pkg'
[1.006s] Level 1:colcon.colcon_core.package_identification:_identify(ar_display) by extensions ['colcon_meta']
[1.006s] Level 1:colcon.colcon_core.package_identification:_identify(ar_display) by extension 'colcon_meta'
[1.006s] Level 1:colcon.colcon_core.package_identification:_identify(ar_display) by extensions ['ros']
[1.006s] Level 1:colcon.colcon_core.package_identification:_identify(ar_display) by extension 'ros'
[1.015s] DEBUG:colcon.colcon_core.package_identification:Package 'ar_display' with type 'ros.ament_cmake' and name 'ar_display'
[1.015s] Level 1:colcon.colcon_core.package_identification:_identify(build) by extensions ['ignore', 'ignore_ament_install']
[1.016s] Level 1:colcon.colcon_core.package_identification:_identify(build) by extension 'ignore'
[1.016s] Level 1:colcon.colcon_core.package_identification:_identify(build) ignored
[1.016s] Level 1:colcon.colcon_core.package_identification:_identify(button_simulator) by extensions ['ignore', 'ignore_ament_install']
[1.016s] Level 1:colcon.colcon_core.package_identification:_identify(button_simulator) by extension 'ignore'
[1.016s] Level 1:colcon.colcon_core.package_identification:_identify(button_simulator) by extension 'ignore_ament_install'
[1.016s] Level 1:colcon.colcon_core.package_identification:_identify(button_simulator) by extensions ['colcon_pkg']
[1.017s] Level 1:colcon.colcon_core.package_identification:_identify(button_simulator) by extension 'colcon_pkg'
[1.017s] Level 1:colcon.colcon_core.package_identification:_identify(button_simulator) by extensions ['colcon_meta']
[1.017s] Level 1:colcon.colcon_core.package_identification:_identify(button_simulator) by extension 'colcon_meta'
[1.017s] Level 1:colcon.colcon_core.package_identification:_identify(button_simulator) by extensions ['ros']
[1.017s] Level 1:colcon.colcon_core.package_identification:_identify(button_simulator) by extension 'ros'
[1.019s] DEBUG:colcon.colcon_core.package_identification:Package 'button_simulator' with type 'ros.ament_cmake' and name 'button_simulator'
[1.020s] Level 1:colcon.colcon_core.package_identification:_identify(chest_interfaces) by extensions ['ignore', 'ignore_ament_install']
[1.020s] Level 1:colcon.colcon_core.package_identification:_identify(chest_interfaces) by extension 'ignore'
[1.020s] Level 1:colcon.colcon_core.package_identification:_identify(chest_interfaces) by extension 'ignore_ament_install'
[1.020s] Level 1:colcon.colcon_core.package_identification:_identify(chest_interfaces) by extensions ['colcon_pkg']
[1.020s] Level 1:colcon.colcon_core.package_identification:_identify(chest_interfaces) by extension 'colcon_pkg'
[1.020s] Level 1:colcon.colcon_core.package_identification:_identify(chest_interfaces) by extensions ['colcon_meta']
[1.020s] Level 1:colcon.colcon_core.package_identification:_identify(chest_interfaces) by extension 'colcon_meta'
[1.021s] Level 1:colcon.colcon_core.package_identification:_identify(chest_interfaces) by extensions ['ros']
[1.021s] Level 1:colcon.colcon_core.package_identification:_identify(chest_interfaces) by extension 'ros'
[1.023s] DEBUG:colcon.colcon_core.package_identification:Package 'chest_interfaces' with type 'ros.ament_cmake' and name 'chest_interfaces'
[1.023s] Level 1:colcon.colcon_core.package_identification:_identify(communication) by extensions ['ignore', 'ignore_ament_install']
[1.023s] Level 1:colcon.colcon_core.package_identification:_identify(communication) by extension 'ignore'
[1.024s] Level 1:colcon.colcon_core.package_identification:_identify(communication) by extension 'ignore_ament_install'
[1.024s] Level 1:colcon.colcon_core.package_identification:_identify(communication) by extensions ['colcon_pkg']
[1.024s] Level 1:colcon.colcon_core.package_identification:_identify(communication) by extension 'colcon_pkg'
[1.024s] Level 1:colcon.colcon_core.package_identification:_identify(communication) by extensions ['colcon_meta']
[1.024s] Level 1:colcon.colcon_core.package_identification:_identify(communication) by extension 'colcon_meta'
[1.024s] Level 1:colcon.colcon_core.package_identification:_identify(communication) by extensions ['ros']
[1.024s] Level 1:colcon.colcon_core.package_identification:_identify(communication) by extension 'ros'
[1.027s] DEBUG:colcon.colcon_core.package_identification:Package 'communication' with type 'ros.ament_cmake' and name 'communication'
[1.027s] Level 1:colcon.colcon_core.package_identification:_identify(controller_display) by extensions ['ignore', 'ignore_ament_install']
[1.027s] Level 1:colcon.colcon_core.package_identification:_identify(controller_display) by extension 'ignore'
[1.027s] Level 1:colcon.colcon_core.package_identification:_identify(controller_display) by extension 'ignore_ament_install'
[1.027s] Level 1:colcon.colcon_core.package_identification:_identify(controller_display) by extensions ['colcon_pkg']
[1.027s] Level 1:colcon.colcon_core.package_identification:_identify(controller_display) by extension 'colcon_pkg'
[1.028s] Level 1:colcon.colcon_core.package_identification:_identify(controller_display) by extensions ['colcon_meta']
[1.028s] Level 1:colcon.colcon_core.package_identification:_identify(controller_display) by extension 'colcon_meta'
[1.028s] Level 1:colcon.colcon_core.package_identification:_identify(controller_display) by extensions ['ros']
[1.028s] Level 1:colcon.colcon_core.package_identification:_identify(controller_display) by extension 'ros'
[1.030s] DEBUG:colcon.colcon_core.package_identification:Package 'controller_display' with type 'ros.ament_cmake' and name 'controller_display'
[1.031s] Level 1:colcon.colcon_core.package_identification:_identify(head_tracking) by extensions ['ignore', 'ignore_ament_install']
[1.031s] Level 1:colcon.colcon_core.package_identification:_identify(head_tracking) by extension 'ignore'
[1.031s] Level 1:colcon.colcon_core.package_identification:_identify(head_tracking) by extension 'ignore_ament_install'
[1.031s] Level 1:colcon.colcon_core.package_identification:_identify(head_tracking) by extensions ['colcon_pkg']
[1.031s] Level 1:colcon.colcon_core.package_identification:_identify(head_tracking) by extension 'colcon_pkg'
[1.031s] Level 1:colcon.colcon_core.package_identification:_identify(head_tracking) by extensions ['colcon_meta']
[1.031s] Level 1:colcon.colcon_core.package_identification:_identify(head_tracking) by extension 'colcon_meta'
[1.032s] Level 1:colcon.colcon_core.package_identification:_identify(head_tracking) by extensions ['ros']
[1.032s] Level 1:colcon.colcon_core.package_identification:_identify(head_tracking) by extension 'ros'
[1.034s] DEBUG:colcon.colcon_core.package_identification:Package 'head_tracking' with type 'ros.ament_cmake' and name 'head_tracking'
[1.034s] Level 1:colcon.colcon_core.package_identification:_identify(install) by extensions ['ignore', 'ignore_ament_install']
[1.035s] Level 1:colcon.colcon_core.package_identification:_identify(install) by extension 'ignore'
[1.035s] Level 1:colcon.colcon_core.package_identification:_identify(install) ignored
[1.035s] Level 1:colcon.colcon_core.package_identification:_identify(launch) by extensions ['ignore', 'ignore_ament_install']
[1.035s] Level 1:colcon.colcon_core.package_identification:_identify(launch) by extension 'ignore'
[1.035s] Level 1:colcon.colcon_core.package_identification:_identify(launch) by extension 'ignore_ament_install'
[1.035s] Level 1:colcon.colcon_core.package_identification:_identify(launch) by extensions ['colcon_pkg']
[1.036s] Level 1:colcon.colcon_core.package_identification:_identify(launch) by extension 'colcon_pkg'
[1.036s] Level 1:colcon.colcon_core.package_identification:_identify(launch) by extensions ['colcon_meta']
[1.036s] Level 1:colcon.colcon_core.package_identification:_identify(launch) by extension 'colcon_meta'
[1.036s] Level 1:colcon.colcon_core.package_identification:_identify(launch) by extensions ['ros']
[1.036s] Level 1:colcon.colcon_core.package_identification:_identify(launch) by extension 'ros'
[1.036s] Level 1:colcon.colcon_core.package_identification:_identify(launch) by extensions ['cmake', 'python']
[1.036s] Level 1:colcon.colcon_core.package_identification:_identify(launch) by extension 'cmake'
[1.036s] Level 1:colcon.colcon_core.package_identification:_identify(launch) by extension 'python'
[1.036s] Level 1:colcon.colcon_core.package_identification:_identify(launch) by extensions ['python_setup_py']
[1.037s] Level 1:colcon.colcon_core.package_identification:_identify(launch) by extension 'python_setup_py'
[1.037s] Level 1:colcon.colcon_core.package_identification:_identify(log) by extensions ['ignore', 'ignore_ament_install']
[1.037s] Level 1:colcon.colcon_core.package_identification:_identify(log) by extension 'ignore'
[1.037s] Level 1:colcon.colcon_core.package_identification:_identify(log) ignored
[1.037s] Level 1:colcon.colcon_core.package_identification:_identify(video_source_loader) by extensions ['ignore', 'ignore_ament_install']
[1.038s] Level 1:colcon.colcon_core.package_identification:_identify(video_source_loader) by extension 'ignore'
[1.038s] Level 1:colcon.colcon_core.package_identification:_identify(video_source_loader) by extension 'ignore_ament_install'
[1.038s] Level 1:colcon.colcon_core.package_identification:_identify(video_source_loader) by extensions ['colcon_pkg']
[1.038s] Level 1:colcon.colcon_core.package_identification:_identify(video_source_loader) by extension 'colcon_pkg'
[1.038s] Level 1:colcon.colcon_core.package_identification:_identify(video_source_loader) by extensions ['colcon_meta']
[1.038s] Level 1:colcon.colcon_core.package_identification:_identify(video_source_loader) by extension 'colcon_meta'
[1.038s] Level 1:colcon.colcon_core.package_identification:_identify(video_source_loader) by extensions ['ros']
[1.038s] Level 1:colcon.colcon_core.package_identification:_identify(video_source_loader) by extension 'ros'
[1.041s] DEBUG:colcon.colcon_core.package_identification:Package 'video_source_loader' with type 'ros.ament_cmake' and name 'video_source_loader'
[1.041s] Level 1:colcon.colcon_core.package_identification:_identify(voice_processing) by extensions ['ignore', 'ignore_ament_install']
[1.041s] Level 1:colcon.colcon_core.package_identification:_identify(voice_processing) by extension 'ignore'
[1.042s] Level 1:colcon.colcon_core.package_identification:_identify(voice_processing) by extension 'ignore_ament_install'
[1.042s] Level 1:colcon.colcon_core.package_identification:_identify(voice_processing) by extensions ['colcon_pkg']
[1.042s] Level 1:colcon.colcon_core.package_identification:_identify(voice_processing) by extension 'colcon_pkg'
[1.042s] Level 1:colcon.colcon_core.package_identification:_identify(voice_processing) by extensions ['colcon_meta']
[1.042s] Level 1:colcon.colcon_core.package_identification:_identify(voice_processing) by extension 'colcon_meta'
[1.042s] Level 1:colcon.colcon_core.package_identification:_identify(voice_processing) by extensions ['ros']
[1.042s] Level 1:colcon.colcon_core.package_identification:_identify(voice_processing) by extension 'ros'
[1.045s] DEBUG:colcon.colcon_core.package_identification:Package 'voice_processing' with type 'ros.ament_cmake' and name 'voice_processing'
[1.045s] Level 1:colcon.colcon_core.package_identification:_identify(web_monitor) by extensions ['ignore', 'ignore_ament_install']
[1.045s] Level 1:colcon.colcon_core.package_identification:_identify(web_monitor) by extension 'ignore'
[1.045s] Level 1:colcon.colcon_core.package_identification:_identify(web_monitor) by extension 'ignore_ament_install'
[1.045s] Level 1:colcon.colcon_core.package_identification:_identify(web_monitor) by extensions ['colcon_pkg']
[1.045s] Level 1:colcon.colcon_core.package_identification:_identify(web_monitor) by extension 'colcon_pkg'
[1.045s] Level 1:colcon.colcon_core.package_identification:_identify(web_monitor) by extensions ['colcon_meta']
[1.045s] Level 1:colcon.colcon_core.package_identification:_identify(web_monitor) by extension 'colcon_meta'
[1.046s] Level 1:colcon.colcon_core.package_identification:_identify(web_monitor) by extensions ['ros']
[1.046s] Level 1:colcon.colcon_core.package_identification:_identify(web_monitor) by extension 'ros'
[1.047s] DEBUG:colcon.colcon_core.package_identification:Package 'web_monitor' with type 'ros.ament_python' and name 'web_monitor'
[1.047s] Level 1:colcon.colcon_core.package_discovery:discover_packages(recursive) using defaults
[1.047s] Level 1:colcon.colcon_core.package_discovery:discover_packages(ignore) discover
[1.047s] Level 1:colcon.colcon_core.package_discovery:discover_packages(ignore) using defaults
[1.048s] Level 1:colcon.colcon_core.package_discovery:discover_packages(path) discover
[1.048s] Level 1:colcon.colcon_core.package_discovery:discover_packages(path) using defaults
[1.101s] INFO:colcon.colcon_core.package_selection:Skipping not selected package 'ar_display' in 'ar_display'
[1.101s] INFO:colcon.colcon_core.package_selection:Skipping not selected package 'button_simulator' in 'button_simulator'
[1.101s] INFO:colcon.colcon_core.package_selection:Skipping not selected package 'communication' in 'communication'
[1.101s] INFO:colcon.colcon_core.package_selection:Skipping not selected package 'controller_display' in 'controller_display'
[1.101s] INFO:colcon.colcon_core.package_selection:Skipping not selected package 'head_tracking' in 'head_tracking'
[1.101s] INFO:colcon.colcon_core.package_selection:Skipping not selected package 'video_source_loader' in 'video_source_loader'
[1.101s] INFO:colcon.colcon_core.package_selection:Skipping not selected package 'voice_processing' in 'voice_processing'
[1.102s] INFO:colcon.colcon_core.package_selection:Skipping not selected package 'web_monitor' in 'web_monitor'
[1.103s] Level 1:colcon.colcon_core.package_discovery:discover_packages(prefix_path) check parameters
[1.103s] Level 1:colcon.colcon_core.package_discovery:discover_packages(prefix_path) discover
[1.106s] Level 1:colcon.colcon_core.package_discovery:discover_packages(prefix_path) using defaults
[1.109s] Level 5:colcon.colcon_core.verb:set package 'chest_interfaces' build argument 'cmake_args' from command line to 'None'
[1.109s] Level 5:colcon.colcon_core.verb:set package 'chest_interfaces' build argument 'cmake_target' from command line to 'None'
[1.109s] Level 5:colcon.colcon_core.verb:set package 'chest_interfaces' build argument 'cmake_target_skip_unavailable' from command line to 'False'
[1.110s] Level 5:colcon.colcon_core.verb:set package 'chest_interfaces' build argument 'cmake_clean_cache' from command line to 'False'
[1.110s] Level 5:colcon.colcon_core.verb:set package 'chest_interfaces' build argument 'cmake_clean_first' from command line to 'False'
[1.110s] Level 5:colcon.colcon_core.verb:set package 'chest_interfaces' build argument 'cmake_force_configure' from command line to 'False'
[1.110s] Level 5:colcon.colcon_core.verb:set package 'chest_interfaces' build argument 'ament_cmake_args' from command line to 'None'
[1.110s] Level 5:colcon.colcon_core.verb:set package 'chest_interfaces' build argument 'catkin_cmake_args' from command line to 'None'
[1.110s] Level 5:colcon.colcon_core.verb:set package 'chest_interfaces' build argument 'catkin_skip_building_tests' from command line to 'False'
[1.110s] DEBUG:colcon.colcon_core.verb:Building package 'chest_interfaces' with the following arguments: {'ament_cmake_args': None, 'build_base': '/home/zkxt/Documents/TK30/20251104便携胸控程序/src/build/chest_interfaces', 'catkin_cmake_args': None, 'catkin_skip_building_tests': False, 'cmake_args': None, 'cmake_clean_cache': False, 'cmake_clean_first': False, 'cmake_force_configure': False, 'cmake_target': None, 'cmake_target_skip_unavailable': False, 'install_base': '/home/zkxt/Documents/TK30/20251104便携胸控程序/src/install/chest_interfaces', 'merge_install': False, 'path': '/home/zkxt/Documents/TK30/20251104便携胸控程序/src/chest_interfaces', 'symlink_install': False, 'test_result_base': None}
[1.110s] INFO:colcon.colcon_core.executor:Executing jobs using 'parallel' executor
[1.112s] DEBUG:colcon.colcon_parallel_executor.executor.parallel:run_until_complete
[1.114s] INFO:colcon.colcon_ros.task.ament_cmake.build:Building ROS package in '/home/zkxt/Documents/TK30/20251104便携胸控程序/src/chest_interfaces' with build type 'ament_cmake'
[1.114s] INFO:colcon.colcon_cmake.task.cmake.build:Building CMake package in '/home/zkxt/Documents/TK30/20251104便携胸控程序/src/chest_interfaces'
[1.121s] INFO:colcon.colcon_core.plugin_system:Skipping extension 'colcon_core.shell.bat': Not used on non-Windows systems
[1.121s] INFO:colcon.colcon_core.shell:Skip shell extension 'powershell' for command environment: Not usable outside of PowerShell
[1.121s] DEBUG:colcon.colcon_core.shell:Skip shell extension 'dsv' for command environment
[1.146s] DEBUG:colcon.colcon_core.event_handler.log_command:Invoking command in '/home/zkxt/Documents/TK30/20251104便携胸控程序/src/build/chest_interfaces': CONDA_PROMPT_MODIFIER=(rknn) /usr/bin/cmake /home/zkxt/Documents/TK30/20251104便携胸控程序/src/chest_interfaces -DCMAKE_INSTALL_PREFIX=/home/zkxt/Documents/TK30/20251104便携胸控程序/src/install/chest_interfaces
[3.319s] DEBUG:colcon.colcon_core.event_handler.log_command:Invoked command in '/home/zkxt/Documents/TK30/20251104便携胸控程序/src/build/chest_interfaces' returned '1': CONDA_PROMPT_MODIFIER=(rknn) /usr/bin/cmake /home/zkxt/Documents/TK30/20251104便携胸控程序/src/chest_interfaces -DCMAKE_INSTALL_PREFIX=/home/zkxt/Documents/TK30/20251104便携胸控程序/src/install/chest_interfaces
[3.354s] Level 1:colcon.colcon_core.environment:create_environment_scripts_only(chest_interfaces)
[3.368s] Level 1:colcon.colcon_core.environment:checking '/home/zkxt/Documents/TK30/20251104便携胸控程序/src/install/chest_interfaces' for CMake module files
[3.371s] Level 1:colcon.colcon_core.environment:checking '/home/zkxt/Documents/TK30/20251104便携胸控程序/src/install/chest_interfaces' for CMake config files
[3.372s] Level 1:colcon.colcon_core.environment:checking '/home/zkxt/Documents/TK30/20251104便携胸控程序/src/install/chest_interfaces/bin'
[3.373s] Level 1:colcon.colcon_core.environment:checking '/home/zkxt/Documents/TK30/20251104便携胸控程序/src/install/chest_interfaces/lib/pkgconfig/chest_interfaces.pc'
[3.378s] Level 1:colcon.colcon_core.environment:checking '/home/zkxt/Documents/TK30/20251104便携胸控程序/src/install/chest_interfaces/lib/python3.8/site-packages'
[3.380s] Level 1:colcon.colcon_core.environment:checking '/home/zkxt/Documents/TK30/20251104便携胸控程序/src/install/chest_interfaces/bin'
[3.381s] INFO:colcon.colcon_core.shell:Creating package script '/home/zkxt/Documents/TK30/20251104便携胸控程序/src/install/chest_interfaces/share/chest_interfaces/package.ps1'
[3.386s] INFO:colcon.colcon_core.shell:Creating package descriptor '/home/zkxt/Documents/TK30/20251104便携胸控程序/src/install/chest_interfaces/share/chest_interfaces/package.dsv'
[3.389s] INFO:colcon.colcon_core.shell:Creating package script '/home/zkxt/Documents/TK30/20251104便携胸控程序/src/install/chest_interfaces/share/chest_interfaces/package.sh'
[3.392s] INFO:colcon.colcon_core.shell:Creating package script '/home/zkxt/Documents/TK30/20251104便携胸控程序/src/install/chest_interfaces/share/chest_interfaces/package.bash'
[3.397s] INFO:colcon.colcon_core.shell:Creating package script '/home/zkxt/Documents/TK30/20251104便携胸控程序/src/install/chest_interfaces/share/chest_interfaces/package.zsh'
[3.400s] Level 1:colcon.colcon_core.environment:create_file_with_runtime_dependencies(/home/zkxt/Documents/TK30/20251104便携胸控程序/src/install/chest_interfaces/share/colcon-core/packages/chest_interfaces)
[3.412s] DEBUG:colcon.colcon_parallel_executor.executor.parallel:closing loop
[3.412s] DEBUG:colcon.colcon_parallel_executor.executor.parallel:loop closed
[3.412s] DEBUG:colcon.colcon_parallel_executor.executor.parallel:run_until_complete finished with '1'
[3.412s] DEBUG:colcon.colcon_core.event_reactor:joining thread
[3.447s] INFO:colcon.colcon_core.plugin_system:Skipping extension 'colcon_notification.desktop_notification.terminal_notifier': Not used on non-Darwin systems
[3.447s] INFO:colcon.colcon_core.plugin_system:Skipping extension 'colcon_notification.desktop_notification.win32': Not used on non-Windows systems
[3.448s] INFO:colcon.colcon_notification.desktop_notification:Sending desktop notification using 'notify2'
[3.561s] DEBUG:colcon.colcon_core.event_reactor:joined thread
[3.562s] INFO:colcon.colcon_core.shell:Creating prefix script '/home/zkxt/Documents/TK30/20251104便携胸控程序/src/install/local_setup.ps1'
[3.565s] INFO:colcon.colcon_core.shell:Creating prefix util module '/home/zkxt/Documents/TK30/20251104便携胸控程序/src/install/_local_setup_util_ps1.py'
[3.569s] INFO:colcon.colcon_core.shell:Creating prefix chain script '/home/zkxt/Documents/TK30/20251104便携胸控程序/src/install/setup.ps1'
[3.572s] INFO:colcon.colcon_core.shell:Creating prefix script '/home/zkxt/Documents/TK30/20251104便携胸控程序/src/install/local_setup.sh'
[3.573s] INFO:colcon.colcon_core.shell:Creating prefix util module '/home/zkxt/Documents/TK30/20251104便携胸控程序/src/install/_local_setup_util_sh.py'
[3.575s] INFO:colcon.colcon_core.shell:Creating prefix chain script '/home/zkxt/Documents/TK30/20251104便携胸控程序/src/install/setup.sh'
[3.577s] INFO:colcon.colcon_core.shell:Creating prefix script '/home/zkxt/Documents/TK30/20251104便携胸控程序/src/install/local_setup.bash'
[3.579s] INFO:colcon.colcon_core.shell:Creating prefix chain script '/home/zkxt/Documents/TK30/20251104便携胸控程序/src/install/setup.bash'
[3.581s] INFO:colcon.colcon_core.shell:Creating prefix script '/home/zkxt/Documents/TK30/20251104便携胸控程序/src/install/local_setup.zsh'
[3.585s] INFO:colcon.colcon_core.shell:Creating prefix chain script '/home/zkxt/Documents/TK30/20251104便携胸控程序/src/install/setup.zsh'
