[35m[1mScanning dependencies of target button_simulator_node[0m
[ 50%] [32mBuilding CXX object CMakeFiles/button_simulator_node.dir/src/button_simulator_node.cpp.o[0m
[100%] [32m[1mLinking CXX executable button_simulator_node[0m
[100%] Built target button_simulator_node
-- Install configuration: ""
-- Installing: /home/zkxt/Documents/TK30/bianjiexiongkong/install/button_simulator/lib/button_simulator/button_simulator_node
-- Set runtime path of "/home/zkxt/Documents/TK30/bianjiexiongkong/install/button_simulator/lib/button_simulator/button_simulator_node" to ""
-- Installing: /home/zkxt/Documents/TK30/bianjiexiongkong/install/button_simulator/share/button_simulator/launch
-- Installing: /home/zkxt/Documents/TK30/bianjiexiongkong/install/button_simulator/share/button_simulator/launch/button_simulator.launch.py
-- Installing: /home/zkxt/Documents/TK30/bianjiexiongkong/install/button_simulator/share/ament_index/resource_index/package_run_dependencies/button_simulator
-- Installing: /home/zkxt/Documents/TK30/bianjiexiongkong/install/button_simulator/share/ament_index/resource_index/parent_prefix_path/button_simulator
-- Installing: /home/zkxt/Documents/TK30/bianjiexiongkong/install/button_simulator/share/button_simulator/environment/ament_prefix_path.sh
-- Installing: /home/zkxt/Documents/TK30/bianjiexiongkong/install/button_simulator/share/button_simulator/environment/ament_prefix_path.dsv
-- Installing: /home/zkxt/Documents/TK30/bianjiexiongkong/install/button_simulator/share/button_simulator/environment/path.sh
-- Installing: /home/zkxt/Documents/TK30/bianjiexiongkong/install/button_simulator/share/button_simulator/environment/path.dsv
-- Installing: /home/zkxt/Documents/TK30/bianjiexiongkong/install/button_simulator/share/button_simulator/local_setup.bash
-- Installing: /home/zkxt/Documents/TK30/bianjiexiongkong/install/button_simulator/share/button_simulator/local_setup.sh
-- Installing: /home/zkxt/Documents/TK30/bianjiexiongkong/install/button_simulator/share/button_simulator/local_setup.zsh
-- Installing: /home/zkxt/Documents/TK30/bianjiexiongkong/install/button_simulator/share/button_simulator/local_setup.dsv
-- Installing: /home/zkxt/Documents/TK30/bianjiexiongkong/install/button_simulator/share/button_simulator/package.dsv
-- Installing: /home/zkxt/Documents/TK30/bianjiexiongkong/install/button_simulator/share/ament_index/resource_index/packages/button_simulator
-- Installing: /home/zkxt/Documents/TK30/bianjiexiongkong/install/button_simulator/share/button_simulator/cmake/button_simulatorConfig.cmake
-- Installing: /home/zkxt/Documents/TK30/bianjiexiongkong/install/button_simulator/share/button_simulator/cmake/button_simulatorConfig-version.cmake
-- Installing: /home/zkxt/Documents/TK30/bianjiexiongkong/install/button_simulator/share/button_simulator/package.xml
