[0.056s] Invoking command in '/home/zkxt/Documents/TK30/bianjiexiongkong/build/button_simulator': CMAKE_PREFIX_PATH=/home/zkxt/Documents/TK30/bianjiexiongkong/install/chest_interfaces:/home/zkxt/Documents/TK30/bianjiexiongkong/install/communication:/home/zkxt/Documents/TK30/bianjiexiongkong/install/ar_display:/home/zkxt/Documents/TK30/bianjiexiongkong/install/web_monitor:/opt/ros/foxy PYTHONPATH=/home/zkxt/Documents/TK30/bianjiexiongkong/install/chest_interfaces/lib/python3.8/site-packages:/home/zkxt/Documents/TK30/bianjiexiongkong/install/web_monitor/lib/python3.8/site-packages:/opt/ros/foxy/lib/python3.8/site-packages /usr/bin/cmake --build /home/zkxt/Documents/TK30/bianjiexiongkong/build/button_simulator -- -j8 -l8
[0.307s] [35m[1mScanning dependencies of target button_simulator_node[0m
[0.608s] [ 50%] [32mBuilding CXX object CMakeFiles/button_simulator_node.dir/src/button_simulator_node.cpp.o[0m
[7.418s] [100%] [32m[1mLinking CXX executable button_simulator_node[0m
[8.591s] [100%] Built target button_simulator_node
[8.633s] Invoked command in '/home/zkxt/Documents/TK30/bianjiexiongkong/build/button_simulator' returned '0': CMAKE_PREFIX_PATH=/home/zkxt/Documents/TK30/bianjiexiongkong/install/chest_interfaces:/home/zkxt/Documents/TK30/bianjiexiongkong/install/communication:/home/zkxt/Documents/TK30/bianjiexiongkong/install/ar_display:/home/zkxt/Documents/TK30/bianjiexiongkong/install/web_monitor:/opt/ros/foxy PYTHONPATH=/home/zkxt/Documents/TK30/bianjiexiongkong/install/chest_interfaces/lib/python3.8/site-packages:/home/zkxt/Documents/TK30/bianjiexiongkong/install/web_monitor/lib/python3.8/site-packages:/opt/ros/foxy/lib/python3.8/site-packages /usr/bin/cmake --build /home/zkxt/Documents/TK30/bianjiexiongkong/build/button_simulator -- -j8 -l8
[8.668s] Invoking command in '/home/zkxt/Documents/TK30/bianjiexiongkong/build/button_simulator': CMAKE_PREFIX_PATH=/home/zkxt/Documents/TK30/bianjiexiongkong/install/chest_interfaces:/home/zkxt/Documents/TK30/bianjiexiongkong/install/communication:/home/zkxt/Documents/TK30/bianjiexiongkong/install/ar_display:/home/zkxt/Documents/TK30/bianjiexiongkong/install/web_monitor:/opt/ros/foxy PYTHONPATH=/home/zkxt/Documents/TK30/bianjiexiongkong/install/chest_interfaces/lib/python3.8/site-packages:/home/zkxt/Documents/TK30/bianjiexiongkong/install/web_monitor/lib/python3.8/site-packages:/opt/ros/foxy/lib/python3.8/site-packages /usr/bin/cmake --install /home/zkxt/Documents/TK30/bianjiexiongkong/build/button_simulator
[8.702s] -- Install configuration: ""
[8.703s] -- Installing: /home/zkxt/Documents/TK30/bianjiexiongkong/install/button_simulator/lib/button_simulator/button_simulator_node
[8.705s] -- Set runtime path of "/home/zkxt/Documents/TK30/bianjiexiongkong/install/button_simulator/lib/button_simulator/button_simulator_node" to ""
[8.705s] -- Installing: /home/zkxt/Documents/TK30/bianjiexiongkong/install/button_simulator/share/button_simulator/launch
[8.706s] -- Installing: /home/zkxt/Documents/TK30/bianjiexiongkong/install/button_simulator/share/button_simulator/launch/button_simulator.launch.py
[8.706s] -- Installing: /home/zkxt/Documents/TK30/bianjiexiongkong/install/button_simulator/share/ament_index/resource_index/package_run_dependencies/button_simulator
[8.706s] -- Installing: /home/zkxt/Documents/TK30/bianjiexiongkong/install/button_simulator/share/ament_index/resource_index/parent_prefix_path/button_simulator
[8.706s] -- Installing: /home/zkxt/Documents/TK30/bianjiexiongkong/install/button_simulator/share/button_simulator/environment/ament_prefix_path.sh
[8.707s] -- Installing: /home/zkxt/Documents/TK30/bianjiexiongkong/install/button_simulator/share/button_simulator/environment/ament_prefix_path.dsv
[8.707s] -- Installing: /home/zkxt/Documents/TK30/bianjiexiongkong/install/button_simulator/share/button_simulator/environment/path.sh
[8.713s] -- Installing: /home/zkxt/Documents/TK30/bianjiexiongkong/install/button_simulator/share/button_simulator/environment/path.dsv
[8.714s] -- Installing: /home/zkxt/Documents/TK30/bianjiexiongkong/install/button_simulator/share/button_simulator/local_setup.bash
[8.714s] -- Installing: /home/zkxt/Documents/TK30/bianjiexiongkong/install/button_simulator/share/button_simulator/local_setup.sh
[8.715s] -- Installing: /home/zkxt/Documents/TK30/bianjiexiongkong/install/button_simulator/share/button_simulator/local_setup.zsh
[8.716s] -- Installing: /home/zkxt/Documents/TK30/bianjiexiongkong/install/button_simulator/share/button_simulator/local_setup.dsv
[8.716s] -- Installing: /home/zkxt/Documents/TK30/bianjiexiongkong/install/button_simulator/share/button_simulator/package.dsv
[8.717s] -- Installing: /home/zkxt/Documents/TK30/bianjiexiongkong/install/button_simulator/share/ament_index/resource_index/packages/button_simulator
[8.717s] -- Installing: /home/zkxt/Documents/TK30/bianjiexiongkong/install/button_simulator/share/button_simulator/cmake/button_simulatorConfig.cmake
[8.718s] -- Installing: /home/zkxt/Documents/TK30/bianjiexiongkong/install/button_simulator/share/button_simulator/cmake/button_simulatorConfig-version.cmake
[8.719s] -- Installing: /home/zkxt/Documents/TK30/bianjiexiongkong/install/button_simulator/share/button_simulator/package.xml
[8.723s] Invoked command in '/home/zkxt/Documents/TK30/bianjiexiongkong/build/button_simulator' returned '0': CMAKE_PREFIX_PATH=/home/zkxt/Documents/TK30/bianjiexiongkong/install/chest_interfaces:/home/zkxt/Documents/TK30/bianjiexiongkong/install/communication:/home/zkxt/Documents/TK30/bianjiexiongkong/install/ar_display:/home/zkxt/Documents/TK30/bianjiexiongkong/install/web_monitor:/opt/ros/foxy PYTHONPATH=/home/zkxt/Documents/TK30/bianjiexiongkong/install/chest_interfaces/lib/python3.8/site-packages:/home/zkxt/Documents/TK30/bianjiexiongkong/install/web_monitor/lib/python3.8/site-packages:/opt/ros/foxy/lib/python3.8/site-packages /usr/bin/cmake --install /home/zkxt/Documents/TK30/bianjiexiongkong/build/button_simulator
