-- The C compiler identification is GNU 9.4.0
-- The CXX compiler identification is GNU 9.4.0
-- Check for working C compiler: /usr/bin/cc
-- Check for working C compiler: /usr/bin/cc -- works
-- Detecting C compiler ABI info
-- Detecting C compiler ABI info - done
-- Detecting C compile features
-- Detecting C compile features - done
-- Check for working CXX compiler: /usr/bin/c++
-- Check for working CXX compiler: /usr/bin/c++ -- works
-- Detecting CXX compiler ABI info
-- Detecting CXX compiler ABI info - done
-- Detecting CXX compile features
-- Detecting CXX compile features - done
-- Found ament_cmake: 0.9.12 (/opt/ros/foxy/share/ament_cmake/cmake)
-- Found PythonInterp: /usr/bin/python3 (found suitable version "3.8.10", minimum required is "3") 
-- Using PYTHON_EXECUTABLE: /usr/bin/python3
-- Found rclcpp: 2.4.3 (/opt/ros/foxy/share/rclcpp/cmake)
-- Using all available rosidl_typesupport_c: rosidl_typesupport_fastrtps_c;rosidl_typesupport_introspection_c
-- Found rosidl_adapter: 1.3.1 (/opt/ros/foxy/share/rosidl_adapter/cmake)
-- Found OpenSSL: /usr/lib/aarch64-linux-gnu/libcrypto.so (found version "1.1.1f")  
-- Found FastRTPS: /opt/ros/foxy/include  
-- Using all available rosidl_typesupport_cpp: rosidl_typesupport_fastrtps_cpp;rosidl_typesupport_introspection_cpp
-- Found rmw_implementation_cmake: 1.0.4 (/opt/ros/foxy/share/rmw_implementation_cmake/cmake)
-- Using RMW implementation 'rmw_fastrtps_cpp' as default
-- Looking for pthread.h
-- Looking for pthread.h - found
-- Performing Test CMAKE_HAVE_LIBC_PTHREAD
-- Performing Test CMAKE_HAVE_LIBC_PTHREAD - Failed
-- Looking for pthread_create in pthreads
-- Looking for pthread_create in pthreads - not found
-- Looking for pthread_create in pthread
-- Looking for pthread_create in pthread - found
-- Found Threads: TRUE  
-- Found chest_interfaces: 0.0.1 (/home/zkxt/Documents/TK30/bianjiexiongkong/install/chest_interfaces/share/chest_interfaces/cmake)
-- Configuring done
-- Generating done
-- Build files have been written to: /home/zkxt/Documents/TK30/bianjiexiongkong/build/communication
[35m[1mScanning dependencies of target protocol_parser[0m
[ 25%] [32mBuilding CXX object CMakeFiles/protocol_parser.dir/src/protocol_parser.cpp.o[0m
[01m[K/home/zkxt/Documents/TK30/bianjiexiongkong/src/communication/src/protocol_parser.cpp:[m[K In member function ‘[01m[Kbool communication::ProtocolParser::parseVehicleState(const std::vector<unsigned char, std::allocator<unsigned char> >&)[m[K’:
[01m[K/home/zkxt/Documents/TK30/bianjiexiongkong/src/communication/src/protocol_parser.cpp:63:13:[m[K [01;35m[Kwarning: [m[Kunused variable ‘[01m[Kplatform_id[m[K’ [[01;35m[K-Wunused-variable[m[K]
   63 |     uint8_t [01;35m[Kplatform_id[m[K = data[8];
      |             [01;35m[K^~~~~~~~~~~[m[K
[01m[K/home/zkxt/Documents/TK30/bianjiexiongkong/src/communication/src/protocol_parser.cpp:[m[K In member function ‘[01m[Kbool communication::ProtocolParser::parseVoiceText(const std::vector<unsigned char, std::allocator<unsigned char> >&)[m[K’:
[01m[K/home/zkxt/Documents/TK30/bianjiexiongkong/src/communication/src/protocol_parser.cpp:188:21:[m[K [01;35m[Kwarning: [m[Kcomparison of integer expressions of different signedness: ‘[01m[Kstd::vector<unsigned char, std::allocator<unsigned char> >::size_type[m[K’ {aka ‘[01m[Klong unsigned int[m[K’} and ‘[01m[Kint[m[K’ [[01;35m[K-Wsign-compare[m[K]
  188 |     if ([01;35m[Kdata.size() != 8 + length[m[K) {
      |         [01;35m[K~~~~~~~~~~~~^~~~~~~~~~~~~[m[K
[ 50%] [32m[1mLinking CXX static library libprotocol_parser.a[0m
[ 50%] Built target protocol_parser
[35m[1mScanning dependencies of target communication_node[0m
[ 75%] [32mBuilding CXX object CMakeFiles/communication_node.dir/src/communication_node.cpp.o[0m
[100%] [32m[1mLinking CXX executable communication_node[0m
[100%] Built target communication_node
-- Install configuration: ""
-- Installing: /home/zkxt/Documents/TK30/bianjiexiongkong/install/communication/lib/communication/communication_node
-- Set runtime path of "/home/zkxt/Documents/TK30/bianjiexiongkong/install/communication/lib/communication/communication_node" to ""
-- Installing: /home/zkxt/Documents/TK30/bianjiexiongkong/install/communication/lib/communication/libprotocol_parser.a
-- Installing: /home/zkxt/Documents/TK30/bianjiexiongkong/install/communication/include
-- Installing: /home/zkxt/Documents/TK30/bianjiexiongkong/install/communication/include/communication
-- Installing: /home/zkxt/Documents/TK30/bianjiexiongkong/install/communication/include/communication/protocol_parser.hpp
-- Installing: /home/zkxt/Documents/TK30/bianjiexiongkong/install/communication/share/communication/launch
-- Installing: /home/zkxt/Documents/TK30/bianjiexiongkong/install/communication/share/communication/launch/communication.launch.py
-- Installing: /home/zkxt/Documents/TK30/bianjiexiongkong/install/communication/share/communication/config
-- Installing: /home/zkxt/Documents/TK30/bianjiexiongkong/install/communication/share/communication/config/communication_config.yaml
-- Installing: /home/zkxt/Documents/TK30/bianjiexiongkong/install/communication/share/ament_index/resource_index/package_run_dependencies/communication
-- Installing: /home/zkxt/Documents/TK30/bianjiexiongkong/install/communication/share/ament_index/resource_index/parent_prefix_path/communication
-- Installing: /home/zkxt/Documents/TK30/bianjiexiongkong/install/communication/share/communication/environment/ament_prefix_path.sh
-- Installing: /home/zkxt/Documents/TK30/bianjiexiongkong/install/communication/share/communication/environment/ament_prefix_path.dsv
-- Installing: /home/zkxt/Documents/TK30/bianjiexiongkong/install/communication/share/communication/environment/path.sh
-- Installing: /home/zkxt/Documents/TK30/bianjiexiongkong/install/communication/share/communication/environment/path.dsv
-- Installing: /home/zkxt/Documents/TK30/bianjiexiongkong/install/communication/share/communication/local_setup.bash
-- Installing: /home/zkxt/Documents/TK30/bianjiexiongkong/install/communication/share/communication/local_setup.sh
-- Installing: /home/zkxt/Documents/TK30/bianjiexiongkong/install/communication/share/communication/local_setup.zsh
-- Installing: /home/zkxt/Documents/TK30/bianjiexiongkong/install/communication/share/communication/local_setup.dsv
-- Installing: /home/zkxt/Documents/TK30/bianjiexiongkong/install/communication/share/communication/package.dsv
-- Installing: /home/zkxt/Documents/TK30/bianjiexiongkong/install/communication/share/ament_index/resource_index/packages/communication
-- Installing: /home/zkxt/Documents/TK30/bianjiexiongkong/install/communication/share/communication/cmake/communicationConfig.cmake
-- Installing: /home/zkxt/Documents/TK30/bianjiexiongkong/install/communication/share/communication/cmake/communicationConfig-version.cmake
-- Installing: /home/zkxt/Documents/TK30/bianjiexiongkong/install/communication/share/communication/package.xml
