[0.000000] (-) TimerEvent: {}
[0.001562] (-) JobUnselected: {'identifier': 'ar_display'}
[0.002150] (-) JobUnselected: {'identifier': 'button_simulator'}
[0.002347] (-) JobUnselected: {'identifier': 'chest_interfaces'}
[0.002785] (-) JobUnselected: {'identifier': 'communication'}
[0.002947] (-) JobUnselected: {'identifier': 'controller_display'}
[0.003099] (-) JobUnselected: {'identifier': 'head_tracking'}
[0.003537] (-) JobUnselected: {'identifier': 'video_source_loader'}
[0.003711] (-) JobUnselected: {'identifier': 'web_monitor'}
[0.003883] (voice_processing) JobQueued: {'identifier': 'voice_processing', 'dependencies': OrderedDict([('chest_interfaces', '/home/zkxt/Documents/TK30/bianjiexiongkong/install/chest_interfaces')])}
[0.004079] (voice_processing) JobStarted: {'identifier': 'voice_processing'}
[0.031779] (voice_processing) JobProgress: {'identifier': 'voice_processing', 'progress': 'cmake'}
[0.034538] (voice_processing) JobProgress: {'identifier': 'voice_processing', 'progress': 'build'}
[0.034829] (voice_processing) Command: {'cmd': ['/usr/bin/cmake', '--build', '/home/zkxt/Documents/TK30/bianjiexiongkong/build/voice_processing', '--', '-j8', '-l8'], 'cwd': '/home/zkxt/Documents/TK30/bianjiexiongkong/build/voice_processing', 'env': OrderedDict([('GJS_DEBUG_TOPICS', 'JS ERROR;JS LOG'), ('PYTHON_BASIC_REPL', '1'), ('UMS_MOUNTPOINT', '/mnt/ums'), ('GST_V4L2_PREFERRED_FOURCC', 'NV12:YU12:NV16:YUY2'), ('LANGUAGE', 'zh_CN:en_AU:en_CA:en_GB:en_US:en'), ('USER', 'zkxt'), ('LC_TIME', 'zh_CN.UTF-8'), ('SSH_AGENT_PID', '922'), ('XDG_SESSION_TYPE', 'x11'), ('GIT_ASKPASS', '/usr/share/code/resources/app/extensions/git/dist/askpass.sh'), ('SHLVL', '1'), ('USB_FUNCS', 'adb'), ('LD_LIBRARY_PATH', '/home/zkxt/Documents/TK30/bianjiexiongkong/install/chest_interfaces/lib:/opt/ros/foxy/opt/yaml_cpp_vendor/lib:/opt/ros/foxy/lib/aarch64-linux-gnu:/opt/ros/foxy/lib'), ('HOME', '/home/zkxt'), ('CHROME_DESKTOP', 'code.desktop'), ('TERM_PROGRAM_VERSION', '1.106.1'), ('DESKTOP_SESSION', 'ubuntu'), ('GST_INSPECT_NO_COLORS', '1'), ('GIO_LAUNCHED_DESKTOP_FILE', '/usr/share/applications/code.desktop'), ('GST_MPP_NO_RGA', '1'), ('ROS_PYTHON_VERSION', '3'), ('COGL_DRIVER', 'gles2'), ('GNOME_SHELL_SESSION_MODE', 'ubuntu'), ('GTK_MODULES', 'gail:atk-bridge'), ('VSCODE_GIT_ASKPASS_MAIN', '/usr/share/code/resources/app/extensions/git/dist/askpass-main.js'), ('LC_MONETARY', 'zh_CN.UTF-8'), ('VSCODE_GIT_ASKPASS_NODE', '/usr/share/code/code'), ('MANAGERPID', '780'), ('PYDEVD_DISABLE_FILE_VALIDATION', '1'), ('BUNDLED_DEBUGPY_PATH', '/home/zkxt/.vscode/extensions/ms-python.debugpy-2025.16.0/bundled/libs/debugpy'), ('VSCODE_PYTHON_AUTOACTIVATE_GUARD', '1'), ('DBUS_SESSION_BUS_ADDRESS', 'unix:path=/run/user/1000/bus'), ('COLORTERM', 'truecolor'), ('QTWEBENGINE_CHROMIUM_FLAGS', '--no-sandbox --disable-es3-gl-context --ignore-gpu-blacklist --ignore-gpu-blocklist --enable-accelerated-video-decode'), ('GIO_LAUNCHED_DESKTOP_FILE_PID', '3922'), ('IM_CONFIG_PHASE', '1'), ('COLCON_PREFIX_PATH', '/home/zkxt/Documents/TK30/bianjiexiongkong/install'), ('GST_V4L2SRC_MAX_RESOLUTION', '3840x2160'), ('ROS_DISTRO', 'foxy'), ('LOGNAME', 'zkxt'), ('JOURNAL_STREAM', '8:42209'), ('_', '/usr/bin/colcon'), ('ROS_VERSION', '2'), ('XDG_SESSION_CLASS', 'user'), ('USERNAME', 'zkxt'), ('TERM', 'xterm-256color'), ('GST_GL_API', 'gles2'), ('GST_VIDEO_CONVERT_PREFERRED_FORMAT', 'NV12:NV16:I420:YUY2'), ('GNOME_DESKTOP_SESSION_ID', 'this-is-deprecated'), ('GST_V4L2SRC_RK_DEVICES', '_mainpath:_selfpath:_bypass:_scale'), ('ROS_LOCALHOST_ONLY', '0'), ('WINDOWPATH', '2'), ('PATH', '/opt/ros/foxy/bin:/home/zkxt/Downloads/yes/bin:/usr/local/sbin:/usr/local/bin:/usr/sbin:/usr/bin:/sbin:/bin:/usr/games:/usr/local/games:/snap/bin:/home/zkxt/.vscode/extensions/ms-python.debugpy-2025.16.0/bundled/scripts/noConfigScripts'), ('SESSION_MANAGER', 'local/ubuntu2004:@/tmp/.ICE-unix/979,unix/ubuntu2004:/tmp/.ICE-unix/979'), ('INVOCATION_ID', 'e0218547ac014b44a9be1d692878dfc9'), ('PAPERSIZE', 'a4'), ('XDG_MENU_PREFIX', 'gnome-'), ('LC_ADDRESS', 'zh_CN.UTF-8'), ('XDG_RUNTIME_DIR', '/run/user/1000'), ('GDK_BACKEND', 'x11'), ('GST_GL_PLATFORM', 'egl'), ('GST_DEBUG_NO_COLOR', '1'), ('GST_V4L2SRC_DEFAULT_DEVICE', '/dev/video-camera0'), ('DISPLAY', ':0.0'), ('VSCODE_DEBUGPY_ADAPTER_ENDPOINTS', '/home/zkxt/.vscode/extensions/ms-python.debugpy-2025.16.0/.noConfigDebugAdapterEndpoints/endpoint-621122f711823afe.txt'), ('LANG', 'zh_CN.UTF-8'), ('XDG_CURRENT_DESKTOP', 'Unity'), ('PYTHONSTARTUP', '/home/zkxt/.config/Code/User/workspaceStorage/29c200c1b92ad277d211b470a658a384/ms-python.python/pythonrc.py'), ('LC_TELEPHONE', 'zh_CN.UTF-8'), ('XMODIFIERS', '@im=ibus'), ('XDG_SESSION_DESKTOP', 'ubuntu'), ('XAUTHORITY', '/run/user/1000/gdm/Xauthority'), ('VSCODE_GIT_IPC_HANDLE', '/run/user/1000/vscode-git-34c5604001.sock'), ('TERM_PROGRAM', 'vscode'), ('GST_V4L2_USE_LIBV4L2', '1'), ('SSH_AUTH_SOCK', '/run/user/1000/keyring/ssh'), ('UMS_SIZE', '256M'), ('AMENT_PREFIX_PATH', '/home/zkxt/Documents/TK30/bianjiexiongkong/install/web_monitor:/home/zkxt/Documents/TK30/bianjiexiongkong/install/communication:/home/zkxt/Documents/TK30/bianjiexiongkong/install/button_simulator:/home/zkxt/Documents/TK30/bianjiexiongkong/install/ar_display:/home/zkxt/Documents/TK30/bianjiexiongkong/install/chest_interfaces:/opt/ros/foxy'), ('ORIGINAL_XDG_CURRENT_DESKTOP', 'ubuntu:GNOME'), ('SHELL', '/bin/bash'), ('LC_NAME', 'zh_CN.UTF-8'), ('QT_ACCESSIBILITY', '1'), ('UMS_RO', '0'), ('GDMSESSION', 'ubuntu'), ('UMS_FSTYPE', 'vfat'), ('LC_MEASUREMENT', 'zh_CN.UTF-8'), ('GPG_AGENT_INFO', '/run/user/1000/gnupg/S.gpg-agent:0:1'), ('GJS_DEBUG_OUTPUT', 'stderr'), ('LC_IDENTIFICATION', 'zh_CN.UTF-8'), ('VSCODE_GIT_ASKPASS_EXTRA_ARGS', ''), ('QT_IM_MODULE', 'ibus'), ('PWD', '/home/zkxt/Documents/TK30/bianjiexiongkong/build/voice_processing'), ('XDG_CONFIG_DIRS', '/etc/xdg/xdg-ubuntu:/etc/xdg'), ('XDG_DATA_DIRS', '/usr/share/ubuntu:/usr/local/share/:/usr/share/:/var/lib/snapd/desktop'), ('PYTHONPATH', '/home/zkxt/Documents/TK30/bianjiexiongkong/install/chest_interfaces/lib/python3.8/site-packages:/home/zkxt/Documents/TK30/bianjiexiongkong/install/web_monitor/lib/python3.8/site-packages:/opt/ros/foxy/lib/python3.8/site-packages'), ('LC_NUMERIC', 'zh_CN.UTF-8'), ('UMS_MOUNT', '0'), ('LC_PAPER', 'zh_CN.UTF-8'), ('COLCON', '1'), ('CMAKE_PREFIX_PATH', '/home/zkxt/Documents/TK30/bianjiexiongkong/install/chest_interfaces:/home/zkxt/Documents/TK30/bianjiexiongkong/install/communication:/home/zkxt/Documents/TK30/bianjiexiongkong/install/button_simulator:/home/zkxt/Documents/TK30/bianjiexiongkong/install/ar_display:/home/zkxt/Documents/TK30/bianjiexiongkong/install/web_monitor:/opt/ros/foxy'), ('UMS_FILE', '/userdata/ums_shared.img')]), 'shell': False}
[0.099411] (-) TimerEvent: {}
[0.200274] (-) TimerEvent: {}
[0.297254] (voice_processing) StdoutLine: {'line': b'\x1b[35m\x1b[1mScanning dependencies of target voice_processing_node\x1b[0m\n'}
[0.300420] (-) TimerEvent: {}
[0.401165] (-) TimerEvent: {}
[0.501927] (-) TimerEvent: {}
[0.524654] (voice_processing) StdoutLine: {'line': b'[ 33%] \x1b[32mBuilding CXX object CMakeFiles/voice_processing_node.dir/src/keyword_matcher.cpp.o\x1b[0m\n'}
[0.564119] (voice_processing) StdoutLine: {'line': b'[ 66%] \x1b[32mBuilding CXX object CMakeFiles/voice_processing_node.dir/src/voice_processing_node.cpp.o\x1b[0m\n'}
[0.602093] (-) TimerEvent: {}
[0.704175] (-) TimerEvent: {}
[0.804607] (-) TimerEvent: {}
[0.905041] (-) TimerEvent: {}
[1.005428] (-) TimerEvent: {}
[1.105964] (-) TimerEvent: {}
[1.206774] (-) TimerEvent: {}
[1.307565] (-) TimerEvent: {}
[1.410419] (-) TimerEvent: {}
[1.511251] (-) TimerEvent: {}
[1.612114] (-) TimerEvent: {}
[1.713022] (-) TimerEvent: {}
[1.813870] (-) TimerEvent: {}
[1.914696] (-) TimerEvent: {}
[2.015452] (-) TimerEvent: {}
[2.115864] (-) TimerEvent: {}
[2.216283] (-) TimerEvent: {}
[2.316698] (-) TimerEvent: {}
[2.417103] (-) TimerEvent: {}
[2.517505] (-) TimerEvent: {}
[2.617928] (-) TimerEvent: {}
[2.718338] (-) TimerEvent: {}
[2.818758] (-) TimerEvent: {}
[2.919227] (-) TimerEvent: {}
[3.019791] (-) TimerEvent: {}
[3.120639] (-) TimerEvent: {}
[3.221459] (-) TimerEvent: {}
[3.322263] (-) TimerEvent: {}
[3.423070] (-) TimerEvent: {}
[3.523900] (-) TimerEvent: {}
[3.624708] (-) TimerEvent: {}
[3.725689] (-) TimerEvent: {}
[3.826573] (-) TimerEvent: {}
[3.927412] (-) TimerEvent: {}
[4.028240] (-) TimerEvent: {}
[4.129060] (-) TimerEvent: {}
[4.229898] (-) TimerEvent: {}
[4.330865] (-) TimerEvent: {}
[4.432464] (-) TimerEvent: {}
[4.533310] (-) TimerEvent: {}
[4.634147] (-) TimerEvent: {}
[4.734965] (-) TimerEvent: {}
[4.835845] (-) TimerEvent: {}
[4.936677] (-) TimerEvent: {}
[5.037475] (-) TimerEvent: {}
[5.137896] (-) TimerEvent: {}
[5.238323] (-) TimerEvent: {}
[5.338747] (-) TimerEvent: {}
[5.439172] (-) TimerEvent: {}
[5.539589] (-) TimerEvent: {}
[5.640010] (-) TimerEvent: {}
[5.740438] (-) TimerEvent: {}
[5.840859] (-) TimerEvent: {}
[5.941269] (-) TimerEvent: {}
[6.041675] (-) TimerEvent: {}
[6.142079] (-) TimerEvent: {}
[6.242498] (-) TimerEvent: {}
[6.342897] (-) TimerEvent: {}
[6.443298] (-) TimerEvent: {}
[6.543703] (-) TimerEvent: {}
[6.644114] (-) TimerEvent: {}
[6.744510] (-) TimerEvent: {}
[6.845000] (-) TimerEvent: {}
[6.945844] (-) TimerEvent: {}
[7.046695] (-) TimerEvent: {}
[7.147520] (-) TimerEvent: {}
[7.248267] (-) TimerEvent: {}
[7.348805] (-) TimerEvent: {}
[7.449749] (-) TimerEvent: {}
[7.550173] (-) TimerEvent: {}
[7.650588] (-) TimerEvent: {}
[7.751005] (-) TimerEvent: {}
[7.851503] (-) TimerEvent: {}
[7.952318] (-) TimerEvent: {}
[8.053213] (-) TimerEvent: {}
[8.154077] (-) TimerEvent: {}
[8.254950] (-) TimerEvent: {}
[8.355795] (-) TimerEvent: {}
[8.456637] (-) TimerEvent: {}
[8.557485] (-) TimerEvent: {}
[8.658385] (-) TimerEvent: {}
[8.759219] (-) TimerEvent: {}
[8.860020] (-) TimerEvent: {}
[8.960822] (-) TimerEvent: {}
[9.061717] (-) TimerEvent: {}
[9.162657] (-) TimerEvent: {}
[9.263484] (-) TimerEvent: {}
[9.364414] (-) TimerEvent: {}
[9.465267] (-) TimerEvent: {}
[9.566689] (-) TimerEvent: {}
[9.667256] (-) TimerEvent: {}
[9.767652] (-) TimerEvent: {}
[9.868049] (-) TimerEvent: {}
[9.968443] (-) TimerEvent: {}
[10.069089] (-) TimerEvent: {}
[10.169594] (-) TimerEvent: {}
[10.270052] (-) TimerEvent: {}
[10.370602] (-) TimerEvent: {}
[10.471548] (-) TimerEvent: {}
[10.572418] (-) TimerEvent: {}
[10.673213] (-) TimerEvent: {}
[10.774005] (-) TimerEvent: {}
[10.874807] (-) TimerEvent: {}
[10.975629] (-) TimerEvent: {}
[11.076427] (-) TimerEvent: {}
[11.177221] (-) TimerEvent: {}
[11.278009] (-) TimerEvent: {}
[11.378860] (-) TimerEvent: {}
[11.479668] (-) TimerEvent: {}
[11.580468] (-) TimerEvent: {}
[11.681255] (-) TimerEvent: {}
[11.782082] (-) TimerEvent: {}
[11.883014] (-) TimerEvent: {}
[11.983856] (-) TimerEvent: {}
[12.084653] (-) TimerEvent: {}
[12.185440] (-) TimerEvent: {}
[12.286293] (-) TimerEvent: {}
[12.387384] (-) TimerEvent: {}
[12.488251] (-) TimerEvent: {}
[12.589137] (-) TimerEvent: {}
[12.689962] (-) TimerEvent: {}
[12.790764] (-) TimerEvent: {}
[12.891549] (-) TimerEvent: {}
[12.992360] (-) TimerEvent: {}
[13.093156] (-) TimerEvent: {}
[13.193938] (-) TimerEvent: {}
[13.294344] (-) TimerEvent: {}
[13.394733] (-) TimerEvent: {}
[13.495129] (-) TimerEvent: {}
[13.595525] (-) TimerEvent: {}
[13.695950] (-) TimerEvent: {}
[13.796349] (-) TimerEvent: {}
[13.896750] (-) TimerEvent: {}
[13.997149] (-) TimerEvent: {}
[14.097549] (-) TimerEvent: {}
[14.197945] (-) TimerEvent: {}
[14.298355] (-) TimerEvent: {}
[14.398764] (-) TimerEvent: {}
[14.499215] (-) TimerEvent: {}
[14.599657] (-) TimerEvent: {}
[14.700053] (-) TimerEvent: {}
[14.800448] (-) TimerEvent: {}
[14.900843] (-) TimerEvent: {}
[15.001280] (-) TimerEvent: {}
[15.101672] (-) TimerEvent: {}
[15.202059] (-) TimerEvent: {}
[15.302524] (-) TimerEvent: {}
[15.402938] (-) TimerEvent: {}
[15.503382] (-) TimerEvent: {}
[15.603801] (-) TimerEvent: {}
[15.704236] (-) TimerEvent: {}
[15.805208] (-) TimerEvent: {}
[15.869111] (voice_processing) StdoutLine: {'line': b'[100%] \x1b[32m\x1b[1mLinking CXX executable voice_processing_node\x1b[0m\n'}
[15.905263] (-) TimerEvent: {}
[16.006104] (-) TimerEvent: {}
[16.107011] (-) TimerEvent: {}
[16.207954] (-) TimerEvent: {}
[16.309004] (-) TimerEvent: {}
[16.409946] (-) TimerEvent: {}
[16.510820] (-) TimerEvent: {}
[16.611777] (-) TimerEvent: {}
[16.712735] (-) TimerEvent: {}
[16.813562] (-) TimerEvent: {}
[16.914465] (-) TimerEvent: {}
[17.015344] (-) TimerEvent: {}
[17.116343] (-) TimerEvent: {}
[17.217384] (-) TimerEvent: {}
[17.318483] (-) TimerEvent: {}
[17.419789] (-) TimerEvent: {}
[17.520725] (-) TimerEvent: {}
[17.621706] (-) TimerEvent: {}
[17.722547] (-) TimerEvent: {}
[17.823383] (-) TimerEvent: {}
[17.924192] (-) TimerEvent: {}
[18.025010] (-) TimerEvent: {}
[18.058151] (voice_processing) StdoutLine: {'line': b'[100%] Built target voice_processing_node\n'}
[18.083303] (voice_processing) CommandEnded: {'returncode': 0}
[18.086441] (voice_processing) JobProgress: {'identifier': 'voice_processing', 'progress': 'install'}
[18.110256] (voice_processing) Command: {'cmd': ['/usr/bin/cmake', '--install', '/home/zkxt/Documents/TK30/bianjiexiongkong/build/voice_processing'], 'cwd': '/home/zkxt/Documents/TK30/bianjiexiongkong/build/voice_processing', 'env': OrderedDict([('GJS_DEBUG_TOPICS', 'JS ERROR;JS LOG'), ('PYTHON_BASIC_REPL', '1'), ('UMS_MOUNTPOINT', '/mnt/ums'), ('GST_V4L2_PREFERRED_FOURCC', 'NV12:YU12:NV16:YUY2'), ('LANGUAGE', 'zh_CN:en_AU:en_CA:en_GB:en_US:en'), ('USER', 'zkxt'), ('LC_TIME', 'zh_CN.UTF-8'), ('SSH_AGENT_PID', '922'), ('XDG_SESSION_TYPE', 'x11'), ('GIT_ASKPASS', '/usr/share/code/resources/app/extensions/git/dist/askpass.sh'), ('SHLVL', '1'), ('USB_FUNCS', 'adb'), ('LD_LIBRARY_PATH', '/home/zkxt/Documents/TK30/bianjiexiongkong/install/chest_interfaces/lib:/opt/ros/foxy/opt/yaml_cpp_vendor/lib:/opt/ros/foxy/lib/aarch64-linux-gnu:/opt/ros/foxy/lib'), ('HOME', '/home/zkxt'), ('CHROME_DESKTOP', 'code.desktop'), ('TERM_PROGRAM_VERSION', '1.106.1'), ('DESKTOP_SESSION', 'ubuntu'), ('GST_INSPECT_NO_COLORS', '1'), ('GIO_LAUNCHED_DESKTOP_FILE', '/usr/share/applications/code.desktop'), ('GST_MPP_NO_RGA', '1'), ('ROS_PYTHON_VERSION', '3'), ('COGL_DRIVER', 'gles2'), ('GNOME_SHELL_SESSION_MODE', 'ubuntu'), ('GTK_MODULES', 'gail:atk-bridge'), ('VSCODE_GIT_ASKPASS_MAIN', '/usr/share/code/resources/app/extensions/git/dist/askpass-main.js'), ('LC_MONETARY', 'zh_CN.UTF-8'), ('VSCODE_GIT_ASKPASS_NODE', '/usr/share/code/code'), ('MANAGERPID', '780'), ('PYDEVD_DISABLE_FILE_VALIDATION', '1'), ('BUNDLED_DEBUGPY_PATH', '/home/zkxt/.vscode/extensions/ms-python.debugpy-2025.16.0/bundled/libs/debugpy'), ('VSCODE_PYTHON_AUTOACTIVATE_GUARD', '1'), ('DBUS_SESSION_BUS_ADDRESS', 'unix:path=/run/user/1000/bus'), ('COLORTERM', 'truecolor'), ('QTWEBENGINE_CHROMIUM_FLAGS', '--no-sandbox --disable-es3-gl-context --ignore-gpu-blacklist --ignore-gpu-blocklist --enable-accelerated-video-decode'), ('GIO_LAUNCHED_DESKTOP_FILE_PID', '3922'), ('IM_CONFIG_PHASE', '1'), ('COLCON_PREFIX_PATH', '/home/zkxt/Documents/TK30/bianjiexiongkong/install'), ('GST_V4L2SRC_MAX_RESOLUTION', '3840x2160'), ('ROS_DISTRO', 'foxy'), ('LOGNAME', 'zkxt'), ('JOURNAL_STREAM', '8:42209'), ('_', '/usr/bin/colcon'), ('ROS_VERSION', '2'), ('XDG_SESSION_CLASS', 'user'), ('USERNAME', 'zkxt'), ('TERM', 'xterm-256color'), ('GST_GL_API', 'gles2'), ('GST_VIDEO_CONVERT_PREFERRED_FORMAT', 'NV12:NV16:I420:YUY2'), ('GNOME_DESKTOP_SESSION_ID', 'this-is-deprecated'), ('GST_V4L2SRC_RK_DEVICES', '_mainpath:_selfpath:_bypass:_scale'), ('ROS_LOCALHOST_ONLY', '0'), ('WINDOWPATH', '2'), ('PATH', '/opt/ros/foxy/bin:/home/zkxt/Downloads/yes/bin:/usr/local/sbin:/usr/local/bin:/usr/sbin:/usr/bin:/sbin:/bin:/usr/games:/usr/local/games:/snap/bin:/home/zkxt/.vscode/extensions/ms-python.debugpy-2025.16.0/bundled/scripts/noConfigScripts'), ('SESSION_MANAGER', 'local/ubuntu2004:@/tmp/.ICE-unix/979,unix/ubuntu2004:/tmp/.ICE-unix/979'), ('INVOCATION_ID', 'e0218547ac014b44a9be1d692878dfc9'), ('PAPERSIZE', 'a4'), ('XDG_MENU_PREFIX', 'gnome-'), ('LC_ADDRESS', 'zh_CN.UTF-8'), ('XDG_RUNTIME_DIR', '/run/user/1000'), ('GDK_BACKEND', 'x11'), ('GST_GL_PLATFORM', 'egl'), ('GST_DEBUG_NO_COLOR', '1'), ('GST_V4L2SRC_DEFAULT_DEVICE', '/dev/video-camera0'), ('DISPLAY', ':0.0'), ('VSCODE_DEBUGPY_ADAPTER_ENDPOINTS', '/home/zkxt/.vscode/extensions/ms-python.debugpy-2025.16.0/.noConfigDebugAdapterEndpoints/endpoint-621122f711823afe.txt'), ('LANG', 'zh_CN.UTF-8'), ('XDG_CURRENT_DESKTOP', 'Unity'), ('PYTHONSTARTUP', '/home/zkxt/.config/Code/User/workspaceStorage/29c200c1b92ad277d211b470a658a384/ms-python.python/pythonrc.py'), ('LC_TELEPHONE', 'zh_CN.UTF-8'), ('XMODIFIERS', '@im=ibus'), ('XDG_SESSION_DESKTOP', 'ubuntu'), ('XAUTHORITY', '/run/user/1000/gdm/Xauthority'), ('VSCODE_GIT_IPC_HANDLE', '/run/user/1000/vscode-git-34c5604001.sock'), ('TERM_PROGRAM', 'vscode'), ('GST_V4L2_USE_LIBV4L2', '1'), ('SSH_AUTH_SOCK', '/run/user/1000/keyring/ssh'), ('UMS_SIZE', '256M'), ('AMENT_PREFIX_PATH', '/home/zkxt/Documents/TK30/bianjiexiongkong/install/web_monitor:/home/zkxt/Documents/TK30/bianjiexiongkong/install/communication:/home/zkxt/Documents/TK30/bianjiexiongkong/install/button_simulator:/home/zkxt/Documents/TK30/bianjiexiongkong/install/ar_display:/home/zkxt/Documents/TK30/bianjiexiongkong/install/chest_interfaces:/opt/ros/foxy'), ('ORIGINAL_XDG_CURRENT_DESKTOP', 'ubuntu:GNOME'), ('SHELL', '/bin/bash'), ('LC_NAME', 'zh_CN.UTF-8'), ('QT_ACCESSIBILITY', '1'), ('UMS_RO', '0'), ('GDMSESSION', 'ubuntu'), ('UMS_FSTYPE', 'vfat'), ('LC_MEASUREMENT', 'zh_CN.UTF-8'), ('GPG_AGENT_INFO', '/run/user/1000/gnupg/S.gpg-agent:0:1'), ('GJS_DEBUG_OUTPUT', 'stderr'), ('LC_IDENTIFICATION', 'zh_CN.UTF-8'), ('VSCODE_GIT_ASKPASS_EXTRA_ARGS', ''), ('QT_IM_MODULE', 'ibus'), ('PWD', '/home/zkxt/Documents/TK30/bianjiexiongkong/build/voice_processing'), ('XDG_CONFIG_DIRS', '/etc/xdg/xdg-ubuntu:/etc/xdg'), ('XDG_DATA_DIRS', '/usr/share/ubuntu:/usr/local/share/:/usr/share/:/var/lib/snapd/desktop'), ('PYTHONPATH', '/home/zkxt/Documents/TK30/bianjiexiongkong/install/chest_interfaces/lib/python3.8/site-packages:/home/zkxt/Documents/TK30/bianjiexiongkong/install/web_monitor/lib/python3.8/site-packages:/opt/ros/foxy/lib/python3.8/site-packages'), ('LC_NUMERIC', 'zh_CN.UTF-8'), ('UMS_MOUNT', '0'), ('LC_PAPER', 'zh_CN.UTF-8'), ('COLCON', '1'), ('CMAKE_PREFIX_PATH', '/home/zkxt/Documents/TK30/bianjiexiongkong/install/chest_interfaces:/home/zkxt/Documents/TK30/bianjiexiongkong/install/communication:/home/zkxt/Documents/TK30/bianjiexiongkong/install/button_simulator:/home/zkxt/Documents/TK30/bianjiexiongkong/install/ar_display:/home/zkxt/Documents/TK30/bianjiexiongkong/install/web_monitor:/opt/ros/foxy'), ('UMS_FILE', '/userdata/ums_shared.img')]), 'shell': False}
[18.125190] (-) TimerEvent: {}
[18.125893] (voice_processing) StdoutLine: {'line': b'-- Install configuration: ""\n'}
[18.126543] (voice_processing) StdoutLine: {'line': b'-- Installing: /home/zkxt/Documents/TK30/bianjiexiongkong/install/voice_processing/lib/voice_processing/voice_processing_node\n'}
[18.131463] (voice_processing) StdoutLine: {'line': b'-- Set runtime path of "/home/zkxt/Documents/TK30/bianjiexiongkong/install/voice_processing/lib/voice_processing/voice_processing_node" to ""\n'}
[18.134056] (voice_processing) StdoutLine: {'line': b'-- Installing: /home/zkxt/Documents/TK30/bianjiexiongkong/install/voice_processing/include\n'}
[18.135018] (voice_processing) StdoutLine: {'line': b'-- Installing: /home/zkxt/Documents/TK30/bianjiexiongkong/install/voice_processing/include/voice_processing\n'}
[18.135779] (voice_processing) StdoutLine: {'line': b'-- Installing: /home/zkxt/Documents/TK30/bianjiexiongkong/install/voice_processing/include/voice_processing/keyword_matcher.hpp\n'}
[18.136502] (voice_processing) StdoutLine: {'line': b'-- Installing: /home/zkxt/Documents/TK30/bianjiexiongkong/install/voice_processing/share/voice_processing/environment/library_path.sh\n'}
[18.137138] (voice_processing) StdoutLine: {'line': b'-- Installing: /home/zkxt/Documents/TK30/bianjiexiongkong/install/voice_processing/share/voice_processing/environment/library_path.dsv\n'}
[18.137715] (voice_processing) StdoutLine: {'line': b'-- Installing: /home/zkxt/Documents/TK30/bianjiexiongkong/install/voice_processing/share/voice_processing/launch\n'}
[18.138259] (voice_processing) StdoutLine: {'line': b'-- Installing: /home/zkxt/Documents/TK30/bianjiexiongkong/install/voice_processing/share/voice_processing/launch/voice_processing.launch.py\n'}
[18.138812] (voice_processing) StdoutLine: {'line': b'-- Installing: /home/zkxt/Documents/TK30/bianjiexiongkong/install/voice_processing/share/ament_index/resource_index/package_run_dependencies/voice_processing\n'}
[18.140060] (voice_processing) StdoutLine: {'line': b'-- Installing: /home/zkxt/Documents/TK30/bianjiexiongkong/install/voice_processing/share/ament_index/resource_index/parent_prefix_path/voice_processing\n'}
[18.141588] (voice_processing) StdoutLine: {'line': b'-- Installing: /home/zkxt/Documents/TK30/bianjiexiongkong/install/voice_processing/share/voice_processing/environment/ament_prefix_path.sh\n'}
[18.141889] (voice_processing) StdoutLine: {'line': b'-- Installing: /home/zkxt/Documents/TK30/bianjiexiongkong/install/voice_processing/share/voice_processing/environment/ament_prefix_path.dsv\n'}
[18.142096] (voice_processing) StdoutLine: {'line': b'-- Installing: /home/zkxt/Documents/TK30/bianjiexiongkong/install/voice_processing/share/voice_processing/environment/path.sh\n'}
[18.142393] (voice_processing) StdoutLine: {'line': b'-- Installing: /home/zkxt/Documents/TK30/bianjiexiongkong/install/voice_processing/share/voice_processing/environment/path.dsv\n'}
[18.142534] (voice_processing) StdoutLine: {'line': b'-- Installing: /home/zkxt/Documents/TK30/bianjiexiongkong/install/voice_processing/share/voice_processing/local_setup.bash\n'}
[18.142636] (voice_processing) StdoutLine: {'line': b'-- Installing: /home/zkxt/Documents/TK30/bianjiexiongkong/install/voice_processing/share/voice_processing/local_setup.sh\n'}
[18.142738] (voice_processing) StdoutLine: {'line': b'-- Installing: /home/zkxt/Documents/TK30/bianjiexiongkong/install/voice_processing/share/voice_processing/local_setup.zsh\n'}
[18.143036] (voice_processing) StdoutLine: {'line': b'-- Installing: /home/zkxt/Documents/TK30/bianjiexiongkong/install/voice_processing/share/voice_processing/local_setup.dsv\n'}
[18.143195] (voice_processing) StdoutLine: {'line': b'-- Installing: /home/zkxt/Documents/TK30/bianjiexiongkong/install/voice_processing/share/voice_processing/package.dsv\n'}
[18.143448] (voice_processing) StdoutLine: {'line': b'-- Installing: /home/zkxt/Documents/TK30/bianjiexiongkong/install/voice_processing/share/ament_index/resource_index/packages/voice_processing\n'}
[18.143553] (voice_processing) StdoutLine: {'line': b'-- Installing: /home/zkxt/Documents/TK30/bianjiexiongkong/install/voice_processing/share/voice_processing/cmake/ament_cmake_export_dependencies-extras.cmake\n'}
[18.143651] (voice_processing) StdoutLine: {'line': b'-- Installing: /home/zkxt/Documents/TK30/bianjiexiongkong/install/voice_processing/share/voice_processing/cmake/ament_cmake_export_include_directories-extras.cmake\n'}
[18.143912] (voice_processing) StdoutLine: {'line': b'-- Installing: /home/zkxt/Documents/TK30/bianjiexiongkong/install/voice_processing/share/voice_processing/cmake/ament_cmake_export_libraries-extras.cmake\n'}
[18.144125] (voice_processing) StdoutLine: {'line': b'-- Installing: /home/zkxt/Documents/TK30/bianjiexiongkong/install/voice_processing/share/voice_processing/cmake/voice_processingConfig.cmake\n'}
[18.144274] (voice_processing) StdoutLine: {'line': b'-- Installing: /home/zkxt/Documents/TK30/bianjiexiongkong/install/voice_processing/share/voice_processing/cmake/voice_processingConfig-version.cmake\n'}
[18.144374] (voice_processing) StdoutLine: {'line': b'-- Installing: /home/zkxt/Documents/TK30/bianjiexiongkong/install/voice_processing/share/voice_processing/package.xml\n'}
[18.144790] (voice_processing) CommandEnded: {'returncode': 0}
[18.226567] (-) TimerEvent: {}
[18.241054] (voice_processing) JobEnded: {'identifier': 'voice_processing', 'rc': 0}
[18.244831] (-) EventReactorShutdown: {}
