/home/zkxt/Documents/TK30/bianjiexiongkong/install/web_monitor/lib/python3.8/site-packages/web_monitor/__init__.py
/home/zkxt/Documents/TK30/bianjiexiongkong/install/web_monitor/lib/python3.8/site-packages/web_monitor/web_monitor_node.py
/home/zkxt/Documents/TK30/bianjiexiongkong/install/web_monitor/lib/python3.8/site-packages/web_monitor/static/index.html
/home/zkxt/Documents/TK30/bianjiexiongkong/install/web_monitor/lib/python3.8/site-packages/web_monitor/static/js/app.js
/home/zkxt/Documents/TK30/bianjiexiongkong/install/web_monitor/lib/python3.8/site-packages/web_monitor/static/css/style.css
/home/zkxt/Documents/TK30/bianjiexiongkong/install/web_monitor/lib/python3.8/site-packages/web_monitor/__pycache__/__init__.cpython-38.pyc
/home/zkxt/Documents/TK30/bianjiexiongkong/install/web_monitor/lib/python3.8/site-packages/web_monitor/__pycache__/web_monitor_node.cpython-38.pyc
/home/zkxt/Documents/TK30/bianjiexiongkong/install/web_monitor/share/ament_index/resource_index/packages/web_monitor
/home/zkxt/Documents/TK30/bianjiexiongkong/install/web_monitor/share/web_monitor/package.xml
/home/zkxt/Documents/TK30/bianjiexiongkong/install/web_monitor/share/web_monitor/launch/web_monitor.launch.py
/home/zkxt/Documents/TK30/bianjiexiongkong/install/web_monitor/share/web_monitor/scripts/setup_wsl2_network.sh
/home/zkxt/Documents/TK30/bianjiexiongkong/install/web_monitor/share/web_monitor/scripts/start_web_monitor.sh
/home/zkxt/Documents/TK30/bianjiexiongkong/install/web_monitor/share/web_monitor/tools/setup_wsl2_port_forward.bat
/home/zkxt/Documents/TK30/bianjiexiongkong/install/web_monitor/share/web_monitor/tools/setup_wsl2_port_forward.ps1
/home/zkxt/Documents/TK30/bianjiexiongkong/install/web_monitor/share/web_monitor/docs/WSL2_配置说明.md
/home/zkxt/Documents/TK30/bianjiexiongkong/install/web_monitor/share/web_monitor/docs/Windows配置说明.md
/home/zkxt/Documents/TK30/bianjiexiongkong/install/web_monitor/lib/python3.8/site-packages/web_monitor-0.0.0-py3.8.egg-info/requires.txt
/home/zkxt/Documents/TK30/bianjiexiongkong/install/web_monitor/lib/python3.8/site-packages/web_monitor-0.0.0-py3.8.egg-info/PKG-INFO
/home/zkxt/Documents/TK30/bianjiexiongkong/install/web_monitor/lib/python3.8/site-packages/web_monitor-0.0.0-py3.8.egg-info/entry_points.txt
/home/zkxt/Documents/TK30/bianjiexiongkong/install/web_monitor/lib/python3.8/site-packages/web_monitor-0.0.0-py3.8.egg-info/dependency_links.txt
/home/zkxt/Documents/TK30/bianjiexiongkong/install/web_monitor/lib/python3.8/site-packages/web_monitor-0.0.0-py3.8.egg-info/SOURCES.txt
/home/zkxt/Documents/TK30/bianjiexiongkong/install/web_monitor/lib/python3.8/site-packages/web_monitor-0.0.0-py3.8.egg-info/top_level.txt
/home/zkxt/Documents/TK30/bianjiexiongkong/install/web_monitor/lib/python3.8/site-packages/web_monitor-0.0.0-py3.8.egg-info/zip-safe
/home/zkxt/Documents/TK30/bianjiexiongkong/install/web_monitor/lib/web_monitor/web_monitor_node
