[1.270s] Invoking command in '/home/zkxt/Documents/TK30/bianjiexiongkong/src/web_monitor': CMAKE_PREFIX_PATH=/home/zkxt/Documents/TK30/bianjiexiongkong/install/chest_interfaces:/home/zkxt/Documents/TK30/bianjiexiongkong/install/voice_processing:/home/zkxt/Documents/TK30/bianjiexiongkong/install/video_source_loader:/home/zkxt/Documents/TK30/bianjiexiongkong/install/head_tracking:/home/zkxt/Documents/TK30/bianjiexiongkong/install/controller_display:/home/zkxt/Documents/TK30/bianjiexiongkong/install/communication:/home/zkxt/Documents/TK30/bianjiexiongkong/install/button_simulator:/home/zkxt/Documents/TK30/bianjiexiongkong/install/ar_display LD_LIBRARY_PATH=/home/zkxt/Documents/TK30/bianjiexiongkong/install/chest_interfaces/lib:/home/zkxt/Documents/TK30/bianjiexiongkong/install/voice_processing/lib:/home/zkxt/Documents/TK30/bianjiexiongkong/install/head_tracking/lib:/home/zkxt/Documents/TK30/bianjiexiongkong/install/controller_display/lib:/opt/ros/foxy/opt/yaml_cpp_vendor/lib:/opt/ros/foxy/lib/aarch64-linux-gnu:/opt/ros/foxy/lib PYTHONPATH=/home/zkxt/Documents/TK30/bianjiexiongkong/build/web_monitor/prefix_override:/usr/lib/python3/dist-packages/colcon_core/task/python/colcon_distutils_commands:/home/zkxt/Documents/TK30/bianjiexiongkong/install/web_monitor/lib/python3.8/site-packages:/home/zkxt/Documents/TK30/bianjiexiongkong/install/chest_interfaces/lib/python3.8/site-packages:/home/zkxt/Documents/TK30/bianjiexiongkong/install/web_monitor/lib/python3.8/site-packages:/home/zkxt/Documents/TK30/bianjiexiongkong/install/chest_interfaces/lib/python3.12/site-packages:/opt/ros/foxy/lib/python3.8/site-packages /usr/bin/python3 -W ignore:setup.py install is deprecated -W ignore:easy_install command is deprecated setup.py egg_info --egg-base ../../build/web_monitor build --build-base /home/zkxt/Documents/TK30/bianjiexiongkong/build/web_monitor/build install --record /home/zkxt/Documents/TK30/bianjiexiongkong/build/web_monitor/install.log --single-version-externally-managed install_data
[1.635s] running egg_info
[1.640s] creating ../../build/web_monitor/web_monitor.egg-info
[1.640s] writing ../../build/web_monitor/web_monitor.egg-info/PKG-INFO
[1.641s] writing dependency_links to ../../build/web_monitor/web_monitor.egg-info/dependency_links.txt
[1.641s] writing entry points to ../../build/web_monitor/web_monitor.egg-info/entry_points.txt
[1.642s] writing requirements to ../../build/web_monitor/web_monitor.egg-info/requires.txt
[1.643s] writing top-level names to ../../build/web_monitor/web_monitor.egg-info/top_level.txt
[1.643s] writing manifest file '../../build/web_monitor/web_monitor.egg-info/SOURCES.txt'
[1.699s] reading manifest file '../../build/web_monitor/web_monitor.egg-info/SOURCES.txt'
[1.700s] writing manifest file '../../build/web_monitor/web_monitor.egg-info/SOURCES.txt'
[1.701s] running build
[1.702s] running build_py
[1.702s] creating /home/zkxt/Documents/TK30/bianjiexiongkong/build/web_monitor/build
[1.703s] creating /home/zkxt/Documents/TK30/bianjiexiongkong/build/web_monitor/build/lib
[1.703s] creating /home/zkxt/Documents/TK30/bianjiexiongkong/build/web_monitor/build/lib/web_monitor
[1.704s] copying web_monitor/__init__.py -> /home/zkxt/Documents/TK30/bianjiexiongkong/build/web_monitor/build/lib/web_monitor
[1.705s] copying web_monitor/web_monitor_node.py -> /home/zkxt/Documents/TK30/bianjiexiongkong/build/web_monitor/build/lib/web_monitor
[1.705s] creating /home/zkxt/Documents/TK30/bianjiexiongkong/build/web_monitor/build/lib/web_monitor/static
[1.706s] copying web_monitor/static/index.html -> /home/zkxt/Documents/TK30/bianjiexiongkong/build/web_monitor/build/lib/web_monitor/static
[1.706s] creating /home/zkxt/Documents/TK30/bianjiexiongkong/build/web_monitor/build/lib/web_monitor/static/js
[1.707s] copying web_monitor/static/js/app.js -> /home/zkxt/Documents/TK30/bianjiexiongkong/build/web_monitor/build/lib/web_monitor/static/js
[1.707s] creating /home/zkxt/Documents/TK30/bianjiexiongkong/build/web_monitor/build/lib/web_monitor/static/css
[1.708s] copying web_monitor/static/css/style.css -> /home/zkxt/Documents/TK30/bianjiexiongkong/build/web_monitor/build/lib/web_monitor/static/css
[1.709s] running install
[1.710s] running install_lib
[1.712s] creating /home/zkxt/Documents/TK30/bianjiexiongkong/install/web_monitor/lib/python3.8/site-packages/web_monitor
[1.713s] copying /home/zkxt/Documents/TK30/bianjiexiongkong/build/web_monitor/build/lib/web_monitor/__init__.py -> /home/zkxt/Documents/TK30/bianjiexiongkong/install/web_monitor/lib/python3.8/site-packages/web_monitor
[1.713s] copying /home/zkxt/Documents/TK30/bianjiexiongkong/build/web_monitor/build/lib/web_monitor/web_monitor_node.py -> /home/zkxt/Documents/TK30/bianjiexiongkong/install/web_monitor/lib/python3.8/site-packages/web_monitor
[1.715s] creating /home/zkxt/Documents/TK30/bianjiexiongkong/install/web_monitor/lib/python3.8/site-packages/web_monitor/static
[1.716s] creating /home/zkxt/Documents/TK30/bianjiexiongkong/install/web_monitor/lib/python3.8/site-packages/web_monitor/static/js
[1.716s] copying /home/zkxt/Documents/TK30/bianjiexiongkong/build/web_monitor/build/lib/web_monitor/static/js/app.js -> /home/zkxt/Documents/TK30/bianjiexiongkong/install/web_monitor/lib/python3.8/site-packages/web_monitor/static/js
[1.717s] creating /home/zkxt/Documents/TK30/bianjiexiongkong/install/web_monitor/lib/python3.8/site-packages/web_monitor/static/css
[1.718s] copying /home/zkxt/Documents/TK30/bianjiexiongkong/build/web_monitor/build/lib/web_monitor/static/css/style.css -> /home/zkxt/Documents/TK30/bianjiexiongkong/install/web_monitor/lib/python3.8/site-packages/web_monitor/static/css
[1.718s] copying /home/zkxt/Documents/TK30/bianjiexiongkong/build/web_monitor/build/lib/web_monitor/static/index.html -> /home/zkxt/Documents/TK30/bianjiexiongkong/install/web_monitor/lib/python3.8/site-packages/web_monitor/static
[1.719s] byte-compiling /home/zkxt/Documents/TK30/bianjiexiongkong/install/web_monitor/lib/python3.8/site-packages/web_monitor/__init__.py to __init__.cpython-38.pyc
[1.719s] byte-compiling /home/zkxt/Documents/TK30/bianjiexiongkong/install/web_monitor/lib/python3.8/site-packages/web_monitor/web_monitor_node.py to web_monitor_node.cpython-38.pyc
[1.720s] running install_data
[1.721s] creating /home/zkxt/Documents/TK30/bianjiexiongkong/install/web_monitor/share/ament_index
[1.721s] creating /home/zkxt/Documents/TK30/bianjiexiongkong/install/web_monitor/share/ament_index/resource_index
[1.722s] creating /home/zkxt/Documents/TK30/bianjiexiongkong/install/web_monitor/share/ament_index/resource_index/packages
[1.722s] copying resource/web_monitor -> /home/zkxt/Documents/TK30/bianjiexiongkong/install/web_monitor/share/ament_index/resource_index/packages
[1.723s] copying package.xml -> /home/zkxt/Documents/TK30/bianjiexiongkong/install/web_monitor/share/web_monitor
[1.723s] creating /home/zkxt/Documents/TK30/bianjiexiongkong/install/web_monitor/share/web_monitor/launch
[1.724s] copying launch/web_monitor.launch.py -> /home/zkxt/Documents/TK30/bianjiexiongkong/install/web_monitor/share/web_monitor/launch
[1.725s] creating /home/zkxt/Documents/TK30/bianjiexiongkong/install/web_monitor/share/web_monitor/scripts
[1.725s] copying scripts/setup_wsl2_network.sh -> /home/zkxt/Documents/TK30/bianjiexiongkong/install/web_monitor/share/web_monitor/scripts
[1.726s] copying scripts/start_web_monitor.sh -> /home/zkxt/Documents/TK30/bianjiexiongkong/install/web_monitor/share/web_monitor/scripts
[1.726s] creating /home/zkxt/Documents/TK30/bianjiexiongkong/install/web_monitor/share/web_monitor/tools
[1.727s] copying tools/setup_wsl2_port_forward.bat -> /home/zkxt/Documents/TK30/bianjiexiongkong/install/web_monitor/share/web_monitor/tools
[1.727s] copying tools/setup_wsl2_port_forward.ps1 -> /home/zkxt/Documents/TK30/bianjiexiongkong/install/web_monitor/share/web_monitor/tools
[1.728s] creating /home/zkxt/Documents/TK30/bianjiexiongkong/install/web_monitor/share/web_monitor/docs
[1.728s] copying docs/WSL2_配置说明.md -> /home/zkxt/Documents/TK30/bianjiexiongkong/install/web_monitor/share/web_monitor/docs
[1.729s] copying docs/Windows配置说明.md -> /home/zkxt/Documents/TK30/bianjiexiongkong/install/web_monitor/share/web_monitor/docs
[1.729s] running install_egg_info
[1.730s] Copying ../../build/web_monitor/web_monitor.egg-info to /home/zkxt/Documents/TK30/bianjiexiongkong/install/web_monitor/lib/python3.8/site-packages/web_monitor-0.0.0-py3.8.egg-info
[1.730s] running install_scripts
[1.769s] Installing web_monitor_node script to /home/zkxt/Documents/TK30/bianjiexiongkong/install/web_monitor/lib/web_monitor
[1.770s] writing list of installed files to '/home/zkxt/Documents/TK30/bianjiexiongkong/build/web_monitor/install.log'
[1.857s] Invoked command in '/home/zkxt/Documents/TK30/bianjiexiongkong/src/web_monitor' returned '0': CMAKE_PREFIX_PATH=/home/zkxt/Documents/TK30/bianjiexiongkong/install/chest_interfaces:/home/zkxt/Documents/TK30/bianjiexiongkong/install/voice_processing:/home/zkxt/Documents/TK30/bianjiexiongkong/install/video_source_loader:/home/zkxt/Documents/TK30/bianjiexiongkong/install/head_tracking:/home/zkxt/Documents/TK30/bianjiexiongkong/install/controller_display:/home/zkxt/Documents/TK30/bianjiexiongkong/install/communication:/home/zkxt/Documents/TK30/bianjiexiongkong/install/button_simulator:/home/zkxt/Documents/TK30/bianjiexiongkong/install/ar_display LD_LIBRARY_PATH=/home/zkxt/Documents/TK30/bianjiexiongkong/install/chest_interfaces/lib:/home/zkxt/Documents/TK30/bianjiexiongkong/install/voice_processing/lib:/home/zkxt/Documents/TK30/bianjiexiongkong/install/head_tracking/lib:/home/zkxt/Documents/TK30/bianjiexiongkong/install/controller_display/lib:/opt/ros/foxy/opt/yaml_cpp_vendor/lib:/opt/ros/foxy/lib/aarch64-linux-gnu:/opt/ros/foxy/lib PYTHONPATH=/home/zkxt/Documents/TK30/bianjiexiongkong/build/web_monitor/prefix_override:/usr/lib/python3/dist-packages/colcon_core/task/python/colcon_distutils_commands:/home/zkxt/Documents/TK30/bianjiexiongkong/install/web_monitor/lib/python3.8/site-packages:/home/zkxt/Documents/TK30/bianjiexiongkong/install/chest_interfaces/lib/python3.8/site-packages:/home/zkxt/Documents/TK30/bianjiexiongkong/install/web_monitor/lib/python3.8/site-packages:/home/zkxt/Documents/TK30/bianjiexiongkong/install/chest_interfaces/lib/python3.12/site-packages:/opt/ros/foxy/lib/python3.8/site-packages /usr/bin/python3 -W ignore:setup.py install is deprecated -W ignore:easy_install command is deprecated setup.py egg_info --egg-base ../../build/web_monitor build --build-base /home/zkxt/Documents/TK30/bianjiexiongkong/build/web_monitor/build install --record /home/zkxt/Documents/TK30/bianjiexiongkong/build/web_monitor/install.log --single-version-externally-managed install_data
