[0.113s] Invoking command in '/home/zkxt/Documents/TK30/bianjiexiongkong/build/ar_display': CMAKE_PREFIX_PATH=/home/zkxt/Documents/TK30/bianjiexiongkong/install/chest_interfaces:/home/zkxt/Documents/TK30/bianjiexiongkong/install/voice_processing:/home/zkxt/Documents/TK30/bianjiexiongkong/install/video_source_loader:/home/zkxt/Documents/TK30/bianjiexiongkong/install/head_tracking:/home/zkxt/Documents/TK30/bianjiexiongkong/install/controller_display:/home/zkxt/Documents/TK30/bianjiexiongkong/install/communication:/home/zkxt/Documents/TK30/bianjiexiongkong/install/button_simulator:/home/zkxt/Documents/TK30/bianjiexiongkong/install/ar_display:/home/zkxt/Documents/TK30/bianjiexiongkong/install/web_monitor:/opt/ros/foxy LD_LIBRARY_PATH=/home/zkxt/Documents/TK30/bianjiexiongkong/install/chest_interfaces/lib:/home/zkxt/Documents/TK30/bianjiexiongkong/install/voice_processing/lib:/home/zkxt/Documents/TK30/bianjiexiongkong/install/head_tracking/lib:/home/zkxt/Documents/TK30/bianjiexiongkong/install/controller_display/lib:/opt/ros/foxy/opt/yaml_cpp_vendor/lib:/opt/ros/foxy/lib/aarch64-linux-gnu:/opt/ros/foxy/lib PYTHONPATH=/home/zkxt/Documents/TK30/bianjiexiongkong/install/chest_interfaces/lib/python3.8/site-packages:/home/zkxt/Documents/TK30/bianjiexiongkong/install/web_monitor/lib/python3.8/site-packages:/home/zkxt/Documents/TK30/bianjiexiongkong/install/chest_interfaces/lib/python3.12/site-packages:/opt/ros/foxy/lib/python3.8/site-packages /usr/bin/cmake /home/zkxt/Documents/TK30/bianjiexiongkong/src/ar_display -DCMAKE_INSTALL_PREFIX=/home/zkxt/Documents/TK30/bianjiexiongkong/install/ar_display
[0.297s] -- The C compiler identification is GNU 9.4.0
[0.409s] -- The CXX compiler identification is GNU 9.4.0
[0.418s] -- Check for working C compiler: /usr/bin/cc
[0.815s] -- Check for working C compiler: /usr/bin/cc -- works
[0.815s] -- Detecting C compiler ABI info
[1.087s] -- Detecting C compiler ABI info - done
[1.108s] -- Detecting C compile features
[1.109s] -- Detecting C compile features - done
[1.113s] -- Check for working CXX compiler: /usr/bin/c++
[1.331s] -- Check for working CXX compiler: /usr/bin/c++ -- works
[1.336s] -- Detecting CXX compiler ABI info
[1.637s] -- Detecting CXX compiler ABI info - done
[1.674s] -- Detecting CXX compile features
[1.674s] -- Detecting CXX compile features - done
[1.678s] -- Found ament_cmake: 0.9.12 (/opt/ros/foxy/share/ament_cmake/cmake)
[1.714s] -- Found PythonInterp: /usr/bin/python3 (found suitable version "3.8.10", minimum required is "3") 
[1.715s] -- Using PYTHON_EXECUTABLE: /usr/bin/python3
[2.210s] -- Found rclcpp: 2.4.3 (/opt/ros/foxy/share/rclcpp/cmake)
[2.464s] -- Using all available rosidl_typesupport_c: rosidl_typesupport_fastrtps_c;rosidl_typesupport_introspection_c
[2.494s] -- Found rosidl_adapter: 1.3.1 (/opt/ros/foxy/share/rosidl_adapter/cmake)
[2.824s] -- Found OpenSSL: /usr/lib/aarch64-linux-gnu/libcrypto.so (found version "1.1.1f")  
[2.917s] -- Found FastRTPS: /opt/ros/foxy/include  
[3.132s] -- Using all available rosidl_typesupport_cpp: rosidl_typesupport_fastrtps_cpp;rosidl_typesupport_introspection_cpp
[3.389s] -- Found rmw_implementation_cmake: 1.0.4 (/opt/ros/foxy/share/rmw_implementation_cmake/cmake)
[3.390s] -- Using RMW implementation 'rmw_fastrtps_cpp' as default
[3.392s] -- Looking for pthread.h
[3.670s] -- Looking for pthread.h - found
[3.671s] -- Performing Test CMAKE_HAVE_LIBC_PTHREAD
[3.893s] -- Performing Test CMAKE_HAVE_LIBC_PTHREAD - Failed
[3.894s] -- Looking for pthread_create in pthreads
[4.164s] -- Looking for pthread_create in pthreads - not found
[4.165s] -- Looking for pthread_create in pthread
[4.529s] -- Looking for pthread_create in pthread - found
[4.533s] -- Found Threads: TRUE  
[5.334s] -- Found chest_interfaces: 0.0.1 (/home/zkxt/Documents/TK30/bianjiexiongkong/install/chest_interfaces/share/chest_interfaces/cmake)
[5.424s] CMake Error at CMakeLists.txt:14 (find_package):
[5.424s]   By not providing "FindOpenCV.cmake" in CMAKE_MODULE_PATH this project has
[5.424s]   asked CMake to find a package configuration file provided by "OpenCV", but
[5.424s]   CMake did not find one.
[5.424s] 
[5.425s]   Could not find a package configuration file provided by "OpenCV" with any
[5.425s]   of the following names:
[5.425s] 
[5.425s]     OpenCVConfig.cmake
[5.425s]     opencv-config.cmake
[5.425s] 
[5.425s]   Add the installation prefix of "OpenCV" to CMAKE_PREFIX_PATH or set
[5.425s]   "OpenCV_DIR" to a directory containing one of the above files.  If "OpenCV"
[5.425s]   provides a separate development package or SDK, be sure it has been
[5.425s]   installed.
[5.425s] 
[5.425s] 
[5.428s] -- Configuring incomplete, errors occurred!
[5.428s] See also "/home/zkxt/Documents/TK30/bianjiexiongkong/build/ar_display/CMakeFiles/CMakeOutput.log".
[5.428s] See also "/home/zkxt/Documents/TK30/bianjiexiongkong/build/ar_display/CMakeFiles/CMakeError.log".
[5.466s] Invoked command in '/home/zkxt/Documents/TK30/bianjiexiongkong/build/ar_display' returned '1': CMAKE_PREFIX_PATH=/home/zkxt/Documents/TK30/bianjiexiongkong/install/chest_interfaces:/home/zkxt/Documents/TK30/bianjiexiongkong/install/voice_processing:/home/zkxt/Documents/TK30/bianjiexiongkong/install/video_source_loader:/home/zkxt/Documents/TK30/bianjiexiongkong/install/head_tracking:/home/zkxt/Documents/TK30/bianjiexiongkong/install/controller_display:/home/zkxt/Documents/TK30/bianjiexiongkong/install/communication:/home/zkxt/Documents/TK30/bianjiexiongkong/install/button_simulator:/home/zkxt/Documents/TK30/bianjiexiongkong/install/ar_display:/home/zkxt/Documents/TK30/bianjiexiongkong/install/web_monitor:/opt/ros/foxy LD_LIBRARY_PATH=/home/zkxt/Documents/TK30/bianjiexiongkong/install/chest_interfaces/lib:/home/zkxt/Documents/TK30/bianjiexiongkong/install/voice_processing/lib:/home/zkxt/Documents/TK30/bianjiexiongkong/install/head_tracking/lib:/home/zkxt/Documents/TK30/bianjiexiongkong/install/controller_display/lib:/opt/ros/foxy/opt/yaml_cpp_vendor/lib:/opt/ros/foxy/lib/aarch64-linux-gnu:/opt/ros/foxy/lib PYTHONPATH=/home/zkxt/Documents/TK30/bianjiexiongkong/install/chest_interfaces/lib/python3.8/site-packages:/home/zkxt/Documents/TK30/bianjiexiongkong/install/web_monitor/lib/python3.8/site-packages:/home/zkxt/Documents/TK30/bianjiexiongkong/install/chest_interfaces/lib/python3.12/site-packages:/opt/ros/foxy/lib/python3.8/site-packages /usr/bin/cmake /home/zkxt/Documents/TK30/bianjiexiongkong/src/ar_display -DCMAKE_INSTALL_PREFIX=/home/zkxt/Documents/TK30/bianjiexiongkong/install/ar_display
