-- The C compiler identification is GNU 9.4.0
-- The CXX compiler identification is GNU 9.4.0
-- Check for working C compiler: /usr/bin/cc
-- Check for working C compiler: /usr/bin/cc -- works
-- Detecting C compiler ABI info
-- Detecting C compiler ABI info - done
-- Detecting C compile features
-- Detecting C compile features - done
-- Check for working CXX compiler: /usr/bin/c++
-- Check for working CXX compiler: /usr/bin/c++ -- works
-- Detecting CXX compiler ABI info
-- Detecting CXX compiler ABI info - done
-- Detecting CXX compile features
-- Detecting CXX compile features - done
-- Found ament_cmake: 0.9.12 (/opt/ros/foxy/share/ament_cmake/cmake)
-- Found PythonInterp: /usr/bin/python3 (found suitable version "3.8.10", minimum required is "3") 
-- Using PYTHON_EXECUTABLE: /usr/bin/python3
-- Found rosidl_default_generators: 1.0.1 (/opt/ros/foxy/share/rosidl_default_generators/cmake)
-- Using all available rosidl_typesupport_c: rosidl_typesupport_fastrtps_c;rosidl_typesupport_introspection_c
-- Found rosidl_adapter: 1.3.1 (/opt/ros/foxy/share/rosidl_adapter/cmake)
-- Found OpenSSL: /usr/lib/aarch64-linux-gnu/libcrypto.so (found version "1.1.1f")  
-- Found FastRTPS: /opt/ros/foxy/include  
-- Using all available rosidl_typesupport_cpp: rosidl_typesupport_fastrtps_cpp;rosidl_typesupport_introspection_cpp
-- Found std_msgs: 2.0.5 (/opt/ros/foxy/share/std_msgs/cmake)
-- Found PythonInterp: /usr/bin/python3 (found version "3.8.10") 
-- Found ament_cmake_ros: 0.9.2 (/opt/ros/foxy/share/ament_cmake_ros/cmake)
-- Using all available rosidl_typesupport_c: rosidl_typesupport_fastrtps_c;rosidl_typesupport_introspection_c
-- Using all available rosidl_typesupport_cpp: rosidl_typesupport_fastrtps_cpp;rosidl_typesupport_introspection_cpp
-- Found PythonInterp: /usr/bin/python3 (found suitable version "3.8.10", minimum required is "3.5") 
-- Found python_cmake_module: 0.8.1 (/opt/ros/foxy/share/python_cmake_module/cmake)
-- Found PythonLibs: /usr/lib/aarch64-linux-gnu/libpython3.8.so (found suitable version "3.8.10", minimum required is "3.5") 
-- Using PYTHON_EXECUTABLE: /usr/bin/python3
-- Using PYTHON_INCLUDE_DIRS: /usr/include/python3.8
-- Using PYTHON_LIBRARIES: /usr/lib/aarch64-linux-gnu/libpython3.8.so
-- Found PythonExtra: .so  
-- Configuring done
-- Generating done
-- Build files have been written to: /home/zkxt/Documents/TK30/bianjiexiongkong/build/chest_interfaces
[  1%] [34m[1mGenerating C code for ROS interfaces[0m
[35m[1mScanning dependencies of target chest_interfaces__cpp[0m
[  2%] [34m[1mGenerating C++ code for ROS interfaces[0m
[  2%] Built target chest_interfaces__cpp
[35m[1mScanning dependencies of target chest_interfaces__rosidl_generator_c[0m
[  4%] [34m[1mGenerating C++ introspection for ROS interfaces[0m
[  5%] [34m[1mGenerating C++ type support for eProsima Fast-RTPS[0m
[  7%] [34m[1mGenerating C++ type support dispatch for ROS interfaces[0m
[  8%] [32mBuilding C object CMakeFiles/chest_interfaces__rosidl_generator_c.dir/rosidl_generator_c/chest_interfaces/msg/detail/head_tracking__functions.c.o[0m
[  9%] [32mBuilding C object CMakeFiles/chest_interfaces__rosidl_generator_c.dir/rosidl_generator_c/chest_interfaces/msg/detail/button_state__functions.c.o[0m
[ 11%] [32mBuilding C object CMakeFiles/chest_interfaces__rosidl_generator_c.dir/rosidl_generator_c/chest_interfaces/msg/detail/equipment_state__functions.c.o[0m
[ 12%] [32mBuilding C object CMakeFiles/chest_interfaces__rosidl_generator_c.dir/rosidl_generator_c/chest_interfaces/msg/detail/video_source__functions.c.o[0m
[ 14%] [32mBuilding C object CMakeFiles/chest_interfaces__rosidl_generator_c.dir/rosidl_generator_c/chest_interfaces/msg/detail/voice_command__functions.c.o[0m
[ 15%] [32mBuilding C object CMakeFiles/chest_interfaces__rosidl_generator_c.dir/rosidl_generator_c/chest_interfaces/msg/detail/voice_text__functions.c.o[0m
[ 16%] [32m[1mLinking C shared library libchest_interfaces__rosidl_generator_c.so[0m
[ 16%] Built target chest_interfaces__rosidl_generator_c
[ 18%] [34m[1mGenerating C type support dispatch for ROS interfaces[0m
[ 19%] [34m[1mGenerating C introspection for ROS interfaces[0m
[35m[1mScanning dependencies of target chest_interfaces__rosidl_typesupport_cpp[0m
[ 21%] [32mBuilding CXX object CMakeFiles/chest_interfaces__rosidl_typesupport_cpp.dir/rosidl_typesupport_cpp/chest_interfaces/msg/button_state__type_support.cpp.o[0m
[ 22%] [32mBuilding CXX object CMakeFiles/chest_interfaces__rosidl_typesupport_cpp.dir/rosidl_typesupport_cpp/chest_interfaces/msg/equipment_state__type_support.cpp.o[0m
[ 23%] [32mBuilding CXX object CMakeFiles/chest_interfaces__rosidl_typesupport_cpp.dir/rosidl_typesupport_cpp/chest_interfaces/msg/head_tracking__type_support.cpp.o[0m
[ 25%] [32mBuilding CXX object CMakeFiles/chest_interfaces__rosidl_typesupport_cpp.dir/rosidl_typesupport_cpp/chest_interfaces/msg/video_source__type_support.cpp.o[0m
[35m[1mScanning dependencies of target chest_interfaces__rosidl_typesupport_c[0m
[35m[1mScanning dependencies of target chest_interfaces__rosidl_typesupport_introspection_cpp[0m
[ 26%] [32mBuilding CXX object CMakeFiles/chest_interfaces__rosidl_typesupport_introspection_cpp.dir/rosidl_typesupport_introspection_cpp/chest_interfaces/msg/detail/button_state__type_support.cpp.o[0m
[ 28%] [32mBuilding CXX object CMakeFiles/chest_interfaces__rosidl_typesupport_c.dir/rosidl_typesupport_c/chest_interfaces/msg/button_state__type_support.cpp.o[0m
[ 29%] [32mBuilding CXX object CMakeFiles/chest_interfaces__rosidl_typesupport_c.dir/rosidl_typesupport_c/chest_interfaces/msg/equipment_state__type_support.cpp.o[0m
[ 30%] [32mBuilding CXX object CMakeFiles/chest_interfaces__rosidl_typesupport_c.dir/rosidl_typesupport_c/chest_interfaces/msg/head_tracking__type_support.cpp.o[0m
[ 32%] [32mBuilding CXX object CMakeFiles/chest_interfaces__rosidl_typesupport_c.dir/rosidl_typesupport_c/chest_interfaces/msg/video_source__type_support.cpp.o[0m
[35m[1mScanning dependencies of target chest_interfaces__rosidl_typesupport_fastrtps_cpp[0m
[ 33%] [32mBuilding CXX object CMakeFiles/chest_interfaces__rosidl_typesupport_c.dir/rosidl_typesupport_c/chest_interfaces/msg/voice_command__type_support.cpp.o[0m
[ 35%] [32mBuilding CXX object CMakeFiles/chest_interfaces__rosidl_typesupport_fastrtps_cpp.dir/rosidl_typesupport_fastrtps_cpp/chest_interfaces/msg/detail/dds_fastrtps/button_state__type_support.cpp.o[0m
[ 36%] [32mBuilding CXX object CMakeFiles/chest_interfaces__rosidl_typesupport_introspection_cpp.dir/rosidl_typesupport_introspection_cpp/chest_interfaces/msg/detail/equipment_state__type_support.cpp.o[0m
[ 38%] [32mBuilding CXX object CMakeFiles/chest_interfaces__rosidl_typesupport_c.dir/rosidl_typesupport_c/chest_interfaces/msg/voice_text__type_support.cpp.o[0m
[ 39%] [32mBuilding CXX object CMakeFiles/chest_interfaces__rosidl_typesupport_cpp.dir/rosidl_typesupport_cpp/chest_interfaces/msg/voice_command__type_support.cpp.o[0m
[ 40%] [32m[1mLinking CXX shared library libchest_interfaces__rosidl_typesupport_c.so[0m
[ 40%] Built target chest_interfaces__rosidl_typesupport_c
[ 42%] [32mBuilding CXX object CMakeFiles/chest_interfaces__rosidl_typesupport_introspection_cpp.dir/rosidl_typesupport_introspection_cpp/chest_interfaces/msg/detail/head_tracking__type_support.cpp.o[0m
[ 43%] [32mBuilding CXX object CMakeFiles/chest_interfaces__rosidl_typesupport_introspection_cpp.dir/rosidl_typesupport_introspection_cpp/chest_interfaces/msg/detail/video_source__type_support.cpp.o[0m
[ 45%] [32mBuilding CXX object CMakeFiles/chest_interfaces__rosidl_typesupport_fastrtps_cpp.dir/rosidl_typesupport_fastrtps_cpp/chest_interfaces/msg/detail/dds_fastrtps/equipment_state__type_support.cpp.o[0m
[ 46%] [32mBuilding CXX object CMakeFiles/chest_interfaces__rosidl_typesupport_cpp.dir/rosidl_typesupport_cpp/chest_interfaces/msg/voice_text__type_support.cpp.o[0m
[ 47%] [32mBuilding CXX object CMakeFiles/chest_interfaces__rosidl_typesupport_introspection_cpp.dir/rosidl_typesupport_introspection_cpp/chest_interfaces/msg/detail/voice_command__type_support.cpp.o[0m
[ 49%] [32mBuilding CXX object CMakeFiles/chest_interfaces__rosidl_typesupport_fastrtps_cpp.dir/rosidl_typesupport_fastrtps_cpp/chest_interfaces/msg/detail/dds_fastrtps/head_tracking__type_support.cpp.o[0m
[ 50%] [32mBuilding CXX object CMakeFiles/chest_interfaces__rosidl_typesupport_introspection_cpp.dir/rosidl_typesupport_introspection_cpp/chest_interfaces/msg/detail/voice_text__type_support.cpp.o[0m
[ 52%] [32mBuilding CXX object CMakeFiles/chest_interfaces__rosidl_typesupport_fastrtps_cpp.dir/rosidl_typesupport_fastrtps_cpp/chest_interfaces/msg/detail/dds_fastrtps/video_source__type_support.cpp.o[0m
[ 53%] [32mBuilding CXX object CMakeFiles/chest_interfaces__rosidl_typesupport_fastrtps_cpp.dir/rosidl_typesupport_fastrtps_cpp/chest_interfaces/msg/detail/dds_fastrtps/voice_command__type_support.cpp.o[0m
[ 54%] [32m[1mLinking CXX shared library libchest_interfaces__rosidl_typesupport_cpp.so[0m
[ 56%] [32mBuilding CXX object CMakeFiles/chest_interfaces__rosidl_typesupport_fastrtps_cpp.dir/rosidl_typesupport_fastrtps_cpp/chest_interfaces/msg/detail/dds_fastrtps/voice_text__type_support.cpp.o[0m
[ 56%] Built target chest_interfaces__rosidl_typesupport_cpp
[35m[1mScanning dependencies of target chest_interfaces__rosidl_typesupport_introspection_c[0m
[ 57%] [32mBuilding C object CMakeFiles/chest_interfaces__rosidl_typesupport_introspection_c.dir/rosidl_typesupport_introspection_c/chest_interfaces/msg/detail/button_state__type_support.c.o[0m
[ 59%] [32mBuilding C object CMakeFiles/chest_interfaces__rosidl_typesupport_introspection_c.dir/rosidl_typesupport_introspection_c/chest_interfaces/msg/detail/equipment_state__type_support.c.o[0m
[ 60%] [32mBuilding C object CMakeFiles/chest_interfaces__rosidl_typesupport_introspection_c.dir/rosidl_typesupport_introspection_c/chest_interfaces/msg/detail/head_tracking__type_support.c.o[0m
[ 61%] [32m[1mLinking CXX shared library libchest_interfaces__rosidl_typesupport_introspection_cpp.so[0m
[ 63%] [32mBuilding C object CMakeFiles/chest_interfaces__rosidl_typesupport_introspection_c.dir/rosidl_typesupport_introspection_c/chest_interfaces/msg/detail/video_source__type_support.c.o[0m
[ 64%] [32mBuilding C object CMakeFiles/chest_interfaces__rosidl_typesupport_introspection_c.dir/rosidl_typesupport_introspection_c/chest_interfaces/msg/detail/voice_text__type_support.c.o[0m
[ 66%] [32mBuilding C object CMakeFiles/chest_interfaces__rosidl_typesupport_introspection_c.dir/rosidl_typesupport_introspection_c/chest_interfaces/msg/detail/voice_command__type_support.c.o[0m
[ 67%] [32m[1mLinking C shared library libchest_interfaces__rosidl_typesupport_introspection_c.so[0m
[ 67%] Built target chest_interfaces__rosidl_typesupport_introspection_c
[ 67%] Built target chest_interfaces__rosidl_typesupport_introspection_cpp
[ 69%] [32m[1mLinking CXX shared library libchest_interfaces__rosidl_typesupport_fastrtps_cpp.so[0m
[ 69%] Built target chest_interfaces__rosidl_typesupport_fastrtps_cpp
[ 70%] [34m[1mGenerating C type support for eProsima Fast-RTPS[0m
[35m[1mScanning dependencies of target chest_interfaces__rosidl_typesupport_fastrtps_c[0m
[ 71%] [32mBuilding CXX object CMakeFiles/chest_interfaces__rosidl_typesupport_fastrtps_c.dir/rosidl_typesupport_fastrtps_c/chest_interfaces/msg/detail/equipment_state__type_support_c.cpp.o[0m
[ 73%] [32mBuilding CXX object CMakeFiles/chest_interfaces__rosidl_typesupport_fastrtps_c.dir/rosidl_typesupport_fastrtps_c/chest_interfaces/msg/detail/button_state__type_support_c.cpp.o[0m
[ 76%] [32mBuilding CXX object CMakeFiles/chest_interfaces__rosidl_typesupport_fastrtps_c.dir/rosidl_typesupport_fastrtps_c/chest_interfaces/msg/detail/video_source__type_support_c.cpp.o[0m
[ 77%] [32mBuilding CXX object CMakeFiles/chest_interfaces__rosidl_typesupport_fastrtps_c.dir/rosidl_typesupport_fastrtps_c/chest_interfaces/msg/detail/head_tracking__type_support_c.cpp.o[0m
[ 76%] [32mBuilding CXX object CMakeFiles/chest_interfaces__rosidl_typesupport_fastrtps_c.dir/rosidl_typesupport_fastrtps_c/chest_interfaces/msg/detail/voice_command__type_support_c.cpp.o[0m
[ 78%] [32mBuilding CXX object CMakeFiles/chest_interfaces__rosidl_typesupport_fastrtps_c.dir/rosidl_typesupport_fastrtps_c/chest_interfaces/msg/detail/voice_text__type_support_c.cpp.o[0m
[ 80%] [32m[1mLinking CXX shared library libchest_interfaces__rosidl_typesupport_fastrtps_c.so[0m
[ 80%] Built target chest_interfaces__rosidl_typesupport_fastrtps_c
[35m[1mScanning dependencies of target chest_interfaces[0m
[ 80%] Built target chest_interfaces
[35m[1mScanning dependencies of target chest_interfaces__py[0m
[ 81%] [34m[1mGenerating Python code for ROS interfaces[0m
[ 81%] Built target chest_interfaces__py
[35m[1mScanning dependencies of target chest_interfaces__python[0m
[ 83%] [32mBuilding C object CMakeFiles/chest_interfaces__python.dir/rosidl_generator_py/chest_interfaces/msg/_button_state_s.c.o[0m
[ 84%] [32mBuilding C object CMakeFiles/chest_interfaces__python.dir/rosidl_generator_py/chest_interfaces/msg/_equipment_state_s.c.o[0m
[ 85%] [32mBuilding C object CMakeFiles/chest_interfaces__python.dir/rosidl_generator_py/chest_interfaces/msg/_head_tracking_s.c.o[0m
[ 87%] [32mBuilding C object CMakeFiles/chest_interfaces__python.dir/rosidl_generator_py/chest_interfaces/msg/_video_source_s.c.o[0m
[ 88%] [32mBuilding C object CMakeFiles/chest_interfaces__python.dir/rosidl_generator_py/chest_interfaces/msg/_voice_command_s.c.o[0m
[ 90%] [32mBuilding C object CMakeFiles/chest_interfaces__python.dir/rosidl_generator_py/chest_interfaces/msg/_voice_text_s.c.o[0m
[ 91%] [32m[1mLinking C shared library rosidl_generator_py/chest_interfaces/libchest_interfaces__python.so[0m
[ 91%] Built target chest_interfaces__python
[35m[1mScanning dependencies of target chest_interfaces__rosidl_typesupport_c__pyext[0m
[35m[1mScanning dependencies of target chest_interfaces__rosidl_typesupport_introspection_c__pyext[0m
[35m[1mScanning dependencies of target chest_interfaces__rosidl_typesupport_fastrtps_c__pyext[0m
[ 92%] [32mBuilding C object CMakeFiles/chest_interfaces__rosidl_typesupport_c__pyext.dir/rosidl_generator_py/chest_interfaces/_chest_interfaces_s.ep.rosidl_typesupport_c.c.o[0m
[ 94%] [32mBuilding C object CMakeFiles/chest_interfaces__rosidl_typesupport_introspection_c__pyext.dir/rosidl_generator_py/chest_interfaces/_chest_interfaces_s.ep.rosidl_typesupport_introspection_c.c.o[0m
[ 95%] [32mBuilding C object CMakeFiles/chest_interfaces__rosidl_typesupport_fastrtps_c__pyext.dir/rosidl_generator_py/chest_interfaces/_chest_interfaces_s.ep.rosidl_typesupport_fastrtps_c.c.o[0m
[ 97%] [32m[1mLinking C shared library rosidl_generator_py/chest_interfaces/chest_interfaces_s__rosidl_typesupport_c.cpython-38-aarch64-linux-gnu.so[0m
[ 98%] [32m[1mLinking CXX shared library rosidl_generator_py/chest_interfaces/chest_interfaces_s__rosidl_typesupport_fastrtps_c.cpython-38-aarch64-linux-gnu.so[0m
[100%] [32m[1mLinking C shared library rosidl_generator_py/chest_interfaces/chest_interfaces_s__rosidl_typesupport_introspection_c.cpython-38-aarch64-linux-gnu.so[0m
[100%] Built target chest_interfaces__rosidl_typesupport_c__pyext
[100%] Built target chest_interfaces__rosidl_typesupport_introspection_c__pyext
[100%] Built target chest_interfaces__rosidl_typesupport_fastrtps_c__pyext
-- Install configuration: ""
-- Installing: /home/zkxt/Documents/TK30/bianjiexiongkong/install/chest_interfaces/share/ament_index/resource_index/rosidl_interfaces/chest_interfaces
-- Installing: /home/zkxt/Documents/TK30/bianjiexiongkong/install/chest_interfaces/include/chest_interfaces
-- Installing: /home/zkxt/Documents/TK30/bianjiexiongkong/install/chest_interfaces/include/chest_interfaces/msg
-- Installing: /home/zkxt/Documents/TK30/bianjiexiongkong/install/chest_interfaces/include/chest_interfaces/msg/voice_text.h
-- Installing: /home/zkxt/Documents/TK30/bianjiexiongkong/install/chest_interfaces/include/chest_interfaces/msg/voice_command.h
-- Installing: /home/zkxt/Documents/TK30/bianjiexiongkong/install/chest_interfaces/include/chest_interfaces/msg/detail
-- Installing: /home/zkxt/Documents/TK30/bianjiexiongkong/install/chest_interfaces/include/chest_interfaces/msg/detail/video_source__functions.c
-- Installing: /home/zkxt/Documents/TK30/bianjiexiongkong/install/chest_interfaces/include/chest_interfaces/msg/detail/voice_command__functions.h
-- Installing: /home/zkxt/Documents/TK30/bianjiexiongkong/install/chest_interfaces/include/chest_interfaces/msg/detail/video_source__type_support.h
-- Installing: /home/zkxt/Documents/TK30/bianjiexiongkong/install/chest_interfaces/include/chest_interfaces/msg/detail/voice_text__functions.c
-- Installing: /home/zkxt/Documents/TK30/bianjiexiongkong/install/chest_interfaces/include/chest_interfaces/msg/detail/button_state__type_support.h
-- Installing: /home/zkxt/Documents/TK30/bianjiexiongkong/install/chest_interfaces/include/chest_interfaces/msg/detail/head_tracking__functions.h
-- Installing: /home/zkxt/Documents/TK30/bianjiexiongkong/install/chest_interfaces/include/chest_interfaces/msg/detail/button_state__functions.c
-- Installing: /home/zkxt/Documents/TK30/bianjiexiongkong/install/chest_interfaces/include/chest_interfaces/msg/detail/equipment_state__struct.h
-- Installing: /home/zkxt/Documents/TK30/bianjiexiongkong/install/chest_interfaces/include/chest_interfaces/msg/detail/head_tracking__type_support.h
-- Installing: /home/zkxt/Documents/TK30/bianjiexiongkong/install/chest_interfaces/include/chest_interfaces/msg/detail/head_tracking__struct.h
-- Installing: /home/zkxt/Documents/TK30/bianjiexiongkong/install/chest_interfaces/include/chest_interfaces/msg/detail/voice_text__type_support.h
-- Installing: /home/zkxt/Documents/TK30/bianjiexiongkong/install/chest_interfaces/include/chest_interfaces/msg/detail/button_state__struct.h
-- Installing: /home/zkxt/Documents/TK30/bianjiexiongkong/install/chest_interfaces/include/chest_interfaces/msg/detail/equipment_state__functions.c
-- Installing: /home/zkxt/Documents/TK30/bianjiexiongkong/install/chest_interfaces/include/chest_interfaces/msg/detail/head_tracking__functions.c
-- Installing: /home/zkxt/Documents/TK30/bianjiexiongkong/install/chest_interfaces/include/chest_interfaces/msg/detail/voice_text__functions.h
-- Installing: /home/zkxt/Documents/TK30/bianjiexiongkong/install/chest_interfaces/include/chest_interfaces/msg/detail/equipment_state__functions.h
-- Installing: /home/zkxt/Documents/TK30/bianjiexiongkong/install/chest_interfaces/include/chest_interfaces/msg/detail/voice_command__struct.h
-- Installing: /home/zkxt/Documents/TK30/bianjiexiongkong/install/chest_interfaces/include/chest_interfaces/msg/detail/button_state__functions.h
-- Installing: /home/zkxt/Documents/TK30/bianjiexiongkong/install/chest_interfaces/include/chest_interfaces/msg/detail/video_source__functions.h
-- Installing: /home/zkxt/Documents/TK30/bianjiexiongkong/install/chest_interfaces/include/chest_interfaces/msg/detail/voice_command__functions.c
-- Installing: /home/zkxt/Documents/TK30/bianjiexiongkong/install/chest_interfaces/include/chest_interfaces/msg/detail/equipment_state__type_support.h
-- Installing: /home/zkxt/Documents/TK30/bianjiexiongkong/install/chest_interfaces/include/chest_interfaces/msg/detail/voice_command__type_support.h
-- Installing: /home/zkxt/Documents/TK30/bianjiexiongkong/install/chest_interfaces/include/chest_interfaces/msg/detail/video_source__struct.h
-- Installing: /home/zkxt/Documents/TK30/bianjiexiongkong/install/chest_interfaces/include/chest_interfaces/msg/detail/voice_text__struct.h
-- Installing: /home/zkxt/Documents/TK30/bianjiexiongkong/install/chest_interfaces/include/chest_interfaces/msg/head_tracking.h
-- Installing: /home/zkxt/Documents/TK30/bianjiexiongkong/install/chest_interfaces/include/chest_interfaces/msg/video_source.h
-- Installing: /home/zkxt/Documents/TK30/bianjiexiongkong/install/chest_interfaces/include/chest_interfaces/msg/rosidl_generator_c__visibility_control.h
-- Installing: /home/zkxt/Documents/TK30/bianjiexiongkong/install/chest_interfaces/include/chest_interfaces/msg/equipment_state.h
-- Installing: /home/zkxt/Documents/TK30/bianjiexiongkong/install/chest_interfaces/include/chest_interfaces/msg/button_state.h
-- Installing: /home/zkxt/Documents/TK30/bianjiexiongkong/install/chest_interfaces/share/chest_interfaces/environment/library_path.sh
-- Installing: /home/zkxt/Documents/TK30/bianjiexiongkong/install/chest_interfaces/share/chest_interfaces/environment/library_path.dsv
-- Installing: /home/zkxt/Documents/TK30/bianjiexiongkong/install/chest_interfaces/lib/libchest_interfaces__rosidl_generator_c.so
-- Set runtime path of "/home/zkxt/Documents/TK30/bianjiexiongkong/install/chest_interfaces/lib/libchest_interfaces__rosidl_generator_c.so" to ""
-- Up-to-date: /home/zkxt/Documents/TK30/bianjiexiongkong/install/chest_interfaces/include/chest_interfaces
-- Up-to-date: /home/zkxt/Documents/TK30/bianjiexiongkong/install/chest_interfaces/include/chest_interfaces/msg
-- Up-to-date: /home/zkxt/Documents/TK30/bianjiexiongkong/install/chest_interfaces/include/chest_interfaces/msg/detail
-- Installing: /home/zkxt/Documents/TK30/bianjiexiongkong/install/chest_interfaces/include/chest_interfaces/msg/detail/button_state__rosidl_typesupport_fastrtps_c.h
-- Installing: /home/zkxt/Documents/TK30/bianjiexiongkong/install/chest_interfaces/include/chest_interfaces/msg/detail/voice_text__rosidl_typesupport_fastrtps_c.h
-- Installing: /home/zkxt/Documents/TK30/bianjiexiongkong/install/chest_interfaces/include/chest_interfaces/msg/detail/equipment_state__rosidl_typesupport_fastrtps_c.h
-- Installing: /home/zkxt/Documents/TK30/bianjiexiongkong/install/chest_interfaces/include/chest_interfaces/msg/detail/head_tracking__rosidl_typesupport_fastrtps_c.h
-- Installing: /home/zkxt/Documents/TK30/bianjiexiongkong/install/chest_interfaces/include/chest_interfaces/msg/detail/voice_command__rosidl_typesupport_fastrtps_c.h
-- Installing: /home/zkxt/Documents/TK30/bianjiexiongkong/install/chest_interfaces/include/chest_interfaces/msg/detail/video_source__rosidl_typesupport_fastrtps_c.h
-- Installing: /home/zkxt/Documents/TK30/bianjiexiongkong/install/chest_interfaces/include/chest_interfaces/msg/rosidl_typesupport_fastrtps_c__visibility_control.h
-- Installing: /home/zkxt/Documents/TK30/bianjiexiongkong/install/chest_interfaces/lib/libchest_interfaces__rosidl_typesupport_fastrtps_c.so
-- Set runtime path of "/home/zkxt/Documents/TK30/bianjiexiongkong/install/chest_interfaces/lib/libchest_interfaces__rosidl_typesupport_fastrtps_c.so" to ""
-- Up-to-date: /home/zkxt/Documents/TK30/bianjiexiongkong/install/chest_interfaces/include/chest_interfaces
-- Up-to-date: /home/zkxt/Documents/TK30/bianjiexiongkong/install/chest_interfaces/include/chest_interfaces/msg
-- Up-to-date: /home/zkxt/Documents/TK30/bianjiexiongkong/install/chest_interfaces/include/chest_interfaces/msg/detail
-- Installing: /home/zkxt/Documents/TK30/bianjiexiongkong/install/chest_interfaces/include/chest_interfaces/msg/detail/head_tracking__rosidl_typesupport_fastrtps_cpp.hpp
-- Installing: /home/zkxt/Documents/TK30/bianjiexiongkong/install/chest_interfaces/include/chest_interfaces/msg/detail/equipment_state__rosidl_typesupport_fastrtps_cpp.hpp
-- Installing: /home/zkxt/Documents/TK30/bianjiexiongkong/install/chest_interfaces/include/chest_interfaces/msg/detail/voice_command__rosidl_typesupport_fastrtps_cpp.hpp
-- Installing: /home/zkxt/Documents/TK30/bianjiexiongkong/install/chest_interfaces/include/chest_interfaces/msg/detail/button_state__rosidl_typesupport_fastrtps_cpp.hpp
-- Installing: /home/zkxt/Documents/TK30/bianjiexiongkong/install/chest_interfaces/include/chest_interfaces/msg/detail/voice_text__rosidl_typesupport_fastrtps_cpp.hpp
-- Installing: /home/zkxt/Documents/TK30/bianjiexiongkong/install/chest_interfaces/include/chest_interfaces/msg/detail/video_source__rosidl_typesupport_fastrtps_cpp.hpp
-- Installing: /home/zkxt/Documents/TK30/bianjiexiongkong/install/chest_interfaces/include/chest_interfaces/msg/detail/dds_fastrtps
-- Installing: /home/zkxt/Documents/TK30/bianjiexiongkong/install/chest_interfaces/include/chest_interfaces/msg/rosidl_typesupport_fastrtps_cpp__visibility_control.h
-- Installing: /home/zkxt/Documents/TK30/bianjiexiongkong/install/chest_interfaces/lib/libchest_interfaces__rosidl_typesupport_fastrtps_cpp.so
-- Set runtime path of "/home/zkxt/Documents/TK30/bianjiexiongkong/install/chest_interfaces/lib/libchest_interfaces__rosidl_typesupport_fastrtps_cpp.so" to ""
-- Up-to-date: /home/zkxt/Documents/TK30/bianjiexiongkong/install/chest_interfaces/include/chest_interfaces
-- Up-to-date: /home/zkxt/Documents/TK30/bianjiexiongkong/install/chest_interfaces/include/chest_interfaces/msg
-- Installing: /home/zkxt/Documents/TK30/bianjiexiongkong/install/chest_interfaces/include/chest_interfaces/msg/rosidl_typesupport_introspection_c__visibility_control.h
-- Up-to-date: /home/zkxt/Documents/TK30/bianjiexiongkong/install/chest_interfaces/include/chest_interfaces/msg/detail
-- Installing: /home/zkxt/Documents/TK30/bianjiexiongkong/install/chest_interfaces/include/chest_interfaces/msg/detail/head_tracking__type_support.c
-- Installing: /home/zkxt/Documents/TK30/bianjiexiongkong/install/chest_interfaces/include/chest_interfaces/msg/detail/equipment_state__rosidl_typesupport_introspection_c.h
-- Installing: /home/zkxt/Documents/TK30/bianjiexiongkong/install/chest_interfaces/include/chest_interfaces/msg/detail/button_state__rosidl_typesupport_introspection_c.h
-- Installing: /home/zkxt/Documents/TK30/bianjiexiongkong/install/chest_interfaces/include/chest_interfaces/msg/detail/video_source__type_support.c
-- Installing: /home/zkxt/Documents/TK30/bianjiexiongkong/install/chest_interfaces/include/chest_interfaces/msg/detail/head_tracking__rosidl_typesupport_introspection_c.h
-- Installing: /home/zkxt/Documents/TK30/bianjiexiongkong/install/chest_interfaces/include/chest_interfaces/msg/detail/voice_text__type_support.c
-- Installing: /home/zkxt/Documents/TK30/bianjiexiongkong/install/chest_interfaces/include/chest_interfaces/msg/detail/equipment_state__type_support.c
-- Installing: /home/zkxt/Documents/TK30/bianjiexiongkong/install/chest_interfaces/include/chest_interfaces/msg/detail/voice_command__rosidl_typesupport_introspection_c.h
-- Installing: /home/zkxt/Documents/TK30/bianjiexiongkong/install/chest_interfaces/include/chest_interfaces/msg/detail/video_source__rosidl_typesupport_introspection_c.h
-- Installing: /home/zkxt/Documents/TK30/bianjiexiongkong/install/chest_interfaces/include/chest_interfaces/msg/detail/button_state__type_support.c
-- Installing: /home/zkxt/Documents/TK30/bianjiexiongkong/install/chest_interfaces/include/chest_interfaces/msg/detail/voice_command__type_support.c
-- Installing: /home/zkxt/Documents/TK30/bianjiexiongkong/install/chest_interfaces/include/chest_interfaces/msg/detail/voice_text__rosidl_typesupport_introspection_c.h
-- Installing: /home/zkxt/Documents/TK30/bianjiexiongkong/install/chest_interfaces/lib/libchest_interfaces__rosidl_typesupport_introspection_c.so
-- Set runtime path of "/home/zkxt/Documents/TK30/bianjiexiongkong/install/chest_interfaces/lib/libchest_interfaces__rosidl_typesupport_introspection_c.so" to ""
-- Installing: /home/zkxt/Documents/TK30/bianjiexiongkong/install/chest_interfaces/lib/libchest_interfaces__rosidl_typesupport_c.so
-- Set runtime path of "/home/zkxt/Documents/TK30/bianjiexiongkong/install/chest_interfaces/lib/libchest_interfaces__rosidl_typesupport_c.so" to ""
-- Up-to-date: /home/zkxt/Documents/TK30/bianjiexiongkong/install/chest_interfaces/include/chest_interfaces
-- Up-to-date: /home/zkxt/Documents/TK30/bianjiexiongkong/install/chest_interfaces/include/chest_interfaces/msg
-- Installing: /home/zkxt/Documents/TK30/bianjiexiongkong/install/chest_interfaces/include/chest_interfaces/msg/video_source.hpp
-- Installing: /home/zkxt/Documents/TK30/bianjiexiongkong/install/chest_interfaces/include/chest_interfaces/msg/voice_text.hpp
-- Installing: /home/zkxt/Documents/TK30/bianjiexiongkong/install/chest_interfaces/include/chest_interfaces/msg/equipment_state.hpp
-- Installing: /home/zkxt/Documents/TK30/bianjiexiongkong/install/chest_interfaces/include/chest_interfaces/msg/voice_command.hpp
-- Up-to-date: /home/zkxt/Documents/TK30/bianjiexiongkong/install/chest_interfaces/include/chest_interfaces/msg/detail
-- Installing: /home/zkxt/Documents/TK30/bianjiexiongkong/install/chest_interfaces/include/chest_interfaces/msg/detail/video_source__type_support.hpp
-- Installing: /home/zkxt/Documents/TK30/bianjiexiongkong/install/chest_interfaces/include/chest_interfaces/msg/detail/video_source__builder.hpp
-- Installing: /home/zkxt/Documents/TK30/bianjiexiongkong/install/chest_interfaces/include/chest_interfaces/msg/detail/head_tracking__traits.hpp
-- Installing: /home/zkxt/Documents/TK30/bianjiexiongkong/install/chest_interfaces/include/chest_interfaces/msg/detail/button_state__builder.hpp
-- Installing: /home/zkxt/Documents/TK30/bianjiexiongkong/install/chest_interfaces/include/chest_interfaces/msg/detail/voice_text__builder.hpp
-- Installing: /home/zkxt/Documents/TK30/bianjiexiongkong/install/chest_interfaces/include/chest_interfaces/msg/detail/voice_command__builder.hpp
-- Installing: /home/zkxt/Documents/TK30/bianjiexiongkong/install/chest_interfaces/include/chest_interfaces/msg/detail/voice_text__type_support.hpp
-- Installing: /home/zkxt/Documents/TK30/bianjiexiongkong/install/chest_interfaces/include/chest_interfaces/msg/detail/equipment_state__type_support.hpp
-- Installing: /home/zkxt/Documents/TK30/bianjiexiongkong/install/chest_interfaces/include/chest_interfaces/msg/detail/equipment_state__builder.hpp
-- Installing: /home/zkxt/Documents/TK30/bianjiexiongkong/install/chest_interfaces/include/chest_interfaces/msg/detail/video_source__traits.hpp
-- Installing: /home/zkxt/Documents/TK30/bianjiexiongkong/install/chest_interfaces/include/chest_interfaces/msg/detail/video_source__struct.hpp
-- Installing: /home/zkxt/Documents/TK30/bianjiexiongkong/install/chest_interfaces/include/chest_interfaces/msg/detail/button_state__traits.hpp
-- Installing: /home/zkxt/Documents/TK30/bianjiexiongkong/install/chest_interfaces/include/chest_interfaces/msg/detail/voice_command__traits.hpp
-- Installing: /home/zkxt/Documents/TK30/bianjiexiongkong/install/chest_interfaces/include/chest_interfaces/msg/detail/head_tracking__builder.hpp
-- Installing: /home/zkxt/Documents/TK30/bianjiexiongkong/install/chest_interfaces/include/chest_interfaces/msg/detail/voice_command__struct.hpp
-- Installing: /home/zkxt/Documents/TK30/bianjiexiongkong/install/chest_interfaces/include/chest_interfaces/msg/detail/equipment_state__struct.hpp
-- Installing: /home/zkxt/Documents/TK30/bianjiexiongkong/install/chest_interfaces/include/chest_interfaces/msg/detail/button_state__struct.hpp
-- Installing: /home/zkxt/Documents/TK30/bianjiexiongkong/install/chest_interfaces/include/chest_interfaces/msg/detail/button_state__type_support.hpp
-- Installing: /home/zkxt/Documents/TK30/bianjiexiongkong/install/chest_interfaces/include/chest_interfaces/msg/detail/voice_command__type_support.hpp
-- Installing: /home/zkxt/Documents/TK30/bianjiexiongkong/install/chest_interfaces/include/chest_interfaces/msg/detail/equipment_state__traits.hpp
-- Installing: /home/zkxt/Documents/TK30/bianjiexiongkong/install/chest_interfaces/include/chest_interfaces/msg/detail/head_tracking__struct.hpp
-- Installing: /home/zkxt/Documents/TK30/bianjiexiongkong/install/chest_interfaces/include/chest_interfaces/msg/detail/voice_text__struct.hpp
-- Installing: /home/zkxt/Documents/TK30/bianjiexiongkong/install/chest_interfaces/include/chest_interfaces/msg/detail/voice_text__traits.hpp
-- Installing: /home/zkxt/Documents/TK30/bianjiexiongkong/install/chest_interfaces/include/chest_interfaces/msg/detail/head_tracking__type_support.hpp
-- Installing: /home/zkxt/Documents/TK30/bianjiexiongkong/install/chest_interfaces/include/chest_interfaces/msg/head_tracking.hpp
-- Installing: /home/zkxt/Documents/TK30/bianjiexiongkong/install/chest_interfaces/include/chest_interfaces/msg/rosidl_generator_cpp__visibility_control.hpp
-- Installing: /home/zkxt/Documents/TK30/bianjiexiongkong/install/chest_interfaces/include/chest_interfaces/msg/button_state.hpp
-- Up-to-date: /home/zkxt/Documents/TK30/bianjiexiongkong/install/chest_interfaces/include/chest_interfaces
-- Up-to-date: /home/zkxt/Documents/TK30/bianjiexiongkong/install/chest_interfaces/include/chest_interfaces/msg
-- Up-to-date: /home/zkxt/Documents/TK30/bianjiexiongkong/install/chest_interfaces/include/chest_interfaces/msg/detail
-- Installing: /home/zkxt/Documents/TK30/bianjiexiongkong/install/chest_interfaces/include/chest_interfaces/msg/detail/equipment_state__type_support.cpp
-- Installing: /home/zkxt/Documents/TK30/bianjiexiongkong/install/chest_interfaces/include/chest_interfaces/msg/detail/head_tracking__type_support.cpp
-- Installing: /home/zkxt/Documents/TK30/bianjiexiongkong/install/chest_interfaces/include/chest_interfaces/msg/detail/equipment_state__rosidl_typesupport_introspection_cpp.hpp
-- Installing: /home/zkxt/Documents/TK30/bianjiexiongkong/install/chest_interfaces/include/chest_interfaces/msg/detail/head_tracking__rosidl_typesupport_introspection_cpp.hpp
-- Installing: /home/zkxt/Documents/TK30/bianjiexiongkong/install/chest_interfaces/include/chest_interfaces/msg/detail/button_state__type_support.cpp
-- Installing: /home/zkxt/Documents/TK30/bianjiexiongkong/install/chest_interfaces/include/chest_interfaces/msg/detail/voice_text__type_support.cpp
-- Installing: /home/zkxt/Documents/TK30/bianjiexiongkong/install/chest_interfaces/include/chest_interfaces/msg/detail/voice_command__type_support.cpp
-- Installing: /home/zkxt/Documents/TK30/bianjiexiongkong/install/chest_interfaces/include/chest_interfaces/msg/detail/button_state__rosidl_typesupport_introspection_cpp.hpp
-- Installing: /home/zkxt/Documents/TK30/bianjiexiongkong/install/chest_interfaces/include/chest_interfaces/msg/detail/video_source__type_support.cpp
-- Installing: /home/zkxt/Documents/TK30/bianjiexiongkong/install/chest_interfaces/include/chest_interfaces/msg/detail/video_source__rosidl_typesupport_introspection_cpp.hpp
-- Installing: /home/zkxt/Documents/TK30/bianjiexiongkong/install/chest_interfaces/include/chest_interfaces/msg/detail/voice_text__rosidl_typesupport_introspection_cpp.hpp
-- Installing: /home/zkxt/Documents/TK30/bianjiexiongkong/install/chest_interfaces/include/chest_interfaces/msg/detail/voice_command__rosidl_typesupport_introspection_cpp.hpp
-- Installing: /home/zkxt/Documents/TK30/bianjiexiongkong/install/chest_interfaces/lib/libchest_interfaces__rosidl_typesupport_introspection_cpp.so
-- Set runtime path of "/home/zkxt/Documents/TK30/bianjiexiongkong/install/chest_interfaces/lib/libchest_interfaces__rosidl_typesupport_introspection_cpp.so" to ""
-- Installing: /home/zkxt/Documents/TK30/bianjiexiongkong/install/chest_interfaces/lib/libchest_interfaces__rosidl_typesupport_cpp.so
-- Set runtime path of "/home/zkxt/Documents/TK30/bianjiexiongkong/install/chest_interfaces/lib/libchest_interfaces__rosidl_typesupport_cpp.so" to ""
-- Installing: /home/zkxt/Documents/TK30/bianjiexiongkong/install/chest_interfaces/share/chest_interfaces/environment/pythonpath.sh
-- Installing: /home/zkxt/Documents/TK30/bianjiexiongkong/install/chest_interfaces/share/chest_interfaces/environment/pythonpath.dsv
-- Installing: /home/zkxt/Documents/TK30/bianjiexiongkong/install/chest_interfaces/lib/python3.8/site-packages/chest_interfaces/__init__.py
Compiling '/home/zkxt/Documents/TK30/bianjiexiongkong/install/chest_interfaces/lib/python3.8/site-packages/chest_interfaces/__init__.py'...
-- Installing: /home/zkxt/Documents/TK30/bianjiexiongkong/install/chest_interfaces/lib/python3.8/site-packages/chest_interfaces/msg
-- Installing: /home/zkxt/Documents/TK30/bianjiexiongkong/install/chest_interfaces/lib/python3.8/site-packages/chest_interfaces/msg/_voice_command.py
-- Installing: /home/zkxt/Documents/TK30/bianjiexiongkong/install/chest_interfaces/lib/python3.8/site-packages/chest_interfaces/msg/_equipment_state.py
-- Installing: /home/zkxt/Documents/TK30/bianjiexiongkong/install/chest_interfaces/lib/python3.8/site-packages/chest_interfaces/msg/_video_source_s.c
-- Installing: /home/zkxt/Documents/TK30/bianjiexiongkong/install/chest_interfaces/lib/python3.8/site-packages/chest_interfaces/msg/_head_tracking_s.c
-- Installing: /home/zkxt/Documents/TK30/bianjiexiongkong/install/chest_interfaces/lib/python3.8/site-packages/chest_interfaces/msg/_voice_command_s.c
-- Installing: /home/zkxt/Documents/TK30/bianjiexiongkong/install/chest_interfaces/lib/python3.8/site-packages/chest_interfaces/msg/_button_state.py
-- Installing: /home/zkxt/Documents/TK30/bianjiexiongkong/install/chest_interfaces/lib/python3.8/site-packages/chest_interfaces/msg/__init__.py
-- Installing: /home/zkxt/Documents/TK30/bianjiexiongkong/install/chest_interfaces/lib/python3.8/site-packages/chest_interfaces/msg/_button_state_s.c
-- Installing: /home/zkxt/Documents/TK30/bianjiexiongkong/install/chest_interfaces/lib/python3.8/site-packages/chest_interfaces/msg/_equipment_state_s.c
-- Installing: /home/zkxt/Documents/TK30/bianjiexiongkong/install/chest_interfaces/lib/python3.8/site-packages/chest_interfaces/msg/_voice_text.py
-- Installing: /home/zkxt/Documents/TK30/bianjiexiongkong/install/chest_interfaces/lib/python3.8/site-packages/chest_interfaces/msg/_head_tracking.py
-- Installing: /home/zkxt/Documents/TK30/bianjiexiongkong/install/chest_interfaces/lib/python3.8/site-packages/chest_interfaces/msg/_video_source.py
-- Installing: /home/zkxt/Documents/TK30/bianjiexiongkong/install/chest_interfaces/lib/python3.8/site-packages/chest_interfaces/msg/_voice_text_s.c
-- Installing: /home/zkxt/Documents/TK30/bianjiexiongkong/install/chest_interfaces/lib/python3.8/site-packages/chest_interfaces/chest_interfaces_s__rosidl_typesupport_fastrtps_c.cpython-38-aarch64-linux-gnu.so
-- Set runtime path of "/home/zkxt/Documents/TK30/bianjiexiongkong/install/chest_interfaces/lib/python3.8/site-packages/chest_interfaces/chest_interfaces_s__rosidl_typesupport_fastrtps_c.cpython-38-aarch64-linux-gnu.so" to ""
-- Installing: /home/zkxt/Documents/TK30/bianjiexiongkong/install/chest_interfaces/lib/python3.8/site-packages/chest_interfaces/chest_interfaces_s__rosidl_typesupport_introspection_c.cpython-38-aarch64-linux-gnu.so
-- Set runtime path of "/home/zkxt/Documents/TK30/bianjiexiongkong/install/chest_interfaces/lib/python3.8/site-packages/chest_interfaces/chest_interfaces_s__rosidl_typesupport_introspection_c.cpython-38-aarch64-linux-gnu.so" to ""
-- Installing: /home/zkxt/Documents/TK30/bianjiexiongkong/install/chest_interfaces/lib/python3.8/site-packages/chest_interfaces/chest_interfaces_s__rosidl_typesupport_c.cpython-38-aarch64-linux-gnu.so
-- Set runtime path of "/home/zkxt/Documents/TK30/bianjiexiongkong/install/chest_interfaces/lib/python3.8/site-packages/chest_interfaces/chest_interfaces_s__rosidl_typesupport_c.cpython-38-aarch64-linux-gnu.so" to ""
-- Installing: /home/zkxt/Documents/TK30/bianjiexiongkong/install/chest_interfaces/lib/libchest_interfaces__python.so
-- Set runtime path of "/home/zkxt/Documents/TK30/bianjiexiongkong/install/chest_interfaces/lib/libchest_interfaces__python.so" to ""
-- Installing: /home/zkxt/Documents/TK30/bianjiexiongkong/install/chest_interfaces/share/chest_interfaces/msg/ButtonState.idl
-- Installing: /home/zkxt/Documents/TK30/bianjiexiongkong/install/chest_interfaces/share/chest_interfaces/msg/EquipmentState.idl
-- Installing: /home/zkxt/Documents/TK30/bianjiexiongkong/install/chest_interfaces/share/chest_interfaces/msg/HeadTracking.idl
-- Installing: /home/zkxt/Documents/TK30/bianjiexiongkong/install/chest_interfaces/share/chest_interfaces/msg/VideoSource.idl
-- Installing: /home/zkxt/Documents/TK30/bianjiexiongkong/install/chest_interfaces/share/chest_interfaces/msg/VoiceCommand.idl
-- Installing: /home/zkxt/Documents/TK30/bianjiexiongkong/install/chest_interfaces/share/chest_interfaces/msg/VoiceText.idl
-- Installing: /home/zkxt/Documents/TK30/bianjiexiongkong/install/chest_interfaces/share/chest_interfaces/msg/ButtonState.msg
-- Installing: /home/zkxt/Documents/TK30/bianjiexiongkong/install/chest_interfaces/share/chest_interfaces/msg/EquipmentState.msg
-- Installing: /home/zkxt/Documents/TK30/bianjiexiongkong/install/chest_interfaces/share/chest_interfaces/msg/HeadTracking.msg
-- Installing: /home/zkxt/Documents/TK30/bianjiexiongkong/install/chest_interfaces/share/chest_interfaces/msg/VideoSource.msg
-- Installing: /home/zkxt/Documents/TK30/bianjiexiongkong/install/chest_interfaces/share/chest_interfaces/msg/VoiceCommand.msg
-- Installing: /home/zkxt/Documents/TK30/bianjiexiongkong/install/chest_interfaces/share/chest_interfaces/msg/VoiceText.msg
-- Up-to-date: /home/zkxt/Documents/TK30/bianjiexiongkong/install/chest_interfaces/include/chest_interfaces
-- Up-to-date: /home/zkxt/Documents/TK30/bianjiexiongkong/install/chest_interfaces/include/chest_interfaces/msg
-- Up-to-date: /home/zkxt/Documents/TK30/bianjiexiongkong/install/chest_interfaces/include/chest_interfaces/msg/video_source.hpp
-- Up-to-date: /home/zkxt/Documents/TK30/bianjiexiongkong/install/chest_interfaces/include/chest_interfaces/msg/voice_text.hpp
-- Up-to-date: /home/zkxt/Documents/TK30/bianjiexiongkong/install/chest_interfaces/include/chest_interfaces/msg/equipment_state.hpp
-- Up-to-date: /home/zkxt/Documents/TK30/bianjiexiongkong/install/chest_interfaces/include/chest_interfaces/msg/voice_command.hpp
-- Up-to-date: /home/zkxt/Documents/TK30/bianjiexiongkong/install/chest_interfaces/include/chest_interfaces/msg/detail
-- Up-to-date: /home/zkxt/Documents/TK30/bianjiexiongkong/install/chest_interfaces/include/chest_interfaces/msg/detail/video_source__type_support.hpp
-- Up-to-date: /home/zkxt/Documents/TK30/bianjiexiongkong/install/chest_interfaces/include/chest_interfaces/msg/detail/video_source__builder.hpp
-- Up-to-date: /home/zkxt/Documents/TK30/bianjiexiongkong/install/chest_interfaces/include/chest_interfaces/msg/detail/head_tracking__traits.hpp
-- Up-to-date: /home/zkxt/Documents/TK30/bianjiexiongkong/install/chest_interfaces/include/chest_interfaces/msg/detail/button_state__builder.hpp
-- Up-to-date: /home/zkxt/Documents/TK30/bianjiexiongkong/install/chest_interfaces/include/chest_interfaces/msg/detail/voice_text__builder.hpp
-- Up-to-date: /home/zkxt/Documents/TK30/bianjiexiongkong/install/chest_interfaces/include/chest_interfaces/msg/detail/voice_command__builder.hpp
-- Up-to-date: /home/zkxt/Documents/TK30/bianjiexiongkong/install/chest_interfaces/include/chest_interfaces/msg/detail/voice_text__type_support.hpp
-- Up-to-date: /home/zkxt/Documents/TK30/bianjiexiongkong/install/chest_interfaces/include/chest_interfaces/msg/detail/equipment_state__type_support.hpp
-- Up-to-date: /home/zkxt/Documents/TK30/bianjiexiongkong/install/chest_interfaces/include/chest_interfaces/msg/detail/equipment_state__builder.hpp
-- Up-to-date: /home/zkxt/Documents/TK30/bianjiexiongkong/install/chest_interfaces/include/chest_interfaces/msg/detail/video_source__traits.hpp
-- Up-to-date: /home/zkxt/Documents/TK30/bianjiexiongkong/install/chest_interfaces/include/chest_interfaces/msg/detail/video_source__struct.hpp
-- Up-to-date: /home/zkxt/Documents/TK30/bianjiexiongkong/install/chest_interfaces/include/chest_interfaces/msg/detail/button_state__traits.hpp
-- Up-to-date: /home/zkxt/Documents/TK30/bianjiexiongkong/install/chest_interfaces/include/chest_interfaces/msg/detail/voice_command__traits.hpp
-- Up-to-date: /home/zkxt/Documents/TK30/bianjiexiongkong/install/chest_interfaces/include/chest_interfaces/msg/detail/head_tracking__builder.hpp
-- Up-to-date: /home/zkxt/Documents/TK30/bianjiexiongkong/install/chest_interfaces/include/chest_interfaces/msg/detail/voice_command__struct.hpp
-- Up-to-date: /home/zkxt/Documents/TK30/bianjiexiongkong/install/chest_interfaces/include/chest_interfaces/msg/detail/equipment_state__struct.hpp
-- Up-to-date: /home/zkxt/Documents/TK30/bianjiexiongkong/install/chest_interfaces/include/chest_interfaces/msg/detail/button_state__struct.hpp
-- Up-to-date: /home/zkxt/Documents/TK30/bianjiexiongkong/install/chest_interfaces/include/chest_interfaces/msg/detail/button_state__type_support.hpp
-- Up-to-date: /home/zkxt/Documents/TK30/bianjiexiongkong/install/chest_interfaces/include/chest_interfaces/msg/detail/voice_command__type_support.hpp
-- Up-to-date: /home/zkxt/Documents/TK30/bianjiexiongkong/install/chest_interfaces/include/chest_interfaces/msg/detail/equipment_state__traits.hpp
-- Up-to-date: /home/zkxt/Documents/TK30/bianjiexiongkong/install/chest_interfaces/include/chest_interfaces/msg/detail/head_tracking__struct.hpp
-- Up-to-date: /home/zkxt/Documents/TK30/bianjiexiongkong/install/chest_interfaces/include/chest_interfaces/msg/detail/voice_text__struct.hpp
-- Up-to-date: /home/zkxt/Documents/TK30/bianjiexiongkong/install/chest_interfaces/include/chest_interfaces/msg/detail/voice_text__traits.hpp
-- Up-to-date: /home/zkxt/Documents/TK30/bianjiexiongkong/install/chest_interfaces/include/chest_interfaces/msg/detail/head_tracking__type_support.hpp
-- Up-to-date: /home/zkxt/Documents/TK30/bianjiexiongkong/install/chest_interfaces/include/chest_interfaces/msg/head_tracking.hpp
-- Up-to-date: /home/zkxt/Documents/TK30/bianjiexiongkong/install/chest_interfaces/include/chest_interfaces/msg/rosidl_generator_cpp__visibility_control.hpp
-- Up-to-date: /home/zkxt/Documents/TK30/bianjiexiongkong/install/chest_interfaces/include/chest_interfaces/msg/button_state.hpp
-- Installing: /home/zkxt/Documents/TK30/bianjiexiongkong/install/chest_interfaces/share/ament_index/resource_index/package_run_dependencies/chest_interfaces
-- Installing: /home/zkxt/Documents/TK30/bianjiexiongkong/install/chest_interfaces/share/ament_index/resource_index/parent_prefix_path/chest_interfaces
-- Installing: /home/zkxt/Documents/TK30/bianjiexiongkong/install/chest_interfaces/share/chest_interfaces/environment/ament_prefix_path.sh
-- Installing: /home/zkxt/Documents/TK30/bianjiexiongkong/install/chest_interfaces/share/chest_interfaces/environment/ament_prefix_path.dsv
-- Installing: /home/zkxt/Documents/TK30/bianjiexiongkong/install/chest_interfaces/share/chest_interfaces/environment/path.sh
-- Installing: /home/zkxt/Documents/TK30/bianjiexiongkong/install/chest_interfaces/share/chest_interfaces/environment/path.dsv
-- Installing: /home/zkxt/Documents/TK30/bianjiexiongkong/install/chest_interfaces/share/chest_interfaces/local_setup.bash
-- Installing: /home/zkxt/Documents/TK30/bianjiexiongkong/install/chest_interfaces/share/chest_interfaces/local_setup.sh
-- Installing: /home/zkxt/Documents/TK30/bianjiexiongkong/install/chest_interfaces/share/chest_interfaces/local_setup.zsh
-- Installing: /home/zkxt/Documents/TK30/bianjiexiongkong/install/chest_interfaces/share/chest_interfaces/local_setup.dsv
-- Installing: /home/zkxt/Documents/TK30/bianjiexiongkong/install/chest_interfaces/share/chest_interfaces/package.dsv
-- Installing: /home/zkxt/Documents/TK30/bianjiexiongkong/install/chest_interfaces/share/ament_index/resource_index/packages/chest_interfaces
-- Installing: /home/zkxt/Documents/TK30/bianjiexiongkong/install/chest_interfaces/share/chest_interfaces/cmake/chest_interfaces__rosidl_generator_cExport.cmake
-- Installing: /home/zkxt/Documents/TK30/bianjiexiongkong/install/chest_interfaces/share/chest_interfaces/cmake/chest_interfaces__rosidl_generator_cExport-noconfig.cmake
-- Installing: /home/zkxt/Documents/TK30/bianjiexiongkong/install/chest_interfaces/share/chest_interfaces/cmake/chest_interfaces__rosidl_typesupport_introspection_cExport.cmake
-- Installing: /home/zkxt/Documents/TK30/bianjiexiongkong/install/chest_interfaces/share/chest_interfaces/cmake/chest_interfaces__rosidl_typesupport_introspection_cExport-noconfig.cmake
-- Installing: /home/zkxt/Documents/TK30/bianjiexiongkong/install/chest_interfaces/share/chest_interfaces/cmake/chest_interfaces__rosidl_typesupport_cExport.cmake
-- Installing: /home/zkxt/Documents/TK30/bianjiexiongkong/install/chest_interfaces/share/chest_interfaces/cmake/chest_interfaces__rosidl_typesupport_cExport-noconfig.cmake
-- Installing: /home/zkxt/Documents/TK30/bianjiexiongkong/install/chest_interfaces/share/chest_interfaces/cmake/chest_interfaces__rosidl_generator_cppExport.cmake
-- Installing: /home/zkxt/Documents/TK30/bianjiexiongkong/install/chest_interfaces/share/chest_interfaces/cmake/chest_interfaces__rosidl_typesupport_introspection_cppExport.cmake
-- Installing: /home/zkxt/Documents/TK30/bianjiexiongkong/install/chest_interfaces/share/chest_interfaces/cmake/chest_interfaces__rosidl_typesupport_introspection_cppExport-noconfig.cmake
-- Installing: /home/zkxt/Documents/TK30/bianjiexiongkong/install/chest_interfaces/share/chest_interfaces/cmake/chest_interfaces__rosidl_typesupport_cppExport.cmake
-- Installing: /home/zkxt/Documents/TK30/bianjiexiongkong/install/chest_interfaces/share/chest_interfaces/cmake/chest_interfaces__rosidl_typesupport_cppExport-noconfig.cmake
-- Installing: /home/zkxt/Documents/TK30/bianjiexiongkong/install/chest_interfaces/share/chest_interfaces/cmake/rosidl_cmake-extras.cmake
-- Installing: /home/zkxt/Documents/TK30/bianjiexiongkong/install/chest_interfaces/share/chest_interfaces/cmake/ament_cmake_export_dependencies-extras.cmake
-- Installing: /home/zkxt/Documents/TK30/bianjiexiongkong/install/chest_interfaces/share/chest_interfaces/cmake/ament_cmake_export_libraries-extras.cmake
-- Installing: /home/zkxt/Documents/TK30/bianjiexiongkong/install/chest_interfaces/share/chest_interfaces/cmake/ament_cmake_export_targets-extras.cmake
-- Installing: /home/zkxt/Documents/TK30/bianjiexiongkong/install/chest_interfaces/share/chest_interfaces/cmake/ament_cmake_export_include_directories-extras.cmake
-- Installing: /home/zkxt/Documents/TK30/bianjiexiongkong/install/chest_interfaces/share/chest_interfaces/cmake/rosidl_cmake_export_typesupport_libraries-extras.cmake
-- Installing: /home/zkxt/Documents/TK30/bianjiexiongkong/install/chest_interfaces/share/chest_interfaces/cmake/rosidl_cmake_export_typesupport_targets-extras.cmake
-- Installing: /home/zkxt/Documents/TK30/bianjiexiongkong/install/chest_interfaces/share/chest_interfaces/cmake/chest_interfacesConfig.cmake
-- Installing: /home/zkxt/Documents/TK30/bianjiexiongkong/install/chest_interfaces/share/chest_interfaces/cmake/chest_interfacesConfig-version.cmake
-- Installing: /home/zkxt/Documents/TK30/bianjiexiongkong/install/chest_interfaces/share/chest_interfaces/package.xml
