[0.059s] Invoking command in '/home/zkxt/Documents/TK30/bianjiexiongkong/build/ar_display': CMAKE_PREFIX_PATH=/home/zkxt/Documents/TK30/bianjiexiongkong/install/chest_interfaces:/home/zkxt/Documents/TK30/bianjiexiongkong/install/voice_processing:/home/zkxt/Documents/TK30/bianjiexiongkong/install/video_source_loader:/home/zkxt/Documents/TK30/bianjiexiongkong/install/head_tracking:/home/zkxt/Documents/TK30/bianjiexiongkong/install/controller_display:/home/zkxt/Documents/TK30/bianjiexiongkong/install/communication:/home/zkxt/Documents/TK30/bianjiexiongkong/install/button_simulator:/home/zkxt/Documents/TK30/bianjiexiongkong/install/ar_display:/home/zkxt/Documents/TK30/bianjiexiongkong/install/web_monitor:/opt/ros/foxy LD_LIBRARY_PATH=/home/zkxt/Documents/TK30/bianjiexiongkong/install/chest_interfaces/lib:/home/zkxt/Documents/TK30/bianjiexiongkong/install/voice_processing/lib:/home/zkxt/Documents/TK30/bianjiexiongkong/install/head_tracking/lib:/home/zkxt/Documents/TK30/bianjiexiongkong/install/controller_display/lib:/opt/ros/foxy/opt/yaml_cpp_vendor/lib:/opt/ros/foxy/lib/aarch64-linux-gnu:/opt/ros/foxy/lib PYTHONPATH=/home/zkxt/Documents/TK30/bianjiexiongkong/install/chest_interfaces/lib/python3.8/site-packages:/home/zkxt/Documents/TK30/bianjiexiongkong/install/web_monitor/lib/python3.8/site-packages:/home/zkxt/Documents/TK30/bianjiexiongkong/install/chest_interfaces/lib/python3.12/site-packages:/opt/ros/foxy/lib/python3.8/site-packages /usr/bin/cmake /home/zkxt/Documents/TK30/bianjiexiongkong/src/ar_display -DCMAKE_INSTALL_PREFIX=/home/zkxt/Documents/TK30/bianjiexiongkong/install/ar_display
[0.098s] -- Found ament_cmake: 0.9.12 (/opt/ros/foxy/share/ament_cmake/cmake)
[0.143s] -- Using PYTHON_EXECUTABLE: /usr/bin/python3
[0.434s] -- Found rclcpp: 2.4.3 (/opt/ros/foxy/share/rclcpp/cmake)
[0.488s] -- Using all available rosidl_typesupport_c: rosidl_typesupport_fastrtps_c;rosidl_typesupport_introspection_c
[0.494s] -- Found rosidl_adapter: 1.3.1 (/opt/ros/foxy/share/rosidl_adapter/cmake)
[0.692s] -- Using all available rosidl_typesupport_cpp: rosidl_typesupport_fastrtps_cpp;rosidl_typesupport_introspection_cpp
[0.783s] -- Found rmw_implementation_cmake: 1.0.4 (/opt/ros/foxy/share/rmw_implementation_cmake/cmake)
[0.785s] -- Using RMW implementation 'rmw_fastrtps_cpp' as default
[1.057s] -- Found chest_interfaces: 0.0.1 (/home/zkxt/Documents/TK30/bianjiexiongkong/install/chest_interfaces/share/chest_interfaces/cmake)
[1.139s] CMake Error at CMakeLists.txt:14 (find_package):
[1.140s]   By not providing "FindOpenCV.cmake" in CMAKE_MODULE_PATH this project has
[1.140s]   asked CMake to find a package configuration file provided by "OpenCV", but
[1.140s]   CMake did not find one.
[1.140s] 
[1.140s]   Could not find a package configuration file provided by "OpenCV" with any
[1.140s]   of the following names:
[1.140s] 
[1.140s]     OpenCVConfig.cmake
[1.140s]     opencv-config.cmake
[1.141s] 
[1.141s]   Add the installation prefix of "OpenCV" to CMAKE_PREFIX_PATH or set
[1.141s]   "OpenCV_DIR" to a directory containing one of the above files.  If "OpenCV"
[1.141s]   provides a separate development package or SDK, be sure it has been
[1.141s]   installed.
[1.141s] 
[1.141s] 
[1.142s] -- Configuring incomplete, errors occurred!
[1.142s] See also "/home/zkxt/Documents/TK30/bianjiexiongkong/build/ar_display/CMakeFiles/CMakeOutput.log".
[1.142s] See also "/home/zkxt/Documents/TK30/bianjiexiongkong/build/ar_display/CMakeFiles/CMakeError.log".
[1.153s] Invoked command in '/home/zkxt/Documents/TK30/bianjiexiongkong/build/ar_display' returned '1': CMAKE_PREFIX_PATH=/home/zkxt/Documents/TK30/bianjiexiongkong/install/chest_interfaces:/home/zkxt/Documents/TK30/bianjiexiongkong/install/voice_processing:/home/zkxt/Documents/TK30/bianjiexiongkong/install/video_source_loader:/home/zkxt/Documents/TK30/bianjiexiongkong/install/head_tracking:/home/zkxt/Documents/TK30/bianjiexiongkong/install/controller_display:/home/zkxt/Documents/TK30/bianjiexiongkong/install/communication:/home/zkxt/Documents/TK30/bianjiexiongkong/install/button_simulator:/home/zkxt/Documents/TK30/bianjiexiongkong/install/ar_display:/home/zkxt/Documents/TK30/bianjiexiongkong/install/web_monitor:/opt/ros/foxy LD_LIBRARY_PATH=/home/zkxt/Documents/TK30/bianjiexiongkong/install/chest_interfaces/lib:/home/zkxt/Documents/TK30/bianjiexiongkong/install/voice_processing/lib:/home/zkxt/Documents/TK30/bianjiexiongkong/install/head_tracking/lib:/home/zkxt/Documents/TK30/bianjiexiongkong/install/controller_display/lib:/opt/ros/foxy/opt/yaml_cpp_vendor/lib:/opt/ros/foxy/lib/aarch64-linux-gnu:/opt/ros/foxy/lib PYTHONPATH=/home/zkxt/Documents/TK30/bianjiexiongkong/install/chest_interfaces/lib/python3.8/site-packages:/home/zkxt/Documents/TK30/bianjiexiongkong/install/web_monitor/lib/python3.8/site-packages:/home/zkxt/Documents/TK30/bianjiexiongkong/install/chest_interfaces/lib/python3.12/site-packages:/opt/ros/foxy/lib/python3.8/site-packages /usr/bin/cmake /home/zkxt/Documents/TK30/bianjiexiongkong/src/ar_display -DCMAKE_INSTALL_PREFIX=/home/zkxt/Documents/TK30/bianjiexiongkong/install/ar_display
