[0.000000] (-) TimerEvent: {}
[0.003811] (-) JobUnselected: {'identifier': 'button_simulator'}
[0.004065] (-) JobUnselected: {'identifier': 'chest_interfaces'}
[0.004279] (-) JobUnselected: {'identifier': 'communication'}
[0.007913] (-) JobUnselected: {'identifier': 'controller_display'}
[0.008295] (-) JobUnselected: {'identifier': 'head_tracking'}
[0.008530] (-) JobUnselected: {'identifier': 'video_source_loader'}
[0.009040] (-) JobUnselected: {'identifier': 'voice_processing'}
[0.010121] (-) JobUnselected: {'identifier': 'web_monitor'}
[0.010343] (ar_display) JobQueued: {'identifier': 'ar_display', 'dependencies': OrderedDict([('chest_interfaces', '/home/zkxt/Documents/TK30/bianjiexiongkong/install/chest_interfaces')])}
[0.010570] (ar_display) JobStarted: {'identifier': 'ar_display'}
[0.058783] (ar_display) JobProgress: {'identifier': 'ar_display', 'progress': 'cmake'}
[0.061984] (ar_display) Command: {'cmd': ['/usr/bin/cmake', '/home/zkxt/Documents/TK30/bianjiexiongkong/src/ar_display', '-DCMAKE_INSTALL_PREFIX=/home/zkxt/Documents/TK30/bianjiexiongkong/install/ar_display'], 'cwd': '/home/zkxt/Documents/TK30/bianjiexiongkong/build/ar_display', 'env': OrderedDict([('GJS_DEBUG_TOPICS', 'JS ERROR;JS LOG'), ('PYTHON_BASIC_REPL', '1'), ('UMS_MOUNTPOINT', '/mnt/ums'), ('GST_V4L2_PREFERRED_FOURCC', 'NV12:YU12:NV16:YUY2'), ('LANGUAGE', 'zh_CN:en_AU:en_CA:en_GB:en_US:en'), ('USER', 'zkxt'), ('LC_TIME', 'zh_CN.UTF-8'), ('SSH_AGENT_PID', '900'), ('XDG_SESSION_TYPE', 'x11'), ('GIT_ASKPASS', '/usr/share/code/resources/app/extensions/git/dist/askpass.sh'), ('SHLVL', '1'), ('USB_FUNCS', 'adb'), ('LD_LIBRARY_PATH', '/home/zkxt/Documents/TK30/bianjiexiongkong/install/chest_interfaces/lib:/home/zkxt/Documents/TK30/bianjiexiongkong/install/voice_processing/lib:/home/zkxt/Documents/TK30/bianjiexiongkong/install/head_tracking/lib:/home/zkxt/Documents/TK30/bianjiexiongkong/install/controller_display/lib:/opt/ros/foxy/opt/yaml_cpp_vendor/lib:/opt/ros/foxy/lib/aarch64-linux-gnu:/opt/ros/foxy/lib'), ('HOME', '/home/zkxt'), ('CHROME_DESKTOP', 'code.desktop'), ('OLDPWD', '/home/zkxt/Documents/TK30/bianjiexiongkong'), ('TERM_PROGRAM_VERSION', '1.106.1'), ('DESKTOP_SESSION', 'ubuntu'), ('GST_INSPECT_NO_COLORS', '1'), ('GIO_LAUNCHED_DESKTOP_FILE', '/usr/share/applications/code.desktop'), ('GST_MPP_NO_RGA', '1'), ('ROS_PYTHON_VERSION', '3'), ('COGL_DRIVER', 'gles2'), ('GNOME_SHELL_SESSION_MODE', 'ubuntu'), ('GTK_MODULES', 'gail:atk-bridge'), ('VSCODE_GIT_ASKPASS_MAIN', '/usr/share/code/resources/app/extensions/git/dist/askpass-main.js'), ('LC_MONETARY', 'zh_CN.UTF-8'), ('VSCODE_GIT_ASKPASS_NODE', '/usr/share/code/code'), ('MANAGERPID', '778'), ('PYDEVD_DISABLE_FILE_VALIDATION', '1'), ('BUNDLED_DEBUGPY_PATH', '/home/zkxt/.vscode/extensions/ms-python.debugpy-2025.16.0/bundled/libs/debugpy'), ('VSCODE_PYTHON_AUTOACTIVATE_GUARD', '1'), ('DBUS_SESSION_BUS_ADDRESS', 'unix:path=/run/user/1000/bus'), ('COLORTERM', 'truecolor'), ('QTWEBENGINE_CHROMIUM_FLAGS', '--no-sandbox --disable-es3-gl-context --ignore-gpu-blacklist --ignore-gpu-blocklist --enable-accelerated-video-decode'), ('GIO_LAUNCHED_DESKTOP_FILE_PID', '88113'), ('IM_CONFIG_PHASE', '1'), ('COLCON_PREFIX_PATH', '/home/zkxt/Documents/TK30/bianjiexiongkong/install'), ('GST_V4L2SRC_MAX_RESOLUTION', '3840x2160'), ('ROS_DISTRO', 'foxy'), ('LOGNAME', 'zkxt'), ('JOURNAL_STREAM', '8:43327'), ('_', '/usr/bin/colcon'), ('ROS_VERSION', '2'), ('XDG_SESSION_CLASS', 'user'), ('USERNAME', 'zkxt'), ('TERM', 'xterm-256color'), ('GST_GL_API', 'gles2'), ('GST_VIDEO_CONVERT_PREFERRED_FORMAT', 'NV12:NV16:I420:YUY2'), ('GNOME_DESKTOP_SESSION_ID', 'this-is-deprecated'), ('GST_V4L2SRC_RK_DEVICES', '_mainpath:_selfpath:_bypass:_scale'), ('ROS_LOCALHOST_ONLY', '0'), ('WINDOWPATH', '2'), ('PATH', '/opt/ros/foxy/bin:/home/zkxt/Downloads/yes/bin:/usr/local/sbin:/usr/local/bin:/usr/sbin:/usr/bin:/sbin:/bin:/usr/games:/usr/local/games:/snap/bin:/home/zkxt/.vscode/extensions/ms-python.debugpy-2025.16.0/bundled/scripts/noConfigScripts'), ('SESSION_MANAGER', 'local/ubuntu2004:@/tmp/.ICE-unix/1001,unix/ubuntu2004:/tmp/.ICE-unix/1001'), ('INVOCATION_ID', '9023024161f84a06b6caae9d3c6b0da7'), ('PYTHON_EXECUTABLE', '/usr/bin/python3.8'), ('PAPERSIZE', 'a4'), ('XDG_MENU_PREFIX', 'gnome-'), ('LC_ADDRESS', 'zh_CN.UTF-8'), ('XDG_RUNTIME_DIR', '/run/user/1000'), ('GDK_BACKEND', 'x11'), ('GST_GL_PLATFORM', 'egl'), ('GST_DEBUG_NO_COLOR', '1'), ('GST_V4L2SRC_DEFAULT_DEVICE', '/dev/video-camera0'), ('DISPLAY', ':0.0'), ('VSCODE_DEBUGPY_ADAPTER_ENDPOINTS', '/home/zkxt/.vscode/extensions/ms-python.debugpy-2025.16.0/.noConfigDebugAdapterEndpoints/endpoint-621122f711823afe.txt'), ('LANG', 'zh_CN.UTF-8'), ('XDG_CURRENT_DESKTOP', 'Unity'), ('PYTHONSTARTUP', '/home/zkxt/.config/Code/User/workspaceStorage/29c200c1b92ad277d211b470a658a384/ms-python.python/pythonrc.py'), ('LC_TELEPHONE', 'zh_CN.UTF-8'), ('XMODIFIERS', '@im=ibus'), ('XDG_SESSION_DESKTOP', 'ubuntu'), ('XAUTHORITY', '/run/user/1000/gdm/Xauthority'), ('VSCODE_GIT_IPC_HANDLE', '/run/user/1000/vscode-git-34c5604001.sock'), ('TERM_PROGRAM', 'vscode'), ('GST_V4L2_USE_LIBV4L2', '1'), ('SSH_AUTH_SOCK', '/run/user/1000/keyring/ssh'), ('UMS_SIZE', '256M'), ('AMENT_PREFIX_PATH', '/home/zkxt/Documents/TK30/bianjiexiongkong/install/web_monitor:/home/zkxt/Documents/TK30/bianjiexiongkong/install/voice_processing:/home/zkxt/Documents/TK30/bianjiexiongkong/install/video_source_loader:/home/zkxt/Documents/TK30/bianjiexiongkong/install/head_tracking:/home/zkxt/Documents/TK30/bianjiexiongkong/install/controller_display:/home/zkxt/Documents/TK30/bianjiexiongkong/install/communication:/home/zkxt/Documents/TK30/bianjiexiongkong/install/button_simulator:/home/zkxt/Documents/TK30/bianjiexiongkong/install/ar_display:/home/zkxt/Documents/TK30/bianjiexiongkong/install/chest_interfaces:/opt/ros/foxy'), ('ORIGINAL_XDG_CURRENT_DESKTOP', 'ubuntu:GNOME'), ('SHELL', '/bin/bash'), ('LC_NAME', 'zh_CN.UTF-8'), ('QT_ACCESSIBILITY', '1'), ('UMS_RO', '0'), ('GDMSESSION', 'ubuntu'), ('UMS_FSTYPE', 'vfat'), ('LC_MEASUREMENT', 'zh_CN.UTF-8'), ('GPG_AGENT_INFO', '/run/user/1000/gnupg/S.gpg-agent:0:1'), ('GJS_DEBUG_OUTPUT', 'stderr'), ('LC_IDENTIFICATION', 'zh_CN.UTF-8'), ('VSCODE_GIT_ASKPASS_EXTRA_ARGS', ''), ('QT_IM_MODULE', 'ibus'), ('PWD', '/home/zkxt/Documents/TK30/bianjiexiongkong/build/ar_display'), ('XDG_CONFIG_DIRS', '/etc/xdg/xdg-ubuntu:/etc/xdg'), ('XDG_DATA_DIRS', '/usr/share/ubuntu:/usr/local/share/:/usr/share/:/var/lib/snapd/desktop'), ('PYTHONPATH', '/home/zkxt/Documents/TK30/bianjiexiongkong/install/chest_interfaces/lib/python3.8/site-packages:/home/zkxt/Documents/TK30/bianjiexiongkong/install/web_monitor/lib/python3.8/site-packages:/home/zkxt/Documents/TK30/bianjiexiongkong/install/chest_interfaces/lib/python3.12/site-packages:/opt/ros/foxy/lib/python3.8/site-packages'), ('LC_NUMERIC', 'zh_CN.UTF-8'), ('UMS_MOUNT', '0'), ('LC_PAPER', 'zh_CN.UTF-8'), ('COLCON', '1'), ('CMAKE_PREFIX_PATH', '/home/zkxt/Documents/TK30/bianjiexiongkong/install/chest_interfaces:/home/zkxt/Documents/TK30/bianjiexiongkong/install/voice_processing:/home/zkxt/Documents/TK30/bianjiexiongkong/install/video_source_loader:/home/zkxt/Documents/TK30/bianjiexiongkong/install/head_tracking:/home/zkxt/Documents/TK30/bianjiexiongkong/install/controller_display:/home/zkxt/Documents/TK30/bianjiexiongkong/install/communication:/home/zkxt/Documents/TK30/bianjiexiongkong/install/button_simulator:/home/zkxt/Documents/TK30/bianjiexiongkong/install/ar_display:/home/zkxt/Documents/TK30/bianjiexiongkong/install/web_monitor:/opt/ros/foxy'), ('UMS_FILE', '/userdata/ums_shared.img')]), 'shell': False}
[0.099842] (-) TimerEvent: {}
[0.107663] (ar_display) StdoutLine: {'line': b'-- Found ament_cmake: 0.9.12 (/opt/ros/foxy/share/ament_cmake/cmake)\n'}
[0.153119] (ar_display) StdoutLine: {'line': b'-- Using PYTHON_EXECUTABLE: /usr/bin/python3\n'}
[0.200004] (-) TimerEvent: {}
[0.300791] (-) TimerEvent: {}
[0.401530] (-) TimerEvent: {}
[0.443880] (ar_display) StdoutLine: {'line': b'-- Found rclcpp: 2.4.3 (/opt/ros/foxy/share/rclcpp/cmake)\n'}
[0.498400] (ar_display) StdoutLine: {'line': b'-- Using all available rosidl_typesupport_c: rosidl_typesupport_fastrtps_c;rosidl_typesupport_introspection_c\n'}
[0.501690] (-) TimerEvent: {}
[0.504485] (ar_display) StdoutLine: {'line': b'-- Found rosidl_adapter: 1.3.1 (/opt/ros/foxy/share/rosidl_adapter/cmake)\n'}
[0.601892] (-) TimerEvent: {}
[0.702087] (ar_display) StdoutLine: {'line': b'-- Using all available rosidl_typesupport_cpp: rosidl_typesupport_fastrtps_cpp;rosidl_typesupport_introspection_cpp\n'}
[0.702930] (-) TimerEvent: {}
[0.792917] (ar_display) StdoutLine: {'line': b'-- Found rmw_implementation_cmake: 1.0.4 (/opt/ros/foxy/share/rmw_implementation_cmake/cmake)\n'}
[0.795684] (ar_display) StdoutLine: {'line': b"-- Using RMW implementation 'rmw_fastrtps_cpp' as default\n"}
[0.806368] (-) TimerEvent: {}
[0.906760] (-) TimerEvent: {}
[1.007287] (-) TimerEvent: {}
[1.067405] (ar_display) StdoutLine: {'line': b'-- Found chest_interfaces: 0.0.1 (/home/zkxt/Documents/TK30/bianjiexiongkong/install/chest_interfaces/share/chest_interfaces/cmake)\n'}
[1.107364] (-) TimerEvent: {}
[1.149952] (ar_display) StderrLine: {'line': b'CMake Error at CMakeLists.txt:14 (find_package):\n'}
[1.150332] (ar_display) StderrLine: {'line': b'  By not providing "FindOpenCV.cmake" in CMAKE_MODULE_PATH this project has\n'}
[1.150483] (ar_display) StderrLine: {'line': b'  asked CMake to find a package configuration file provided by "OpenCV", but\n'}
[1.150594] (ar_display) StderrLine: {'line': b'  CMake did not find one.\n'}
[1.150694] (ar_display) StderrLine: {'line': b'\n'}
[1.150791] (ar_display) StderrLine: {'line': b'  Could not find a package configuration file provided by "OpenCV" with any\n'}
[1.150886] (ar_display) StderrLine: {'line': b'  of the following names:\n'}
[1.150979] (ar_display) StderrLine: {'line': b'\n'}
[1.151072] (ar_display) StderrLine: {'line': b'    OpenCVConfig.cmake\n'}
[1.151165] (ar_display) StderrLine: {'line': b'    opencv-config.cmake\n'}
[1.151259] (ar_display) StderrLine: {'line': b'\n'}
[1.151353] (ar_display) StderrLine: {'line': b'  Add the installation prefix of "OpenCV" to CMAKE_PREFIX_PATH or set\n'}
[1.151447] (ar_display) StderrLine: {'line': b'  "OpenCV_DIR" to a directory containing one of the above files.  If "OpenCV"\n'}
[1.151541] (ar_display) StderrLine: {'line': b'  provides a separate development package or SDK, be sure it has been\n'}
[1.151635] (ar_display) StderrLine: {'line': b'  installed.\n'}
[1.151729] (ar_display) StderrLine: {'line': b'\n'}
[1.151821] (ar_display) StderrLine: {'line': b'\n'}
[1.152190] (ar_display) StdoutLine: {'line': b'-- Configuring incomplete, errors occurred!\n'}
[1.152373] (ar_display) StdoutLine: {'line': b'See also "/home/zkxt/Documents/TK30/bianjiexiongkong/build/ar_display/CMakeFiles/CMakeOutput.log".\n'}
[1.152486] (ar_display) StdoutLine: {'line': b'See also "/home/zkxt/Documents/TK30/bianjiexiongkong/build/ar_display/CMakeFiles/CMakeError.log".\n'}
[1.163092] (ar_display) CommandEnded: {'returncode': 1}
[1.207523] (-) TimerEvent: {}
[1.289196] (ar_display) JobEnded: {'identifier': 'ar_display', 'rc': 1}
[1.293559] (-) EventReactorShutdown: {}
