[0.118s] Invoking command in '/home/zkxt/Documents/TK30/bianjiexiongkong/build/button_simulator': CMAKE_PREFIX_PATH=/home/zkxt/Documents/TK30/bianjiexiongkong/install/chest_interfaces:/home/zkxt/Documents/TK30/bianjiexiongkong/install/voice_processing:/home/zkxt/Documents/TK30/bianjiexiongkong/install/video_source_loader:/home/zkxt/Documents/TK30/bianjiexiongkong/install/head_tracking:/home/zkxt/Documents/TK30/bianjiexiongkong/install/controller_display:/home/zkxt/Documents/TK30/bianjiexiongkong/install/communication:/home/zkxt/Documents/TK30/bianjiexiongkong/install/button_simulator:/home/zkxt/Documents/TK30/bianjiexiongkong/install/ar_display:/home/zkxt/Documents/TK30/bianjiexiongkong/install/web_monitor:/opt/ros/foxy LD_LIBRARY_PATH=/home/zkxt/Documents/TK30/bianjiexiongkong/install/chest_interfaces/lib:/home/zkxt/Documents/TK30/bianjiexiongkong/install/voice_processing/lib:/home/zkxt/Documents/TK30/bianjiexiongkong/install/head_tracking/lib:/home/zkxt/Documents/TK30/bianjiexiongkong/install/controller_display/lib:/opt/ros/foxy/opt/yaml_cpp_vendor/lib:/opt/ros/foxy/lib/aarch64-linux-gnu:/opt/ros/foxy/lib PYTHONPATH=/home/zkxt/Documents/TK30/bianjiexiongkong/install/chest_interfaces/lib/python3.8/site-packages:/home/zkxt/Documents/TK30/bianjiexiongkong/install/web_monitor/lib/python3.8/site-packages:/home/zkxt/Documents/TK30/bianjiexiongkong/install/chest_interfaces/lib/python3.12/site-packages:/opt/ros/foxy/lib/python3.8/site-packages /usr/bin/cmake /home/zkxt/Documents/TK30/bianjiexiongkong/src/button_simulator -DCMAKE_INSTALL_PREFIX=/home/zkxt/Documents/TK30/bianjiexiongkong/install/button_simulator
[0.408s] -- The C compiler identification is GNU 9.4.0
[0.692s] -- The CXX compiler identification is GNU 9.4.0
[0.701s] -- Check for working C compiler: /usr/bin/cc
[1.024s] -- Check for working C compiler: /usr/bin/cc -- works
[1.025s] -- Detecting C compiler ABI info
[1.248s] -- Detecting C compiler ABI info - done
[1.331s] -- Detecting C compile features
[1.332s] -- Detecting C compile features - done
[1.353s] -- Check for working CXX compiler: /usr/bin/c++
[1.678s] -- Check for working CXX compiler: /usr/bin/c++ -- works
[1.680s] -- Detecting CXX compiler ABI info
[2.037s] -- Detecting CXX compiler ABI info - done
[2.060s] -- Detecting CXX compile features
[2.060s] -- Detecting CXX compile features - done
[2.063s] -- Found ament_cmake: 0.9.12 (/opt/ros/foxy/share/ament_cmake/cmake)
[2.110s] -- Found PythonInterp: /usr/bin/python3 (found suitable version "3.8.10", minimum required is "3") 
[2.110s] -- Using PYTHON_EXECUTABLE: /usr/bin/python3
[2.608s] -- Found rclcpp: 2.4.3 (/opt/ros/foxy/share/rclcpp/cmake)
[2.690s] -- Using all available rosidl_typesupport_c: rosidl_typesupport_fastrtps_c;rosidl_typesupport_introspection_c
[2.700s] -- Found rosidl_adapter: 1.3.1 (/opt/ros/foxy/share/rosidl_adapter/cmake)
[2.940s] -- Found OpenSSL: /usr/lib/aarch64-linux-gnu/libcrypto.so (found version "1.1.1f")  
[3.053s] -- Found FastRTPS: /opt/ros/foxy/include  
[3.184s] -- Using all available rosidl_typesupport_cpp: rosidl_typesupport_fastrtps_cpp;rosidl_typesupport_introspection_cpp
[3.355s] -- Found rmw_implementation_cmake: 1.0.4 (/opt/ros/foxy/share/rmw_implementation_cmake/cmake)
[3.359s] -- Using RMW implementation 'rmw_fastrtps_cpp' as default
[3.363s] -- Looking for pthread.h
[3.610s] -- Looking for pthread.h - found
[3.610s] -- Performing Test CMAKE_HAVE_LIBC_PTHREAD
[3.830s] -- Performing Test CMAKE_HAVE_LIBC_PTHREAD - Failed
[3.830s] -- Looking for pthread_create in pthreads
[4.156s] -- Looking for pthread_create in pthreads - not found
[4.156s] -- Looking for pthread_create in pthread
[4.501s] -- Looking for pthread_create in pthread - found
[4.508s] -- Found Threads: TRUE  
[5.117s] -- Found chest_interfaces: 0.0.1 (/home/zkxt/Documents/TK30/bianjiexiongkong/install/chest_interfaces/share/chest_interfaces/cmake)
[5.216s] -- Found PkgConfig: /usr/bin/pkg-config (found version "0.29.1") 
[5.219s] -- Checking for module 'ncursesw'
[5.256s] --   Found ncursesw, version 6.2.20200212
[5.714s] -- Configuring done
[5.866s] -- Generating done
[5.968s] -- Build files have been written to: /home/zkxt/Documents/TK30/bianjiexiongkong/build/button_simulator
