-- Found ament_cmake: 0.9.12 (/opt/ros/foxy/share/ament_cmake/cmake)
-- Using PYTHON_EXECUTABLE: /usr/bin/python3
-- Found rclcpp: 2.4.3 (/opt/ros/foxy/share/rclcpp/cmake)
-- Using all available rosidl_typesupport_c: rosidl_typesupport_fastrtps_c;rosidl_typesupport_introspection_c
-- Found rosidl_adapter: 1.3.1 (/opt/ros/foxy/share/rosidl_adapter/cmake)
-- Using all available rosidl_typesupport_cpp: rosidl_typesupport_fastrtps_cpp;rosidl_typesupport_introspection_cpp
-- Found rmw_implementation_cmake: 1.0.4 (/opt/ros/foxy/share/rmw_implementation_cmake/cmake)
-- Using RMW implementation 'rmw_fastrtps_cpp' as default
-- Found chest_interfaces: 0.0.1 (/home/zkxt/Documents/TK30/bianjiexiongkong/install/chest_interfaces/share/chest_interfaces/cmake)
-- Found OpenCV: /usr (found version "4.2.0") found components: core highgui imgproc freetype 
-- Found PkgConfig: /usr/bin/pkg-config (found version "0.29.1") 
-- Checking for module 'ncursesw'
--   Found ncursesw, version 6.2.20200212
-- Configuring done
-- Generating done
-- Build files have been written to: /home/zkxt/Documents/TK30/bianjiexiongkong/build/ar_display
[35m[1mScanning dependencies of target ar_display_node[0m
[ 33%] [32mBuilding CXX object CMakeFiles/ar_display_node.dir/src/ar_display_node.cpp.o[0m
[ 66%] [32mBuilding CXX object CMakeFiles/ar_display_node.dir/src/video_processor.cpp.o[0m
[100%] [32m[1mLinking CXX executable ar_display_node[0m
[100%] Built target ar_display_node
-- Install configuration: ""
-- Installing: /home/zkxt/Documents/TK30/bianjiexiongkong/install/ar_display/lib/ar_display/ar_display_node
-- Set runtime path of "/home/zkxt/Documents/TK30/bianjiexiongkong/install/ar_display/lib/ar_display/ar_display_node" to ""
-- Installing: /home/zkxt/Documents/TK30/bianjiexiongkong/install/ar_display/share/ar_display/launch
-- Installing: /home/zkxt/Documents/TK30/bianjiexiongkong/install/ar_display/share/ar_display/launch/ar_display.launch.py
-- Installing: /home/zkxt/Documents/TK30/bianjiexiongkong/install/ar_display/share/ament_index/resource_index/package_run_dependencies/ar_display
-- Installing: /home/zkxt/Documents/TK30/bianjiexiongkong/install/ar_display/share/ament_index/resource_index/parent_prefix_path/ar_display
-- Installing: /home/zkxt/Documents/TK30/bianjiexiongkong/install/ar_display/share/ar_display/environment/ament_prefix_path.sh
-- Installing: /home/zkxt/Documents/TK30/bianjiexiongkong/install/ar_display/share/ar_display/environment/ament_prefix_path.dsv
-- Installing: /home/zkxt/Documents/TK30/bianjiexiongkong/install/ar_display/share/ar_display/environment/path.sh
-- Installing: /home/zkxt/Documents/TK30/bianjiexiongkong/install/ar_display/share/ar_display/environment/path.dsv
-- Installing: /home/zkxt/Documents/TK30/bianjiexiongkong/install/ar_display/share/ar_display/local_setup.bash
-- Installing: /home/zkxt/Documents/TK30/bianjiexiongkong/install/ar_display/share/ar_display/local_setup.sh
-- Installing: /home/zkxt/Documents/TK30/bianjiexiongkong/install/ar_display/share/ar_display/local_setup.zsh
-- Installing: /home/zkxt/Documents/TK30/bianjiexiongkong/install/ar_display/share/ar_display/local_setup.dsv
-- Installing: /home/zkxt/Documents/TK30/bianjiexiongkong/install/ar_display/share/ar_display/package.dsv
-- Installing: /home/zkxt/Documents/TK30/bianjiexiongkong/install/ar_display/share/ament_index/resource_index/packages/ar_display
-- Installing: /home/zkxt/Documents/TK30/bianjiexiongkong/install/ar_display/share/ar_display/cmake/ament_cmake_export_dependencies-extras.cmake
-- Installing: /home/zkxt/Documents/TK30/bianjiexiongkong/install/ar_display/share/ar_display/cmake/ar_displayConfig.cmake
-- Installing: /home/zkxt/Documents/TK30/bianjiexiongkong/install/ar_display/share/ar_display/cmake/ar_displayConfig-version.cmake
-- Installing: /home/zkxt/Documents/TK30/bianjiexiongkong/install/ar_display/share/ar_display/package.xml
