[0.093s] Invoking command in '/home/zkxt/Documents/TK30/bianjiexiongkong/build/ar_display': CMAKE_PREFIX_PATH=/home/zkxt/Documents/TK30/bianjiexiongkong/install/chest_interfaces:/home/zkxt/Documents/TK30/bianjiexiongkong/install/voice_processing:/home/zkxt/Documents/TK30/bianjiexiongkong/install/video_source_loader:/home/zkxt/Documents/TK30/bianjiexiongkong/install/head_tracking:/home/zkxt/Documents/TK30/bianjiexiongkong/install/controller_display:/home/zkxt/Documents/TK30/bianjiexiongkong/install/communication:/home/zkxt/Documents/TK30/bianjiexiongkong/install/button_simulator:/home/zkxt/Documents/TK30/bianjiexiongkong/install/ar_display:/home/zkxt/Documents/TK30/bianjiexiongkong/install/web_monitor:/opt/ros/foxy LD_LIBRARY_PATH=/home/zkxt/Documents/TK30/bianjiexiongkong/install/chest_interfaces/lib:/home/zkxt/Documents/TK30/bianjiexiongkong/install/voice_processing/lib:/home/zkxt/Documents/TK30/bianjiexiongkong/install/head_tracking/lib:/home/zkxt/Documents/TK30/bianjiexiongkong/install/controller_display/lib:/opt/ros/foxy/opt/yaml_cpp_vendor/lib:/opt/ros/foxy/lib/aarch64-linux-gnu:/opt/ros/foxy/lib PYTHONPATH=/home/zkxt/Documents/TK30/bianjiexiongkong/install/chest_interfaces/lib/python3.8/site-packages:/home/zkxt/Documents/TK30/bianjiexiongkong/install/web_monitor/lib/python3.8/site-packages:/home/zkxt/Documents/TK30/bianjiexiongkong/install/chest_interfaces/lib/python3.12/site-packages:/opt/ros/foxy/lib/python3.8/site-packages /usr/bin/cmake /home/zkxt/Documents/TK30/bianjiexiongkong/src/ar_display -DCMAKE_INSTALL_PREFIX=/home/zkxt/Documents/TK30/bianjiexiongkong/install/ar_display
[0.548s] -- Found ament_cmake: 0.9.12 (/opt/ros/foxy/share/ament_cmake/cmake)
[0.548s] -- Using PYTHON_EXECUTABLE: /usr/bin/python3
[0.561s] -- Found rclcpp: 2.4.3 (/opt/ros/foxy/share/rclcpp/cmake)
[0.645s] -- Using all available rosidl_typesupport_c: rosidl_typesupport_fastrtps_c;rosidl_typesupport_introspection_c
[0.651s] -- Found rosidl_adapter: 1.3.1 (/opt/ros/foxy/share/rosidl_adapter/cmake)
[0.877s] -- Using all available rosidl_typesupport_cpp: rosidl_typesupport_fastrtps_cpp;rosidl_typesupport_introspection_cpp
[0.971s] -- Found rmw_implementation_cmake: 1.0.4 (/opt/ros/foxy/share/rmw_implementation_cmake/cmake)
[0.977s] -- Using RMW implementation 'rmw_fastrtps_cpp' as default
[1.274s] -- Found chest_interfaces: 0.0.1 (/home/zkxt/Documents/TK30/bianjiexiongkong/install/chest_interfaces/share/chest_interfaces/cmake)
[1.390s] -- Found OpenCV: /usr (found version "4.2.0") found components: core highgui imgproc freetype 
[1.390s] -- Found PkgConfig: /usr/bin/pkg-config (found version "0.29.1") 
[1.391s] -- Checking for module 'ncursesw'
[1.422s] --   Found ncursesw, version 6.2.20200212
[1.772s] -- Configuring done
[1.795s] -- Generating done
[1.803s] -- Build files have been written to: /home/zkxt/Documents/TK30/bianjiexiongkong/build/ar_display
[1.814s] Invoked command in '/home/zkxt/Documents/TK30/bianjiexiongkong/build/ar_display' returned '0': CMAKE_PREFIX_PATH=/home/zkxt/Documents/TK30/bianjiexiongkong/install/chest_interfaces:/home/zkxt/Documents/TK30/bianjiexiongkong/install/voice_processing:/home/zkxt/Documents/TK30/bianjiexiongkong/install/video_source_loader:/home/zkxt/Documents/TK30/bianjiexiongkong/install/head_tracking:/home/zkxt/Documents/TK30/bianjiexiongkong/install/controller_display:/home/zkxt/Documents/TK30/bianjiexiongkong/install/communication:/home/zkxt/Documents/TK30/bianjiexiongkong/install/button_simulator:/home/zkxt/Documents/TK30/bianjiexiongkong/install/ar_display:/home/zkxt/Documents/TK30/bianjiexiongkong/install/web_monitor:/opt/ros/foxy LD_LIBRARY_PATH=/home/zkxt/Documents/TK30/bianjiexiongkong/install/chest_interfaces/lib:/home/zkxt/Documents/TK30/bianjiexiongkong/install/voice_processing/lib:/home/zkxt/Documents/TK30/bianjiexiongkong/install/head_tracking/lib:/home/zkxt/Documents/TK30/bianjiexiongkong/install/controller_display/lib:/opt/ros/foxy/opt/yaml_cpp_vendor/lib:/opt/ros/foxy/lib/aarch64-linux-gnu:/opt/ros/foxy/lib PYTHONPATH=/home/zkxt/Documents/TK30/bianjiexiongkong/install/chest_interfaces/lib/python3.8/site-packages:/home/zkxt/Documents/TK30/bianjiexiongkong/install/web_monitor/lib/python3.8/site-packages:/home/zkxt/Documents/TK30/bianjiexiongkong/install/chest_interfaces/lib/python3.12/site-packages:/opt/ros/foxy/lib/python3.8/site-packages /usr/bin/cmake /home/zkxt/Documents/TK30/bianjiexiongkong/src/ar_display -DCMAKE_INSTALL_PREFIX=/home/zkxt/Documents/TK30/bianjiexiongkong/install/ar_display
[1.820s] Invoking command in '/home/zkxt/Documents/TK30/bianjiexiongkong/build/ar_display': CMAKE_PREFIX_PATH=/home/zkxt/Documents/TK30/bianjiexiongkong/install/chest_interfaces:/home/zkxt/Documents/TK30/bianjiexiongkong/install/voice_processing:/home/zkxt/Documents/TK30/bianjiexiongkong/install/video_source_loader:/home/zkxt/Documents/TK30/bianjiexiongkong/install/head_tracking:/home/zkxt/Documents/TK30/bianjiexiongkong/install/controller_display:/home/zkxt/Documents/TK30/bianjiexiongkong/install/communication:/home/zkxt/Documents/TK30/bianjiexiongkong/install/button_simulator:/home/zkxt/Documents/TK30/bianjiexiongkong/install/ar_display:/home/zkxt/Documents/TK30/bianjiexiongkong/install/web_monitor:/opt/ros/foxy LD_LIBRARY_PATH=/home/zkxt/Documents/TK30/bianjiexiongkong/install/chest_interfaces/lib:/home/zkxt/Documents/TK30/bianjiexiongkong/install/voice_processing/lib:/home/zkxt/Documents/TK30/bianjiexiongkong/install/head_tracking/lib:/home/zkxt/Documents/TK30/bianjiexiongkong/install/controller_display/lib:/opt/ros/foxy/opt/yaml_cpp_vendor/lib:/opt/ros/foxy/lib/aarch64-linux-gnu:/opt/ros/foxy/lib PYTHONPATH=/home/zkxt/Documents/TK30/bianjiexiongkong/install/chest_interfaces/lib/python3.8/site-packages:/home/zkxt/Documents/TK30/bianjiexiongkong/install/web_monitor/lib/python3.8/site-packages:/home/zkxt/Documents/TK30/bianjiexiongkong/install/chest_interfaces/lib/python3.12/site-packages:/opt/ros/foxy/lib/python3.8/site-packages /usr/bin/cmake --build /home/zkxt/Documents/TK30/bianjiexiongkong/build/ar_display -- -j8 -l8
[1.981s] [35m[1mScanning dependencies of target ar_display_node[0m
[2.258s] [ 33%] [32mBuilding CXX object CMakeFiles/ar_display_node.dir/src/ar_display_node.cpp.o[0m
[2.261s] [ 66%] [32mBuilding CXX object CMakeFiles/ar_display_node.dir/src/video_processor.cpp.o[0m
[30.965s] [100%] [32m[1mLinking CXX executable ar_display_node[0m
[33.261s] [100%] Built target ar_display_node
[33.302s] Invoked command in '/home/zkxt/Documents/TK30/bianjiexiongkong/build/ar_display' returned '0': CMAKE_PREFIX_PATH=/home/zkxt/Documents/TK30/bianjiexiongkong/install/chest_interfaces:/home/zkxt/Documents/TK30/bianjiexiongkong/install/voice_processing:/home/zkxt/Documents/TK30/bianjiexiongkong/install/video_source_loader:/home/zkxt/Documents/TK30/bianjiexiongkong/install/head_tracking:/home/zkxt/Documents/TK30/bianjiexiongkong/install/controller_display:/home/zkxt/Documents/TK30/bianjiexiongkong/install/communication:/home/zkxt/Documents/TK30/bianjiexiongkong/install/button_simulator:/home/zkxt/Documents/TK30/bianjiexiongkong/install/ar_display:/home/zkxt/Documents/TK30/bianjiexiongkong/install/web_monitor:/opt/ros/foxy LD_LIBRARY_PATH=/home/zkxt/Documents/TK30/bianjiexiongkong/install/chest_interfaces/lib:/home/zkxt/Documents/TK30/bianjiexiongkong/install/voice_processing/lib:/home/zkxt/Documents/TK30/bianjiexiongkong/install/head_tracking/lib:/home/zkxt/Documents/TK30/bianjiexiongkong/install/controller_display/lib:/opt/ros/foxy/opt/yaml_cpp_vendor/lib:/opt/ros/foxy/lib/aarch64-linux-gnu:/opt/ros/foxy/lib PYTHONPATH=/home/zkxt/Documents/TK30/bianjiexiongkong/install/chest_interfaces/lib/python3.8/site-packages:/home/zkxt/Documents/TK30/bianjiexiongkong/install/web_monitor/lib/python3.8/site-packages:/home/zkxt/Documents/TK30/bianjiexiongkong/install/chest_interfaces/lib/python3.12/site-packages:/opt/ros/foxy/lib/python3.8/site-packages /usr/bin/cmake --build /home/zkxt/Documents/TK30/bianjiexiongkong/build/ar_display -- -j8 -l8
[33.307s] Invoking command in '/home/zkxt/Documents/TK30/bianjiexiongkong/build/ar_display': CMAKE_PREFIX_PATH=/home/zkxt/Documents/TK30/bianjiexiongkong/install/chest_interfaces:/home/zkxt/Documents/TK30/bianjiexiongkong/install/voice_processing:/home/zkxt/Documents/TK30/bianjiexiongkong/install/video_source_loader:/home/zkxt/Documents/TK30/bianjiexiongkong/install/head_tracking:/home/zkxt/Documents/TK30/bianjiexiongkong/install/controller_display:/home/zkxt/Documents/TK30/bianjiexiongkong/install/communication:/home/zkxt/Documents/TK30/bianjiexiongkong/install/button_simulator:/home/zkxt/Documents/TK30/bianjiexiongkong/install/ar_display:/home/zkxt/Documents/TK30/bianjiexiongkong/install/web_monitor:/opt/ros/foxy LD_LIBRARY_PATH=/home/zkxt/Documents/TK30/bianjiexiongkong/install/chest_interfaces/lib:/home/zkxt/Documents/TK30/bianjiexiongkong/install/voice_processing/lib:/home/zkxt/Documents/TK30/bianjiexiongkong/install/head_tracking/lib:/home/zkxt/Documents/TK30/bianjiexiongkong/install/controller_display/lib:/opt/ros/foxy/opt/yaml_cpp_vendor/lib:/opt/ros/foxy/lib/aarch64-linux-gnu:/opt/ros/foxy/lib PYTHONPATH=/home/zkxt/Documents/TK30/bianjiexiongkong/install/chest_interfaces/lib/python3.8/site-packages:/home/zkxt/Documents/TK30/bianjiexiongkong/install/web_monitor/lib/python3.8/site-packages:/home/zkxt/Documents/TK30/bianjiexiongkong/install/chest_interfaces/lib/python3.12/site-packages:/opt/ros/foxy/lib/python3.8/site-packages /usr/bin/cmake --install /home/zkxt/Documents/TK30/bianjiexiongkong/build/ar_display
[33.343s] -- Install configuration: ""
[33.343s] -- Installing: /home/zkxt/Documents/TK30/bianjiexiongkong/install/ar_display/lib/ar_display/ar_display_node
[33.355s] -- Set runtime path of "/home/zkxt/Documents/TK30/bianjiexiongkong/install/ar_display/lib/ar_display/ar_display_node" to ""
[33.355s] -- Installing: /home/zkxt/Documents/TK30/bianjiexiongkong/install/ar_display/share/ar_display/launch
[33.355s] -- Installing: /home/zkxt/Documents/TK30/bianjiexiongkong/install/ar_display/share/ar_display/launch/ar_display.launch.py
[33.355s] -- Installing: /home/zkxt/Documents/TK30/bianjiexiongkong/install/ar_display/share/ament_index/resource_index/package_run_dependencies/ar_display
[33.356s] -- Installing: /home/zkxt/Documents/TK30/bianjiexiongkong/install/ar_display/share/ament_index/resource_index/parent_prefix_path/ar_display
[33.356s] -- Installing: /home/zkxt/Documents/TK30/bianjiexiongkong/install/ar_display/share/ar_display/environment/ament_prefix_path.sh
[33.356s] -- Installing: /home/zkxt/Documents/TK30/bianjiexiongkong/install/ar_display/share/ar_display/environment/ament_prefix_path.dsv
[33.357s] -- Installing: /home/zkxt/Documents/TK30/bianjiexiongkong/install/ar_display/share/ar_display/environment/path.sh
[33.357s] -- Installing: /home/zkxt/Documents/TK30/bianjiexiongkong/install/ar_display/share/ar_display/environment/path.dsv
[33.357s] -- Installing: /home/zkxt/Documents/TK30/bianjiexiongkong/install/ar_display/share/ar_display/local_setup.bash
[33.357s] -- Installing: /home/zkxt/Documents/TK30/bianjiexiongkong/install/ar_display/share/ar_display/local_setup.sh
[33.358s] -- Installing: /home/zkxt/Documents/TK30/bianjiexiongkong/install/ar_display/share/ar_display/local_setup.zsh
[33.358s] -- Installing: /home/zkxt/Documents/TK30/bianjiexiongkong/install/ar_display/share/ar_display/local_setup.dsv
[33.358s] -- Installing: /home/zkxt/Documents/TK30/bianjiexiongkong/install/ar_display/share/ar_display/package.dsv
[33.359s] -- Installing: /home/zkxt/Documents/TK30/bianjiexiongkong/install/ar_display/share/ament_index/resource_index/packages/ar_display
[33.359s] -- Installing: /home/zkxt/Documents/TK30/bianjiexiongkong/install/ar_display/share/ar_display/cmake/ament_cmake_export_dependencies-extras.cmake
[33.359s] -- Installing: /home/zkxt/Documents/TK30/bianjiexiongkong/install/ar_display/share/ar_display/cmake/ar_displayConfig.cmake
[33.359s] -- Installing: /home/zkxt/Documents/TK30/bianjiexiongkong/install/ar_display/share/ar_display/cmake/ar_displayConfig-version.cmake
[33.360s] -- Installing: /home/zkxt/Documents/TK30/bianjiexiongkong/install/ar_display/share/ar_display/package.xml
[33.371s] Invoked command in '/home/zkxt/Documents/TK30/bianjiexiongkong/build/ar_display' returned '0': CMAKE_PREFIX_PATH=/home/zkxt/Documents/TK30/bianjiexiongkong/install/chest_interfaces:/home/zkxt/Documents/TK30/bianjiexiongkong/install/voice_processing:/home/zkxt/Documents/TK30/bianjiexiongkong/install/video_source_loader:/home/zkxt/Documents/TK30/bianjiexiongkong/install/head_tracking:/home/zkxt/Documents/TK30/bianjiexiongkong/install/controller_display:/home/zkxt/Documents/TK30/bianjiexiongkong/install/communication:/home/zkxt/Documents/TK30/bianjiexiongkong/install/button_simulator:/home/zkxt/Documents/TK30/bianjiexiongkong/install/ar_display:/home/zkxt/Documents/TK30/bianjiexiongkong/install/web_monitor:/opt/ros/foxy LD_LIBRARY_PATH=/home/zkxt/Documents/TK30/bianjiexiongkong/install/chest_interfaces/lib:/home/zkxt/Documents/TK30/bianjiexiongkong/install/voice_processing/lib:/home/zkxt/Documents/TK30/bianjiexiongkong/install/head_tracking/lib:/home/zkxt/Documents/TK30/bianjiexiongkong/install/controller_display/lib:/opt/ros/foxy/opt/yaml_cpp_vendor/lib:/opt/ros/foxy/lib/aarch64-linux-gnu:/opt/ros/foxy/lib PYTHONPATH=/home/zkxt/Documents/TK30/bianjiexiongkong/install/chest_interfaces/lib/python3.8/site-packages:/home/zkxt/Documents/TK30/bianjiexiongkong/install/web_monitor/lib/python3.8/site-packages:/home/zkxt/Documents/TK30/bianjiexiongkong/install/chest_interfaces/lib/python3.12/site-packages:/opt/ros/foxy/lib/python3.8/site-packages /usr/bin/cmake --install /home/zkxt/Documents/TK30/bianjiexiongkong/build/ar_display
