[0.000000] (-) TimerEvent: {}
[0.000546] (-) JobUnselected: {'identifier': 'ar_display'}
[0.000727] (-) JobUnselected: {'identifier': 'chest_interfaces'}
[0.001332] (-) JobUnselected: {'identifier': 'communication'}
[0.001519] (-) JobUnselected: {'identifier': 'controller_display'}
[0.001997] (-) JobUnselected: {'identifier': 'head_tracking'}
[0.002175] (-) JobUnselected: {'identifier': 'video_source_loader'}
[0.002579] (-) JobUnselected: {'identifier': 'voice_processing'}
[0.002878] (-) JobUnselected: {'identifier': 'web_monitor'}
[0.003066] (button_simulator) JobQueued: {'identifier': 'button_simulator', 'dependencies': OrderedDict([('chest_interfaces', '/home/zkxt/Documents/TK30/bianjiexiongkong/install/chest_interfaces')])}
[0.003301] (button_simulator) JobStarted: {'identifier': 'button_simulator'}
[0.038689] (button_simulator) JobProgress: {'identifier': 'button_simulator', 'progress': 'cmake'}
[0.043489] (button_simulator) JobProgress: {'identifier': 'button_simulator', 'progress': 'build'}
[0.043886] (button_simulator) Command: {'cmd': ['/usr/bin/cmake', '--build', '/home/zkxt/Documents/TK30/bianjiexiongkong/build/button_simulator', '--', '-j8', '-l8'], 'cwd': '/home/zkxt/Documents/TK30/bianjiexiongkong/build/button_simulator', 'env': OrderedDict([('GJS_DEBUG_TOPICS', 'JS ERROR;JS LOG'), ('PYTHON_BASIC_REPL', '1'), ('UMS_MOUNTPOINT', '/mnt/ums'), ('GST_V4L2_PREFERRED_FOURCC', 'NV12:YU12:NV16:YUY2'), ('LANGUAGE', 'zh_CN:en_AU:en_CA:en_GB:en_US:en'), ('USER', 'zkxt'), ('LC_TIME', 'zh_CN.UTF-8'), ('SSH_AGENT_PID', '905'), ('XDG_SESSION_TYPE', 'x11'), ('GIT_ASKPASS', '/usr/share/code/resources/app/extensions/git/dist/askpass.sh'), ('SHLVL', '1'), ('USB_FUNCS', 'adb'), ('LD_LIBRARY_PATH', '/home/zkxt/Documents/TK30/bianjiexiongkong/install/chest_interfaces/lib:/opt/ros/foxy/opt/yaml_cpp_vendor/lib:/opt/ros/foxy/lib/aarch64-linux-gnu:/opt/ros/foxy/lib'), ('HOME', '/home/zkxt'), ('CHROME_DESKTOP', 'code.desktop'), ('OLDPWD', '/home/zkxt/Documents/TK30'), ('TERM_PROGRAM_VERSION', '1.106.1'), ('DESKTOP_SESSION', 'ubuntu'), ('GST_INSPECT_NO_COLORS', '1'), ('GIO_LAUNCHED_DESKTOP_FILE', '/usr/share/applications/code.desktop'), ('GST_MPP_NO_RGA', '1'), ('ROS_PYTHON_VERSION', '3'), ('COGL_DRIVER', 'gles2'), ('GNOME_SHELL_SESSION_MODE', 'ubuntu'), ('GTK_MODULES', 'gail:atk-bridge'), ('VSCODE_GIT_ASKPASS_MAIN', '/usr/share/code/resources/app/extensions/git/dist/askpass-main.js'), ('LC_MONETARY', 'zh_CN.UTF-8'), ('VSCODE_GIT_ASKPASS_NODE', '/usr/share/code/code'), ('MANAGERPID', '777'), ('PYDEVD_DISABLE_FILE_VALIDATION', '1'), ('BUNDLED_DEBUGPY_PATH', '/home/zkxt/.vscode/extensions/ms-python.debugpy-2025.16.0/bundled/libs/debugpy'), ('VSCODE_PYTHON_AUTOACTIVATE_GUARD', '1'), ('DBUS_SESSION_BUS_ADDRESS', 'unix:path=/run/user/1000/bus'), ('COLORTERM', 'truecolor'), ('QTWEBENGINE_CHROMIUM_FLAGS', '--no-sandbox --disable-es3-gl-context --ignore-gpu-blacklist --ignore-gpu-blocklist --enable-accelerated-video-decode'), ('GIO_LAUNCHED_DESKTOP_FILE_PID', '7127'), ('IM_CONFIG_PHASE', '1'), ('COLCON_PREFIX_PATH', '/home/zkxt/Documents/TK30/bianjiexiongkong/install'), ('GST_V4L2SRC_MAX_RESOLUTION', '3840x2160'), ('ROS_DISTRO', 'foxy'), ('LOGNAME', 'zkxt'), ('JOURNAL_STREAM', '8:42313'), ('_', '/usr/bin/colcon'), ('ROS_VERSION', '2'), ('XDG_SESSION_CLASS', 'user'), ('USERNAME', 'zkxt'), ('TERM', 'xterm-256color'), ('GST_GL_API', 'gles2'), ('GST_VIDEO_CONVERT_PREFERRED_FORMAT', 'NV12:NV16:I420:YUY2'), ('GNOME_DESKTOP_SESSION_ID', 'this-is-deprecated'), ('GST_V4L2SRC_RK_DEVICES', '_mainpath:_selfpath:_bypass:_scale'), ('ROS_LOCALHOST_ONLY', '0'), ('WINDOWPATH', '2'), ('PATH', '/opt/ros/foxy/bin:/home/zkxt/Downloads/yes/bin:/usr/local/sbin:/usr/local/bin:/usr/sbin:/usr/bin:/sbin:/bin:/usr/games:/usr/local/games:/snap/bin:/home/zkxt/.vscode/extensions/ms-python.debugpy-2025.16.0/bundled/scripts/noConfigScripts'), ('SESSION_MANAGER', 'local/ubuntu2004:@/tmp/.ICE-unix/961,unix/ubuntu2004:/tmp/.ICE-unix/961'), ('INVOCATION_ID', '0d3711d3d5f34489999eb9ece22ccab0'), ('PAPERSIZE', 'a4'), ('XDG_MENU_PREFIX', 'gnome-'), ('LC_ADDRESS', 'zh_CN.UTF-8'), ('XDG_RUNTIME_DIR', '/run/user/1000'), ('GDK_BACKEND', 'x11'), ('GST_GL_PLATFORM', 'egl'), ('GST_DEBUG_NO_COLOR', '1'), ('GST_V4L2SRC_DEFAULT_DEVICE', '/dev/video-camera0'), ('DISPLAY', ':0.0'), ('VSCODE_DEBUGPY_ADAPTER_ENDPOINTS', '/home/zkxt/.vscode/extensions/ms-python.debugpy-2025.16.0/.noConfigDebugAdapterEndpoints/endpoint-621122f711823afe.txt'), ('LANG', 'zh_CN.UTF-8'), ('XDG_CURRENT_DESKTOP', 'Unity'), ('PYTHONSTARTUP', '/home/zkxt/.config/Code/User/workspaceStorage/29c200c1b92ad277d211b470a658a384/ms-python.python/pythonrc.py'), ('LC_TELEPHONE', 'zh_CN.UTF-8'), ('XMODIFIERS', '@im=ibus'), ('XDG_SESSION_DESKTOP', 'ubuntu'), ('XAUTHORITY', '/run/user/1000/gdm/Xauthority'), ('VSCODE_GIT_IPC_HANDLE', '/run/user/1000/vscode-git-34c5604001.sock'), ('TERM_PROGRAM', 'vscode'), ('GST_V4L2_USE_LIBV4L2', '1'), ('SSH_AUTH_SOCK', '/run/user/1000/keyring/ssh'), ('UMS_SIZE', '256M'), ('AMENT_PREFIX_PATH', '/home/zkxt/Documents/TK30/bianjiexiongkong/install/web_monitor:/home/zkxt/Documents/TK30/bianjiexiongkong/install/communication:/home/zkxt/Documents/TK30/bianjiexiongkong/install/ar_display:/home/zkxt/Documents/TK30/bianjiexiongkong/install/chest_interfaces:/opt/ros/foxy'), ('ORIGINAL_XDG_CURRENT_DESKTOP', 'ubuntu:GNOME'), ('SHELL', '/bin/bash'), ('LC_NAME', 'zh_CN.UTF-8'), ('QT_ACCESSIBILITY', '1'), ('UMS_RO', '0'), ('GDMSESSION', 'ubuntu'), ('UMS_FSTYPE', 'vfat'), ('LC_MEASUREMENT', 'zh_CN.UTF-8'), ('GPG_AGENT_INFO', '/run/user/1000/gnupg/S.gpg-agent:0:1'), ('GJS_DEBUG_OUTPUT', 'stderr'), ('LC_IDENTIFICATION', 'zh_CN.UTF-8'), ('VSCODE_GIT_ASKPASS_EXTRA_ARGS', ''), ('QT_IM_MODULE', 'ibus'), ('PWD', '/home/zkxt/Documents/TK30/bianjiexiongkong/build/button_simulator'), ('XDG_CONFIG_DIRS', '/etc/xdg/xdg-ubuntu:/etc/xdg'), ('XDG_DATA_DIRS', '/usr/share/ubuntu:/usr/local/share/:/usr/share/:/var/lib/snapd/desktop'), ('PYTHONPATH', '/home/zkxt/Documents/TK30/bianjiexiongkong/install/chest_interfaces/lib/python3.8/site-packages:/home/zkxt/Documents/TK30/bianjiexiongkong/install/web_monitor/lib/python3.8/site-packages:/opt/ros/foxy/lib/python3.8/site-packages'), ('LC_NUMERIC', 'zh_CN.UTF-8'), ('UMS_MOUNT', '0'), ('LC_PAPER', 'zh_CN.UTF-8'), ('COLCON', '1'), ('CMAKE_PREFIX_PATH', '/home/zkxt/Documents/TK30/bianjiexiongkong/install/chest_interfaces:/home/zkxt/Documents/TK30/bianjiexiongkong/install/communication:/home/zkxt/Documents/TK30/bianjiexiongkong/install/ar_display:/home/zkxt/Documents/TK30/bianjiexiongkong/install/web_monitor:/opt/ros/foxy'), ('UMS_FILE', '/userdata/ums_shared.img')]), 'shell': False}
[0.098361] (-) TimerEvent: {}
[0.199299] (-) TimerEvent: {}
[0.300271] (-) TimerEvent: {}
[0.309995] (button_simulator) StdoutLine: {'line': b'\x1b[35m\x1b[1mScanning dependencies of target button_simulator_node\x1b[0m\n'}
[0.400468] (-) TimerEvent: {}
[0.501330] (-) TimerEvent: {}
[0.602133] (-) TimerEvent: {}
[0.610492] (button_simulator) StdoutLine: {'line': b'[ 50%] \x1b[32mBuilding CXX object CMakeFiles/button_simulator_node.dir/src/button_simulator_node.cpp.o\x1b[0m\n'}
[0.702323] (-) TimerEvent: {}
[0.803099] (-) TimerEvent: {}
[0.903878] (-) TimerEvent: {}
[1.004646] (-) TimerEvent: {}
[1.105458] (-) TimerEvent: {}
[1.206916] (-) TimerEvent: {}
[1.307990] (-) TimerEvent: {}
[1.408839] (-) TimerEvent: {}
[1.509699] (-) TimerEvent: {}
[1.610500] (-) TimerEvent: {}
[1.711305] (-) TimerEvent: {}
[1.812157] (-) TimerEvent: {}
[1.913162] (-) TimerEvent: {}
[2.014003] (-) TimerEvent: {}
[2.114804] (-) TimerEvent: {}
[2.215607] (-) TimerEvent: {}
[2.316430] (-) TimerEvent: {}
[2.417256] (-) TimerEvent: {}
[2.518109] (-) TimerEvent: {}
[2.618971] (-) TimerEvent: {}
[2.719875] (-) TimerEvent: {}
[2.820676] (-) TimerEvent: {}
[2.921487] (-) TimerEvent: {}
[3.022371] (-) TimerEvent: {}
[3.123196] (-) TimerEvent: {}
[3.224005] (-) TimerEvent: {}
[3.324854] (-) TimerEvent: {}
[3.425697] (-) TimerEvent: {}
[3.526546] (-) TimerEvent: {}
[3.627437] (-) TimerEvent: {}
[3.728374] (-) TimerEvent: {}
[3.829392] (-) TimerEvent: {}
[3.930402] (-) TimerEvent: {}
[4.031318] (-) TimerEvent: {}
[4.132125] (-) TimerEvent: {}
[4.232978] (-) TimerEvent: {}
[4.333833] (-) TimerEvent: {}
[4.434687] (-) TimerEvent: {}
[4.535515] (-) TimerEvent: {}
[4.636399] (-) TimerEvent: {}
[4.737216] (-) TimerEvent: {}
[4.838092] (-) TimerEvent: {}
[4.938972] (-) TimerEvent: {}
[5.039795] (-) TimerEvent: {}
[5.140637] (-) TimerEvent: {}
[5.241509] (-) TimerEvent: {}
[5.342822] (-) TimerEvent: {}
[5.443770] (-) TimerEvent: {}
[5.544574] (-) TimerEvent: {}
[5.645494] (-) TimerEvent: {}
[5.746303] (-) TimerEvent: {}
[5.847071] (-) TimerEvent: {}
[5.947907] (-) TimerEvent: {}
[6.048685] (-) TimerEvent: {}
[6.149508] (-) TimerEvent: {}
[6.250356] (-) TimerEvent: {}
[6.351167] (-) TimerEvent: {}
[6.452003] (-) TimerEvent: {}
[6.552817] (-) TimerEvent: {}
[6.653588] (-) TimerEvent: {}
[6.754404] (-) TimerEvent: {}
[6.855265] (-) TimerEvent: {}
[6.956121] (-) TimerEvent: {}
[7.056965] (-) TimerEvent: {}
[7.157929] (-) TimerEvent: {}
[7.258783] (-) TimerEvent: {}
[7.359726] (-) TimerEvent: {}
[7.420886] (button_simulator) StdoutLine: {'line': b'[100%] \x1b[32m\x1b[1mLinking CXX executable button_simulator_node\x1b[0m\n'}
[7.459981] (-) TimerEvent: {}
[7.560808] (-) TimerEvent: {}
[7.661748] (-) TimerEvent: {}
[7.762733] (-) TimerEvent: {}
[7.863617] (-) TimerEvent: {}
[7.964470] (-) TimerEvent: {}
[8.065410] (-) TimerEvent: {}
[8.166304] (-) TimerEvent: {}
[8.267162] (-) TimerEvent: {}
[8.368037] (-) TimerEvent: {}
[8.468494] (-) TimerEvent: {}
[8.568901] (-) TimerEvent: {}
[8.594003] (button_simulator) StdoutLine: {'line': b'[100%] Built target button_simulator_node\n'}
[8.634849] (button_simulator) CommandEnded: {'returncode': 0}
[8.638733] (button_simulator) JobProgress: {'identifier': 'button_simulator', 'progress': 'install'}
[8.669261] (button_simulator) Command: {'cmd': ['/usr/bin/cmake', '--install', '/home/zkxt/Documents/TK30/bianjiexiongkong/build/button_simulator'], 'cwd': '/home/zkxt/Documents/TK30/bianjiexiongkong/build/button_simulator', 'env': OrderedDict([('GJS_DEBUG_TOPICS', 'JS ERROR;JS LOG'), ('PYTHON_BASIC_REPL', '1'), ('UMS_MOUNTPOINT', '/mnt/ums'), ('GST_V4L2_PREFERRED_FOURCC', 'NV12:YU12:NV16:YUY2'), ('LANGUAGE', 'zh_CN:en_AU:en_CA:en_GB:en_US:en'), ('USER', 'zkxt'), ('LC_TIME', 'zh_CN.UTF-8'), ('SSH_AGENT_PID', '905'), ('XDG_SESSION_TYPE', 'x11'), ('GIT_ASKPASS', '/usr/share/code/resources/app/extensions/git/dist/askpass.sh'), ('SHLVL', '1'), ('USB_FUNCS', 'adb'), ('LD_LIBRARY_PATH', '/home/zkxt/Documents/TK30/bianjiexiongkong/install/chest_interfaces/lib:/opt/ros/foxy/opt/yaml_cpp_vendor/lib:/opt/ros/foxy/lib/aarch64-linux-gnu:/opt/ros/foxy/lib'), ('HOME', '/home/zkxt'), ('CHROME_DESKTOP', 'code.desktop'), ('OLDPWD', '/home/zkxt/Documents/TK30'), ('TERM_PROGRAM_VERSION', '1.106.1'), ('DESKTOP_SESSION', 'ubuntu'), ('GST_INSPECT_NO_COLORS', '1'), ('GIO_LAUNCHED_DESKTOP_FILE', '/usr/share/applications/code.desktop'), ('GST_MPP_NO_RGA', '1'), ('ROS_PYTHON_VERSION', '3'), ('COGL_DRIVER', 'gles2'), ('GNOME_SHELL_SESSION_MODE', 'ubuntu'), ('GTK_MODULES', 'gail:atk-bridge'), ('VSCODE_GIT_ASKPASS_MAIN', '/usr/share/code/resources/app/extensions/git/dist/askpass-main.js'), ('LC_MONETARY', 'zh_CN.UTF-8'), ('VSCODE_GIT_ASKPASS_NODE', '/usr/share/code/code'), ('MANAGERPID', '777'), ('PYDEVD_DISABLE_FILE_VALIDATION', '1'), ('BUNDLED_DEBUGPY_PATH', '/home/zkxt/.vscode/extensions/ms-python.debugpy-2025.16.0/bundled/libs/debugpy'), ('VSCODE_PYTHON_AUTOACTIVATE_GUARD', '1'), ('DBUS_SESSION_BUS_ADDRESS', 'unix:path=/run/user/1000/bus'), ('COLORTERM', 'truecolor'), ('QTWEBENGINE_CHROMIUM_FLAGS', '--no-sandbox --disable-es3-gl-context --ignore-gpu-blacklist --ignore-gpu-blocklist --enable-accelerated-video-decode'), ('GIO_LAUNCHED_DESKTOP_FILE_PID', '7127'), ('IM_CONFIG_PHASE', '1'), ('COLCON_PREFIX_PATH', '/home/zkxt/Documents/TK30/bianjiexiongkong/install'), ('GST_V4L2SRC_MAX_RESOLUTION', '3840x2160'), ('ROS_DISTRO', 'foxy'), ('LOGNAME', 'zkxt'), ('JOURNAL_STREAM', '8:42313'), ('_', '/usr/bin/colcon'), ('ROS_VERSION', '2'), ('XDG_SESSION_CLASS', 'user'), ('USERNAME', 'zkxt'), ('TERM', 'xterm-256color'), ('GST_GL_API', 'gles2'), ('GST_VIDEO_CONVERT_PREFERRED_FORMAT', 'NV12:NV16:I420:YUY2'), ('GNOME_DESKTOP_SESSION_ID', 'this-is-deprecated'), ('GST_V4L2SRC_RK_DEVICES', '_mainpath:_selfpath:_bypass:_scale'), ('ROS_LOCALHOST_ONLY', '0'), ('WINDOWPATH', '2'), ('PATH', '/opt/ros/foxy/bin:/home/zkxt/Downloads/yes/bin:/usr/local/sbin:/usr/local/bin:/usr/sbin:/usr/bin:/sbin:/bin:/usr/games:/usr/local/games:/snap/bin:/home/zkxt/.vscode/extensions/ms-python.debugpy-2025.16.0/bundled/scripts/noConfigScripts'), ('SESSION_MANAGER', 'local/ubuntu2004:@/tmp/.ICE-unix/961,unix/ubuntu2004:/tmp/.ICE-unix/961'), ('INVOCATION_ID', '0d3711d3d5f34489999eb9ece22ccab0'), ('PAPERSIZE', 'a4'), ('XDG_MENU_PREFIX', 'gnome-'), ('LC_ADDRESS', 'zh_CN.UTF-8'), ('XDG_RUNTIME_DIR', '/run/user/1000'), ('GDK_BACKEND', 'x11'), ('GST_GL_PLATFORM', 'egl'), ('GST_DEBUG_NO_COLOR', '1'), ('GST_V4L2SRC_DEFAULT_DEVICE', '/dev/video-camera0'), ('DISPLAY', ':0.0'), ('VSCODE_DEBUGPY_ADAPTER_ENDPOINTS', '/home/zkxt/.vscode/extensions/ms-python.debugpy-2025.16.0/.noConfigDebugAdapterEndpoints/endpoint-621122f711823afe.txt'), ('LANG', 'zh_CN.UTF-8'), ('XDG_CURRENT_DESKTOP', 'Unity'), ('PYTHONSTARTUP', '/home/zkxt/.config/Code/User/workspaceStorage/29c200c1b92ad277d211b470a658a384/ms-python.python/pythonrc.py'), ('LC_TELEPHONE', 'zh_CN.UTF-8'), ('XMODIFIERS', '@im=ibus'), ('XDG_SESSION_DESKTOP', 'ubuntu'), ('XAUTHORITY', '/run/user/1000/gdm/Xauthority'), ('VSCODE_GIT_IPC_HANDLE', '/run/user/1000/vscode-git-34c5604001.sock'), ('TERM_PROGRAM', 'vscode'), ('GST_V4L2_USE_LIBV4L2', '1'), ('SSH_AUTH_SOCK', '/run/user/1000/keyring/ssh'), ('UMS_SIZE', '256M'), ('AMENT_PREFIX_PATH', '/home/zkxt/Documents/TK30/bianjiexiongkong/install/web_monitor:/home/zkxt/Documents/TK30/bianjiexiongkong/install/communication:/home/zkxt/Documents/TK30/bianjiexiongkong/install/ar_display:/home/zkxt/Documents/TK30/bianjiexiongkong/install/chest_interfaces:/opt/ros/foxy'), ('ORIGINAL_XDG_CURRENT_DESKTOP', 'ubuntu:GNOME'), ('SHELL', '/bin/bash'), ('LC_NAME', 'zh_CN.UTF-8'), ('QT_ACCESSIBILITY', '1'), ('UMS_RO', '0'), ('GDMSESSION', 'ubuntu'), ('UMS_FSTYPE', 'vfat'), ('LC_MEASUREMENT', 'zh_CN.UTF-8'), ('GPG_AGENT_INFO', '/run/user/1000/gnupg/S.gpg-agent:0:1'), ('GJS_DEBUG_OUTPUT', 'stderr'), ('LC_IDENTIFICATION', 'zh_CN.UTF-8'), ('VSCODE_GIT_ASKPASS_EXTRA_ARGS', ''), ('QT_IM_MODULE', 'ibus'), ('PWD', '/home/zkxt/Documents/TK30/bianjiexiongkong/build/button_simulator'), ('XDG_CONFIG_DIRS', '/etc/xdg/xdg-ubuntu:/etc/xdg'), ('XDG_DATA_DIRS', '/usr/share/ubuntu:/usr/local/share/:/usr/share/:/var/lib/snapd/desktop'), ('PYTHONPATH', '/home/zkxt/Documents/TK30/bianjiexiongkong/install/chest_interfaces/lib/python3.8/site-packages:/home/zkxt/Documents/TK30/bianjiexiongkong/install/web_monitor/lib/python3.8/site-packages:/opt/ros/foxy/lib/python3.8/site-packages'), ('LC_NUMERIC', 'zh_CN.UTF-8'), ('UMS_MOUNT', '0'), ('LC_PAPER', 'zh_CN.UTF-8'), ('COLCON', '1'), ('CMAKE_PREFIX_PATH', '/home/zkxt/Documents/TK30/bianjiexiongkong/install/chest_interfaces:/home/zkxt/Documents/TK30/bianjiexiongkong/install/communication:/home/zkxt/Documents/TK30/bianjiexiongkong/install/ar_display:/home/zkxt/Documents/TK30/bianjiexiongkong/install/web_monitor:/opt/ros/foxy'), ('UMS_FILE', '/userdata/ums_shared.img')]), 'shell': False}
[8.673290] (-) TimerEvent: {}
[8.704854] (button_simulator) StdoutLine: {'line': b'-- Install configuration: ""\n'}
[8.705759] (button_simulator) StdoutLine: {'line': b'-- Installing: /home/zkxt/Documents/TK30/bianjiexiongkong/install/button_simulator/lib/button_simulator/button_simulator_node\n'}
[8.707585] (button_simulator) StdoutLine: {'line': b'-- Set runtime path of "/home/zkxt/Documents/TK30/bianjiexiongkong/install/button_simulator/lib/button_simulator/button_simulator_node" to ""\n'}
[8.708363] (button_simulator) StdoutLine: {'line': b'-- Installing: /home/zkxt/Documents/TK30/bianjiexiongkong/install/button_simulator/share/button_simulator/launch\n'}
[8.708907] (button_simulator) StdoutLine: {'line': b'-- Installing: /home/zkxt/Documents/TK30/bianjiexiongkong/install/button_simulator/share/button_simulator/launch/button_simulator.launch.py\n'}
[8.709199] (button_simulator) StdoutLine: {'line': b'-- Installing: /home/zkxt/Documents/TK30/bianjiexiongkong/install/button_simulator/share/ament_index/resource_index/package_run_dependencies/button_simulator\n'}
[8.709396] (button_simulator) StdoutLine: {'line': b'-- Installing: /home/zkxt/Documents/TK30/bianjiexiongkong/install/button_simulator/share/ament_index/resource_index/parent_prefix_path/button_simulator\n'}
[8.709506] (button_simulator) StdoutLine: {'line': b'-- Installing: /home/zkxt/Documents/TK30/bianjiexiongkong/install/button_simulator/share/button_simulator/environment/ament_prefix_path.sh\n'}
[8.709915] (button_simulator) StdoutLine: {'line': b'-- Installing: /home/zkxt/Documents/TK30/bianjiexiongkong/install/button_simulator/share/button_simulator/environment/ament_prefix_path.dsv\n'}
[8.710373] (button_simulator) StdoutLine: {'line': b'-- Installing: /home/zkxt/Documents/TK30/bianjiexiongkong/install/button_simulator/share/button_simulator/environment/path.sh\n'}
[8.716665] (button_simulator) StdoutLine: {'line': b'-- Installing: /home/zkxt/Documents/TK30/bianjiexiongkong/install/button_simulator/share/button_simulator/environment/path.dsv\n'}
[8.717067] (button_simulator) StdoutLine: {'line': b'-- Installing: /home/zkxt/Documents/TK30/bianjiexiongkong/install/button_simulator/share/button_simulator/local_setup.bash\n'}
[8.717460] (button_simulator) StdoutLine: {'line': b'-- Installing: /home/zkxt/Documents/TK30/bianjiexiongkong/install/button_simulator/share/button_simulator/local_setup.sh\n'}
[8.717908] (button_simulator) StdoutLine: {'line': b'-- Installing: /home/zkxt/Documents/TK30/bianjiexiongkong/install/button_simulator/share/button_simulator/local_setup.zsh\n'}
[8.718653] (button_simulator) StdoutLine: {'line': b'-- Installing: /home/zkxt/Documents/TK30/bianjiexiongkong/install/button_simulator/share/button_simulator/local_setup.dsv\n'}
[8.719201] (button_simulator) StdoutLine: {'line': b'-- Installing: /home/zkxt/Documents/TK30/bianjiexiongkong/install/button_simulator/share/button_simulator/package.dsv\n'}
[8.719816] (button_simulator) StdoutLine: {'line': b'-- Installing: /home/zkxt/Documents/TK30/bianjiexiongkong/install/button_simulator/share/ament_index/resource_index/packages/button_simulator\n'}
[8.720420] (button_simulator) StdoutLine: {'line': b'-- Installing: /home/zkxt/Documents/TK30/bianjiexiongkong/install/button_simulator/share/button_simulator/cmake/button_simulatorConfig.cmake\n'}
[8.720868] (button_simulator) StdoutLine: {'line': b'-- Installing: /home/zkxt/Documents/TK30/bianjiexiongkong/install/button_simulator/share/button_simulator/cmake/button_simulatorConfig-version.cmake\n'}
[8.721565] (button_simulator) StdoutLine: {'line': b'-- Installing: /home/zkxt/Documents/TK30/bianjiexiongkong/install/button_simulator/share/button_simulator/package.xml\n'}
[8.725088] (button_simulator) CommandEnded: {'returncode': 0}
[8.768135] (button_simulator) JobEnded: {'identifier': 'button_simulator', 'rc': 0}
[8.770539] (-) EventReactorShutdown: {}
