[0.538s] DEBUG:colcon:Command line arguments: ['/usr/bin/colcon', 'list']
[0.538s] DEBUG:colcon:Parsed command line arguments: Namespace(allow_overriding=[], base_paths=['.'], build_base='build', ignore_user_meta=False, log_base=None, log_level=None, main=<bound method ListVerb.main of <colcon_package_information.verb.list.ListVerb object at 0x7f94b69f10>>, metas=['./colcon.meta'], names_only=False, packages_above=None, packages_above_and_dependencies=None, packages_above_depth=None, packages_end=None, packages_ignore=None, packages_ignore_regex=None, packages_select=None, packages_select_build_failed=False, packages_select_by_dep=None, packages_select_regex=None, packages_select_test_failures=False, packages_skip=None, packages_skip_build_finished=False, packages_skip_by_dep=None, packages_skip_regex=None, packages_skip_test_passed=False, packages_skip_up_to=None, packages_start=None, packages_up_to=None, packages_up_to_regex=None, paths=None, paths_only=False, topological_graph=False, topological_graph_density=False, topological_graph_dot=False, topological_graph_dot_cluster=False, topological_graph_dot_include_skipped=False, topological_graph_legend=False, topological_order=False, verb_extension=<colcon_package_information.verb.list.ListVerb object at 0x7f94b69f10>, verb_name='list', verb_parser=<colcon_defaults.argument_parser.defaults.DefaultArgumentsDecorator object at 0x7f94a5e580>)
[0.781s] Level 1:colcon.colcon_core.package_discovery:discover_packages(colcon_meta) check parameters
[0.781s] Level 1:colcon.colcon_core.package_discovery:discover_packages(recursive) check parameters
[0.781s] Level 1:colcon.colcon_core.package_discovery:discover_packages(ignore) check parameters
[0.781s] Level 1:colcon.colcon_core.package_discovery:discover_packages(path) check parameters
[0.781s] Level 1:colcon.colcon_core.package_discovery:discover_packages(colcon_meta) discover
[0.781s] Level 1:colcon.colcon_core.package_discovery:discover_packages(recursive) discover
[0.782s] INFO:colcon.colcon_core.package_discovery:Crawling recursively for packages in '/home/zkxt/Documents/TK30/bianjiexiongkong'
[0.782s] Level 1:colcon.colcon_core.package_identification:_identify(.) by extensions ['ignore', 'ignore_ament_install']
[0.782s] Level 1:colcon.colcon_core.package_identification:_identify(.) by extension 'ignore'
[0.782s] Level 1:colcon.colcon_core.package_identification:_identify(.) by extension 'ignore_ament_install'
[0.782s] Level 1:colcon.colcon_core.package_identification:_identify(.) by extensions ['colcon_pkg']
[0.782s] Level 1:colcon.colcon_core.package_identification:_identify(.) by extension 'colcon_pkg'
[0.782s] Level 1:colcon.colcon_core.package_identification:_identify(.) by extensions ['colcon_meta']
[0.782s] Level 1:colcon.colcon_core.package_identification:_identify(.) by extension 'colcon_meta'
[0.782s] Level 1:colcon.colcon_core.package_identification:_identify(.) by extensions ['ros']
[0.782s] Level 1:colcon.colcon_core.package_identification:_identify(.) by extension 'ros'
[0.809s] Level 1:colcon.colcon_core.package_identification:_identify(.) by extensions ['cmake', 'python']
[0.810s] Level 1:colcon.colcon_core.package_identification:_identify(.) by extension 'cmake'
[0.810s] Level 1:colcon.colcon_core.package_identification:_identify(.) by extension 'python'
[0.810s] Level 1:colcon.colcon_core.package_identification:_identify(.) by extensions ['python_setup_py']
[0.810s] Level 1:colcon.colcon_core.package_identification:_identify(.) by extension 'python_setup_py'
[0.810s] Level 1:colcon.colcon_core.package_identification:_identify(build) by extensions ['ignore', 'ignore_ament_install']
[0.810s] Level 1:colcon.colcon_core.package_identification:_identify(build) by extension 'ignore'
[0.811s] Level 1:colcon.colcon_core.package_identification:_identify(build) ignored
[0.811s] Level 1:colcon.colcon_core.package_identification:_identify(install) by extensions ['ignore', 'ignore_ament_install']
[0.811s] Level 1:colcon.colcon_core.package_identification:_identify(install) by extension 'ignore'
[0.811s] Level 1:colcon.colcon_core.package_identification:_identify(install) ignored
[0.811s] Level 1:colcon.colcon_core.package_identification:_identify(log) by extensions ['ignore', 'ignore_ament_install']
[0.811s] Level 1:colcon.colcon_core.package_identification:_identify(log) by extension 'ignore'
[0.812s] Level 1:colcon.colcon_core.package_identification:_identify(log) ignored
[0.812s] Level 1:colcon.colcon_core.package_identification:_identify(src) by extensions ['ignore', 'ignore_ament_install']
[0.812s] Level 1:colcon.colcon_core.package_identification:_identify(src) by extension 'ignore'
[0.812s] Level 1:colcon.colcon_core.package_identification:_identify(src) by extension 'ignore_ament_install'
[0.812s] Level 1:colcon.colcon_core.package_identification:_identify(src) by extensions ['colcon_pkg']
[0.812s] Level 1:colcon.colcon_core.package_identification:_identify(src) by extension 'colcon_pkg'
[0.812s] Level 1:colcon.colcon_core.package_identification:_identify(src) by extensions ['colcon_meta']
[0.812s] Level 1:colcon.colcon_core.package_identification:_identify(src) by extension 'colcon_meta'
[0.812s] Level 1:colcon.colcon_core.package_identification:_identify(src) by extensions ['ros']
[0.812s] Level 1:colcon.colcon_core.package_identification:_identify(src) by extension 'ros'
[0.812s] Level 1:colcon.colcon_core.package_identification:_identify(src) by extensions ['cmake', 'python']
[0.813s] Level 1:colcon.colcon_core.package_identification:_identify(src) by extension 'cmake'
[0.813s] Level 1:colcon.colcon_core.package_identification:_identify(src) by extension 'python'
[0.813s] Level 1:colcon.colcon_core.package_identification:_identify(src) by extensions ['python_setup_py']
[0.813s] Level 1:colcon.colcon_core.package_identification:_identify(src) by extension 'python_setup_py'
[0.813s] Level 1:colcon.colcon_core.package_identification:_identify(src/ar_display) by extensions ['ignore', 'ignore_ament_install']
[0.813s] Level 1:colcon.colcon_core.package_identification:_identify(src/ar_display) by extension 'ignore'
[0.813s] Level 1:colcon.colcon_core.package_identification:_identify(src/ar_display) by extension 'ignore_ament_install'
[0.813s] Level 1:colcon.colcon_core.package_identification:_identify(src/ar_display) by extensions ['colcon_pkg']
[0.813s] Level 1:colcon.colcon_core.package_identification:_identify(src/ar_display) by extension 'colcon_pkg'
[0.813s] Level 1:colcon.colcon_core.package_identification:_identify(src/ar_display) by extensions ['colcon_meta']
[0.813s] Level 1:colcon.colcon_core.package_identification:_identify(src/ar_display) by extension 'colcon_meta'
[0.814s] Level 1:colcon.colcon_core.package_identification:_identify(src/ar_display) by extensions ['ros']
[0.814s] Level 1:colcon.colcon_core.package_identification:_identify(src/ar_display) by extension 'ros'
[0.821s] DEBUG:colcon.colcon_core.package_identification:Package 'src/ar_display' with type 'ros.ament_cmake' and name 'ar_display'
[0.821s] Level 1:colcon.colcon_core.package_identification:_identify(src/build) by extensions ['ignore', 'ignore_ament_install']
[0.821s] Level 1:colcon.colcon_core.package_identification:_identify(src/build) by extension 'ignore'
[0.821s] Level 1:colcon.colcon_core.package_identification:_identify(src/build) ignored
[0.821s] Level 1:colcon.colcon_core.package_identification:_identify(src/button_simulator) by extensions ['ignore', 'ignore_ament_install']
[0.822s] Level 1:colcon.colcon_core.package_identification:_identify(src/button_simulator) by extension 'ignore'
[0.822s] Level 1:colcon.colcon_core.package_identification:_identify(src/button_simulator) by extension 'ignore_ament_install'
[0.822s] Level 1:colcon.colcon_core.package_identification:_identify(src/button_simulator) by extensions ['colcon_pkg']
[0.822s] Level 1:colcon.colcon_core.package_identification:_identify(src/button_simulator) by extension 'colcon_pkg'
[0.822s] Level 1:colcon.colcon_core.package_identification:_identify(src/button_simulator) by extensions ['colcon_meta']
[0.822s] Level 1:colcon.colcon_core.package_identification:_identify(src/button_simulator) by extension 'colcon_meta'
[0.822s] Level 1:colcon.colcon_core.package_identification:_identify(src/button_simulator) by extensions ['ros']
[0.822s] Level 1:colcon.colcon_core.package_identification:_identify(src/button_simulator) by extension 'ros'
[0.824s] DEBUG:colcon.colcon_core.package_identification:Package 'src/button_simulator' with type 'ros.ament_cmake' and name 'button_simulator'
[0.824s] Level 1:colcon.colcon_core.package_identification:_identify(src/chest_interfaces) by extensions ['ignore', 'ignore_ament_install']
[0.824s] Level 1:colcon.colcon_core.package_identification:_identify(src/chest_interfaces) by extension 'ignore'
[0.824s] Level 1:colcon.colcon_core.package_identification:_identify(src/chest_interfaces) by extension 'ignore_ament_install'
[0.824s] Level 1:colcon.colcon_core.package_identification:_identify(src/chest_interfaces) by extensions ['colcon_pkg']
[0.824s] Level 1:colcon.colcon_core.package_identification:_identify(src/chest_interfaces) by extension 'colcon_pkg'
[0.824s] Level 1:colcon.colcon_core.package_identification:_identify(src/chest_interfaces) by extensions ['colcon_meta']
[0.824s] Level 1:colcon.colcon_core.package_identification:_identify(src/chest_interfaces) by extension 'colcon_meta'
[0.825s] Level 1:colcon.colcon_core.package_identification:_identify(src/chest_interfaces) by extensions ['ros']
[0.825s] Level 1:colcon.colcon_core.package_identification:_identify(src/chest_interfaces) by extension 'ros'
[0.826s] DEBUG:colcon.colcon_core.package_identification:Package 'src/chest_interfaces' with type 'ros.ament_cmake' and name 'chest_interfaces'
[0.826s] Level 1:colcon.colcon_core.package_identification:_identify(src/communication) by extensions ['ignore', 'ignore_ament_install']
[0.826s] Level 1:colcon.colcon_core.package_identification:_identify(src/communication) by extension 'ignore'
[0.826s] Level 1:colcon.colcon_core.package_identification:_identify(src/communication) by extension 'ignore_ament_install'
[0.826s] Level 1:colcon.colcon_core.package_identification:_identify(src/communication) by extensions ['colcon_pkg']
[0.826s] Level 1:colcon.colcon_core.package_identification:_identify(src/communication) by extension 'colcon_pkg'
[0.827s] Level 1:colcon.colcon_core.package_identification:_identify(src/communication) by extensions ['colcon_meta']
[0.827s] Level 1:colcon.colcon_core.package_identification:_identify(src/communication) by extension 'colcon_meta'
[0.827s] Level 1:colcon.colcon_core.package_identification:_identify(src/communication) by extensions ['ros']
[0.827s] Level 1:colcon.colcon_core.package_identification:_identify(src/communication) by extension 'ros'
[0.828s] DEBUG:colcon.colcon_core.package_identification:Package 'src/communication' with type 'ros.ament_cmake' and name 'communication'
[0.829s] Level 1:colcon.colcon_core.package_identification:_identify(src/controller_display) by extensions ['ignore', 'ignore_ament_install']
[0.829s] Level 1:colcon.colcon_core.package_identification:_identify(src/controller_display) by extension 'ignore'
[0.829s] Level 1:colcon.colcon_core.package_identification:_identify(src/controller_display) by extension 'ignore_ament_install'
[0.829s] Level 1:colcon.colcon_core.package_identification:_identify(src/controller_display) by extensions ['colcon_pkg']
[0.829s] Level 1:colcon.colcon_core.package_identification:_identify(src/controller_display) by extension 'colcon_pkg'
[0.829s] Level 1:colcon.colcon_core.package_identification:_identify(src/controller_display) by extensions ['colcon_meta']
[0.829s] Level 1:colcon.colcon_core.package_identification:_identify(src/controller_display) by extension 'colcon_meta'
[0.829s] Level 1:colcon.colcon_core.package_identification:_identify(src/controller_display) by extensions ['ros']
[0.829s] Level 1:colcon.colcon_core.package_identification:_identify(src/controller_display) by extension 'ros'
[0.831s] DEBUG:colcon.colcon_core.package_identification:Package 'src/controller_display' with type 'ros.ament_cmake' and name 'controller_display'
[0.831s] Level 1:colcon.colcon_core.package_identification:_identify(src/head_tracking) by extensions ['ignore', 'ignore_ament_install']
[0.831s] Level 1:colcon.colcon_core.package_identification:_identify(src/head_tracking) by extension 'ignore'
[0.832s] Level 1:colcon.colcon_core.package_identification:_identify(src/head_tracking) by extension 'ignore_ament_install'
[0.832s] Level 1:colcon.colcon_core.package_identification:_identify(src/head_tracking) by extensions ['colcon_pkg']
[0.832s] Level 1:colcon.colcon_core.package_identification:_identify(src/head_tracking) by extension 'colcon_pkg'
[0.832s] Level 1:colcon.colcon_core.package_identification:_identify(src/head_tracking) by extensions ['colcon_meta']
[0.832s] Level 1:colcon.colcon_core.package_identification:_identify(src/head_tracking) by extension 'colcon_meta'
[0.832s] Level 1:colcon.colcon_core.package_identification:_identify(src/head_tracking) by extensions ['ros']
[0.832s] Level 1:colcon.colcon_core.package_identification:_identify(src/head_tracking) by extension 'ros'
[0.834s] DEBUG:colcon.colcon_core.package_identification:Package 'src/head_tracking' with type 'ros.ament_cmake' and name 'head_tracking'
[0.834s] Level 1:colcon.colcon_core.package_identification:_identify(src/install) by extensions ['ignore', 'ignore_ament_install']
[0.834s] Level 1:colcon.colcon_core.package_identification:_identify(src/install) by extension 'ignore'
[0.834s] Level 1:colcon.colcon_core.package_identification:_identify(src/install) ignored
[0.834s] Level 1:colcon.colcon_core.package_identification:_identify(src/launch) by extensions ['ignore', 'ignore_ament_install']
[0.834s] Level 1:colcon.colcon_core.package_identification:_identify(src/launch) by extension 'ignore'
[0.834s] Level 1:colcon.colcon_core.package_identification:_identify(src/launch) by extension 'ignore_ament_install'
[0.835s] Level 1:colcon.colcon_core.package_identification:_identify(src/launch) by extensions ['colcon_pkg']
[0.835s] Level 1:colcon.colcon_core.package_identification:_identify(src/launch) by extension 'colcon_pkg'
[0.835s] Level 1:colcon.colcon_core.package_identification:_identify(src/launch) by extensions ['colcon_meta']
[0.835s] Level 1:colcon.colcon_core.package_identification:_identify(src/launch) by extension 'colcon_meta'
[0.835s] Level 1:colcon.colcon_core.package_identification:_identify(src/launch) by extensions ['ros']
[0.835s] Level 1:colcon.colcon_core.package_identification:_identify(src/launch) by extension 'ros'
[0.835s] Level 1:colcon.colcon_core.package_identification:_identify(src/launch) by extensions ['cmake', 'python']
[0.835s] Level 1:colcon.colcon_core.package_identification:_identify(src/launch) by extension 'cmake'
[0.835s] Level 1:colcon.colcon_core.package_identification:_identify(src/launch) by extension 'python'
[0.835s] Level 1:colcon.colcon_core.package_identification:_identify(src/launch) by extensions ['python_setup_py']
[0.835s] Level 1:colcon.colcon_core.package_identification:_identify(src/launch) by extension 'python_setup_py'
[0.835s] Level 1:colcon.colcon_core.package_identification:_identify(src/log) by extensions ['ignore', 'ignore_ament_install']
[0.836s] Level 1:colcon.colcon_core.package_identification:_identify(src/log) by extension 'ignore'
[0.836s] Level 1:colcon.colcon_core.package_identification:_identify(src/log) ignored
[0.836s] Level 1:colcon.colcon_core.package_identification:_identify(src/video_source_loader) by extensions ['ignore', 'ignore_ament_install']
[0.836s] Level 1:colcon.colcon_core.package_identification:_identify(src/video_source_loader) by extension 'ignore'
[0.836s] Level 1:colcon.colcon_core.package_identification:_identify(src/video_source_loader) by extension 'ignore_ament_install'
[0.836s] Level 1:colcon.colcon_core.package_identification:_identify(src/video_source_loader) by extensions ['colcon_pkg']
[0.836s] Level 1:colcon.colcon_core.package_identification:_identify(src/video_source_loader) by extension 'colcon_pkg'
[0.836s] Level 1:colcon.colcon_core.package_identification:_identify(src/video_source_loader) by extensions ['colcon_meta']
[0.836s] Level 1:colcon.colcon_core.package_identification:_identify(src/video_source_loader) by extension 'colcon_meta'
[0.836s] Level 1:colcon.colcon_core.package_identification:_identify(src/video_source_loader) by extensions ['ros']
[0.837s] Level 1:colcon.colcon_core.package_identification:_identify(src/video_source_loader) by extension 'ros'
[0.838s] DEBUG:colcon.colcon_core.package_identification:Package 'src/video_source_loader' with type 'ros.ament_cmake' and name 'video_source_loader'
[0.839s] Level 1:colcon.colcon_core.package_identification:_identify(src/voice_processing) by extensions ['ignore', 'ignore_ament_install']
[0.839s] Level 1:colcon.colcon_core.package_identification:_identify(src/voice_processing) by extension 'ignore'
[0.839s] Level 1:colcon.colcon_core.package_identification:_identify(src/voice_processing) by extension 'ignore_ament_install'
[0.839s] Level 1:colcon.colcon_core.package_identification:_identify(src/voice_processing) by extensions ['colcon_pkg']
[0.839s] Level 1:colcon.colcon_core.package_identification:_identify(src/voice_processing) by extension 'colcon_pkg'
[0.839s] Level 1:colcon.colcon_core.package_identification:_identify(src/voice_processing) by extensions ['colcon_meta']
[0.839s] Level 1:colcon.colcon_core.package_identification:_identify(src/voice_processing) by extension 'colcon_meta'
[0.839s] Level 1:colcon.colcon_core.package_identification:_identify(src/voice_processing) by extensions ['ros']
[0.839s] Level 1:colcon.colcon_core.package_identification:_identify(src/voice_processing) by extension 'ros'
[0.841s] DEBUG:colcon.colcon_core.package_identification:Package 'src/voice_processing' with type 'ros.ament_cmake' and name 'voice_processing'
[0.841s] Level 1:colcon.colcon_core.package_identification:_identify(src/web_monitor) by extensions ['ignore', 'ignore_ament_install']
[0.841s] Level 1:colcon.colcon_core.package_identification:_identify(src/web_monitor) by extension 'ignore'
[0.841s] Level 1:colcon.colcon_core.package_identification:_identify(src/web_monitor) by extension 'ignore_ament_install'
[0.841s] Level 1:colcon.colcon_core.package_identification:_identify(src/web_monitor) by extensions ['colcon_pkg']
[0.841s] Level 1:colcon.colcon_core.package_identification:_identify(src/web_monitor) by extension 'colcon_pkg'
[0.841s] Level 1:colcon.colcon_core.package_identification:_identify(src/web_monitor) by extensions ['colcon_meta']
[0.841s] Level 1:colcon.colcon_core.package_identification:_identify(src/web_monitor) by extension 'colcon_meta'
[0.842s] Level 1:colcon.colcon_core.package_identification:_identify(src/web_monitor) by extensions ['ros']
[0.842s] Level 1:colcon.colcon_core.package_identification:_identify(src/web_monitor) by extension 'ros'
[0.843s] DEBUG:colcon.colcon_core.package_identification:Package 'src/web_monitor' with type 'ros.ament_python' and name 'web_monitor'
[0.843s] Level 1:colcon.colcon_core.package_identification:_identify(test) by extensions ['ignore', 'ignore_ament_install']
[0.843s] Level 1:colcon.colcon_core.package_identification:_identify(test) by extension 'ignore'
[0.843s] Level 1:colcon.colcon_core.package_identification:_identify(test) by extension 'ignore_ament_install'
[0.843s] Level 1:colcon.colcon_core.package_identification:_identify(test) by extensions ['colcon_pkg']
[0.843s] Level 1:colcon.colcon_core.package_identification:_identify(test) by extension 'colcon_pkg'
[0.843s] Level 1:colcon.colcon_core.package_identification:_identify(test) by extensions ['colcon_meta']
[0.843s] Level 1:colcon.colcon_core.package_identification:_identify(test) by extension 'colcon_meta'
[0.843s] Level 1:colcon.colcon_core.package_identification:_identify(test) by extensions ['ros']
[0.843s] Level 1:colcon.colcon_core.package_identification:_identify(test) by extension 'ros'
[0.843s] Level 1:colcon.colcon_core.package_identification:_identify(test) by extensions ['cmake', 'python']
[0.844s] Level 1:colcon.colcon_core.package_identification:_identify(test) by extension 'cmake'
[0.844s] Level 1:colcon.colcon_core.package_identification:_identify(test) by extension 'python'
[0.844s] Level 1:colcon.colcon_core.package_identification:_identify(test) by extensions ['python_setup_py']
[0.844s] Level 1:colcon.colcon_core.package_identification:_identify(test) by extension 'python_setup_py'
[0.844s] Level 1:colcon.colcon_core.package_identification:_identify(test/communication_test) by extensions ['ignore', 'ignore_ament_install']
[0.844s] Level 1:colcon.colcon_core.package_identification:_identify(test/communication_test) by extension 'ignore'
[0.844s] Level 1:colcon.colcon_core.package_identification:_identify(test/communication_test) by extension 'ignore_ament_install'
[0.844s] Level 1:colcon.colcon_core.package_identification:_identify(test/communication_test) by extensions ['colcon_pkg']
[0.844s] Level 1:colcon.colcon_core.package_identification:_identify(test/communication_test) by extension 'colcon_pkg'
[0.844s] Level 1:colcon.colcon_core.package_identification:_identify(test/communication_test) by extensions ['colcon_meta']
[0.844s] Level 1:colcon.colcon_core.package_identification:_identify(test/communication_test) by extension 'colcon_meta'
[0.844s] Level 1:colcon.colcon_core.package_identification:_identify(test/communication_test) by extensions ['ros']
[0.844s] Level 1:colcon.colcon_core.package_identification:_identify(test/communication_test) by extension 'ros'
[0.845s] Level 1:colcon.colcon_core.package_identification:_identify(test/communication_test) by extensions ['cmake', 'python']
[0.845s] Level 1:colcon.colcon_core.package_identification:_identify(test/communication_test) by extension 'cmake'
[0.845s] Level 1:colcon.colcon_core.package_identification:_identify(test/communication_test) by extension 'python'
[0.845s] Level 1:colcon.colcon_core.package_identification:_identify(test/communication_test) by extensions ['python_setup_py']
[0.845s] Level 1:colcon.colcon_core.package_identification:_identify(test/communication_test) by extension 'python_setup_py'
[0.845s] Level 1:colcon.colcon_core.package_identification:_identify(test/communication_test/config) by extensions ['ignore', 'ignore_ament_install']
[0.845s] Level 1:colcon.colcon_core.package_identification:_identify(test/communication_test/config) by extension 'ignore'
[0.845s] Level 1:colcon.colcon_core.package_identification:_identify(test/communication_test/config) by extension 'ignore_ament_install'
[0.845s] Level 1:colcon.colcon_core.package_identification:_identify(test/communication_test/config) by extensions ['colcon_pkg']
[0.845s] Level 1:colcon.colcon_core.package_identification:_identify(test/communication_test/config) by extension 'colcon_pkg'
[0.845s] Level 1:colcon.colcon_core.package_identification:_identify(test/communication_test/config) by extensions ['colcon_meta']
[0.845s] Level 1:colcon.colcon_core.package_identification:_identify(test/communication_test/config) by extension 'colcon_meta'
[0.845s] Level 1:colcon.colcon_core.package_identification:_identify(test/communication_test/config) by extensions ['ros']
[0.845s] Level 1:colcon.colcon_core.package_identification:_identify(test/communication_test/config) by extension 'ros'
[0.846s] Level 1:colcon.colcon_core.package_identification:_identify(test/communication_test/config) by extensions ['cmake', 'python']
[0.846s] Level 1:colcon.colcon_core.package_identification:_identify(test/communication_test/config) by extension 'cmake'
[0.846s] Level 1:colcon.colcon_core.package_identification:_identify(test/communication_test/config) by extension 'python'
[0.846s] Level 1:colcon.colcon_core.package_identification:_identify(test/communication_test/config) by extensions ['python_setup_py']
[0.846s] Level 1:colcon.colcon_core.package_identification:_identify(test/communication_test/config) by extension 'python_setup_py'
[0.846s] Level 1:colcon.colcon_core.package_identification:_identify(test/communication_test/src) by extensions ['ignore', 'ignore_ament_install']
[0.846s] Level 1:colcon.colcon_core.package_identification:_identify(test/communication_test/src) by extension 'ignore'
[0.846s] Level 1:colcon.colcon_core.package_identification:_identify(test/communication_test/src) by extension 'ignore_ament_install'
[0.846s] Level 1:colcon.colcon_core.package_identification:_identify(test/communication_test/src) by extensions ['colcon_pkg']
[0.846s] Level 1:colcon.colcon_core.package_identification:_identify(test/communication_test/src) by extension 'colcon_pkg'
[0.846s] Level 1:colcon.colcon_core.package_identification:_identify(test/communication_test/src) by extensions ['colcon_meta']
[0.846s] Level 1:colcon.colcon_core.package_identification:_identify(test/communication_test/src) by extension 'colcon_meta'
[0.846s] Level 1:colcon.colcon_core.package_identification:_identify(test/communication_test/src) by extensions ['ros']
[0.847s] Level 1:colcon.colcon_core.package_identification:_identify(test/communication_test/src) by extension 'ros'
[0.847s] Level 1:colcon.colcon_core.package_identification:_identify(test/communication_test/src) by extensions ['cmake', 'python']
[0.847s] Level 1:colcon.colcon_core.package_identification:_identify(test/communication_test/src) by extension 'cmake'
[0.847s] Level 1:colcon.colcon_core.package_identification:_identify(test/communication_test/src) by extension 'python'
[0.847s] Level 1:colcon.colcon_core.package_identification:_identify(test/communication_test/src) by extensions ['python_setup_py']
[0.847s] Level 1:colcon.colcon_core.package_identification:_identify(test/communication_test/src) by extension 'python_setup_py'
[0.847s] Level 1:colcon.colcon_core.package_identification:_identify(test/communication_test/src/__pycache__) by extensions ['ignore', 'ignore_ament_install']
[0.847s] Level 1:colcon.colcon_core.package_identification:_identify(test/communication_test/src/__pycache__) by extension 'ignore'
[0.847s] Level 1:colcon.colcon_core.package_identification:_identify(test/communication_test/src/__pycache__) by extension 'ignore_ament_install'
[0.848s] Level 1:colcon.colcon_core.package_identification:_identify(test/communication_test/src/__pycache__) by extensions ['colcon_pkg']
[0.848s] Level 1:colcon.colcon_core.package_identification:_identify(test/communication_test/src/__pycache__) by extension 'colcon_pkg'
[0.848s] Level 1:colcon.colcon_core.package_identification:_identify(test/communication_test/src/__pycache__) by extensions ['colcon_meta']
[0.848s] Level 1:colcon.colcon_core.package_identification:_identify(test/communication_test/src/__pycache__) by extension 'colcon_meta'
[0.848s] Level 1:colcon.colcon_core.package_identification:_identify(test/communication_test/src/__pycache__) by extensions ['ros']
[0.848s] Level 1:colcon.colcon_core.package_identification:_identify(test/communication_test/src/__pycache__) by extension 'ros'
[0.848s] Level 1:colcon.colcon_core.package_identification:_identify(test/communication_test/src/__pycache__) by extensions ['cmake', 'python']
[0.848s] Level 1:colcon.colcon_core.package_identification:_identify(test/communication_test/src/__pycache__) by extension 'cmake'
[0.848s] Level 1:colcon.colcon_core.package_identification:_identify(test/communication_test/src/__pycache__) by extension 'python'
[0.848s] Level 1:colcon.colcon_core.package_identification:_identify(test/communication_test/src/__pycache__) by extensions ['python_setup_py']
[0.848s] Level 1:colcon.colcon_core.package_identification:_identify(test/communication_test/src/__pycache__) by extension 'python_setup_py'
[0.848s] Level 1:colcon.colcon_core.package_identification:_identify(test/communication_test/web) by extensions ['ignore', 'ignore_ament_install']
[0.848s] Level 1:colcon.colcon_core.package_identification:_identify(test/communication_test/web) by extension 'ignore'
[0.848s] Level 1:colcon.colcon_core.package_identification:_identify(test/communication_test/web) by extension 'ignore_ament_install'
[0.849s] Level 1:colcon.colcon_core.package_identification:_identify(test/communication_test/web) by extensions ['colcon_pkg']
[0.849s] Level 1:colcon.colcon_core.package_identification:_identify(test/communication_test/web) by extension 'colcon_pkg'
[0.849s] Level 1:colcon.colcon_core.package_identification:_identify(test/communication_test/web) by extensions ['colcon_meta']
[0.849s] Level 1:colcon.colcon_core.package_identification:_identify(test/communication_test/web) by extension 'colcon_meta'
[0.849s] Level 1:colcon.colcon_core.package_identification:_identify(test/communication_test/web) by extensions ['ros']
[0.849s] Level 1:colcon.colcon_core.package_identification:_identify(test/communication_test/web) by extension 'ros'
[0.849s] Level 1:colcon.colcon_core.package_identification:_identify(test/communication_test/web) by extensions ['cmake', 'python']
[0.849s] Level 1:colcon.colcon_core.package_identification:_identify(test/communication_test/web) by extension 'cmake'
[0.849s] Level 1:colcon.colcon_core.package_identification:_identify(test/communication_test/web) by extension 'python'
[0.849s] Level 1:colcon.colcon_core.package_identification:_identify(test/communication_test/web) by extensions ['python_setup_py']
[0.849s] Level 1:colcon.colcon_core.package_identification:_identify(test/communication_test/web) by extension 'python_setup_py'
[0.849s] Level 1:colcon.colcon_core.package_identification:_identify(test/communication_test/web/static) by extensions ['ignore', 'ignore_ament_install']
[0.849s] Level 1:colcon.colcon_core.package_identification:_identify(test/communication_test/web/static) by extension 'ignore'
[0.849s] Level 1:colcon.colcon_core.package_identification:_identify(test/communication_test/web/static) by extension 'ignore_ament_install'
[0.850s] Level 1:colcon.colcon_core.package_identification:_identify(test/communication_test/web/static) by extensions ['colcon_pkg']
[0.850s] Level 1:colcon.colcon_core.package_identification:_identify(test/communication_test/web/static) by extension 'colcon_pkg'
[0.850s] Level 1:colcon.colcon_core.package_identification:_identify(test/communication_test/web/static) by extensions ['colcon_meta']
[0.850s] Level 1:colcon.colcon_core.package_identification:_identify(test/communication_test/web/static) by extension 'colcon_meta'
[0.850s] Level 1:colcon.colcon_core.package_identification:_identify(test/communication_test/web/static) by extensions ['ros']
[0.850s] Level 1:colcon.colcon_core.package_identification:_identify(test/communication_test/web/static) by extension 'ros'
[0.850s] Level 1:colcon.colcon_core.package_identification:_identify(test/communication_test/web/static) by extensions ['cmake', 'python']
[0.850s] Level 1:colcon.colcon_core.package_identification:_identify(test/communication_test/web/static) by extension 'cmake'
[0.850s] Level 1:colcon.colcon_core.package_identification:_identify(test/communication_test/web/static) by extension 'python'
[0.850s] Level 1:colcon.colcon_core.package_identification:_identify(test/communication_test/web/static) by extensions ['python_setup_py']
[0.850s] Level 1:colcon.colcon_core.package_identification:_identify(test/communication_test/web/static) by extension 'python_setup_py'
[0.850s] Level 1:colcon.colcon_core.package_identification:_identify(test/communication_test/web/static/css) by extensions ['ignore', 'ignore_ament_install']
[0.850s] Level 1:colcon.colcon_core.package_identification:_identify(test/communication_test/web/static/css) by extension 'ignore'
[0.851s] Level 1:colcon.colcon_core.package_identification:_identify(test/communication_test/web/static/css) by extension 'ignore_ament_install'
[0.851s] Level 1:colcon.colcon_core.package_identification:_identify(test/communication_test/web/static/css) by extensions ['colcon_pkg']
[0.851s] Level 1:colcon.colcon_core.package_identification:_identify(test/communication_test/web/static/css) by extension 'colcon_pkg'
[0.851s] Level 1:colcon.colcon_core.package_identification:_identify(test/communication_test/web/static/css) by extensions ['colcon_meta']
[0.851s] Level 1:colcon.colcon_core.package_identification:_identify(test/communication_test/web/static/css) by extension 'colcon_meta'
[0.851s] Level 1:colcon.colcon_core.package_identification:_identify(test/communication_test/web/static/css) by extensions ['ros']
[0.851s] Level 1:colcon.colcon_core.package_identification:_identify(test/communication_test/web/static/css) by extension 'ros'
[0.851s] Level 1:colcon.colcon_core.package_identification:_identify(test/communication_test/web/static/css) by extensions ['cmake', 'python']
[0.851s] Level 1:colcon.colcon_core.package_identification:_identify(test/communication_test/web/static/css) by extension 'cmake'
[0.851s] Level 1:colcon.colcon_core.package_identification:_identify(test/communication_test/web/static/css) by extension 'python'
[0.851s] Level 1:colcon.colcon_core.package_identification:_identify(test/communication_test/web/static/css) by extensions ['python_setup_py']
[0.851s] Level 1:colcon.colcon_core.package_identification:_identify(test/communication_test/web/static/css) by extension 'python_setup_py'
[0.851s] Level 1:colcon.colcon_core.package_identification:_identify(test/communication_test/web/static/js) by extensions ['ignore', 'ignore_ament_install']
[0.851s] Level 1:colcon.colcon_core.package_identification:_identify(test/communication_test/web/static/js) by extension 'ignore'
[0.852s] Level 1:colcon.colcon_core.package_identification:_identify(test/communication_test/web/static/js) by extension 'ignore_ament_install'
[0.852s] Level 1:colcon.colcon_core.package_identification:_identify(test/communication_test/web/static/js) by extensions ['colcon_pkg']
[0.852s] Level 1:colcon.colcon_core.package_identification:_identify(test/communication_test/web/static/js) by extension 'colcon_pkg'
[0.852s] Level 1:colcon.colcon_core.package_identification:_identify(test/communication_test/web/static/js) by extensions ['colcon_meta']
[0.852s] Level 1:colcon.colcon_core.package_identification:_identify(test/communication_test/web/static/js) by extension 'colcon_meta'
[0.852s] Level 1:colcon.colcon_core.package_identification:_identify(test/communication_test/web/static/js) by extensions ['ros']
[0.852s] Level 1:colcon.colcon_core.package_identification:_identify(test/communication_test/web/static/js) by extension 'ros'
[0.852s] Level 1:colcon.colcon_core.package_identification:_identify(test/communication_test/web/static/js) by extensions ['cmake', 'python']
[0.852s] Level 1:colcon.colcon_core.package_identification:_identify(test/communication_test/web/static/js) by extension 'cmake'
[0.852s] Level 1:colcon.colcon_core.package_identification:_identify(test/communication_test/web/static/js) by extension 'python'
[0.852s] Level 1:colcon.colcon_core.package_identification:_identify(test/communication_test/web/static/js) by extensions ['python_setup_py']
[0.852s] Level 1:colcon.colcon_core.package_identification:_identify(test/communication_test/web/static/js) by extension 'python_setup_py'
[0.852s] Level 1:colcon.colcon_core.package_identification:_identify(说明文档) by extensions ['ignore', 'ignore_ament_install']
[0.853s] Level 1:colcon.colcon_core.package_identification:_identify(说明文档) by extension 'ignore'
[0.853s] Level 1:colcon.colcon_core.package_identification:_identify(说明文档) by extension 'ignore_ament_install'
[0.853s] Level 1:colcon.colcon_core.package_identification:_identify(说明文档) by extensions ['colcon_pkg']
[0.853s] Level 1:colcon.colcon_core.package_identification:_identify(说明文档) by extension 'colcon_pkg'
[0.853s] Level 1:colcon.colcon_core.package_identification:_identify(说明文档) by extensions ['colcon_meta']
[0.853s] Level 1:colcon.colcon_core.package_identification:_identify(说明文档) by extension 'colcon_meta'
[0.853s] Level 1:colcon.colcon_core.package_identification:_identify(说明文档) by extensions ['ros']
[0.853s] Level 1:colcon.colcon_core.package_identification:_identify(说明文档) by extension 'ros'
[0.853s] Level 1:colcon.colcon_core.package_identification:_identify(说明文档) by extensions ['cmake', 'python']
[0.853s] Level 1:colcon.colcon_core.package_identification:_identify(说明文档) by extension 'cmake'
[0.853s] Level 1:colcon.colcon_core.package_identification:_identify(说明文档) by extension 'python'
[0.853s] Level 1:colcon.colcon_core.package_identification:_identify(说明文档) by extensions ['python_setup_py']
[0.853s] Level 1:colcon.colcon_core.package_identification:_identify(说明文档) by extension 'python_setup_py'
[0.853s] Level 1:colcon.colcon_core.package_discovery:discover_packages(recursive) using defaults
[0.853s] Level 1:colcon.colcon_core.package_discovery:discover_packages(ignore) discover
[0.854s] Level 1:colcon.colcon_core.package_discovery:discover_packages(ignore) using defaults
[0.854s] Level 1:colcon.colcon_core.package_discovery:discover_packages(path) discover
[0.854s] Level 1:colcon.colcon_core.package_discovery:discover_packages(path) using defaults
