[0.118s] Invoking command in '/home/zkxt/Documents/TK30/bianjiexiongkong/build/controller_display': CMAKE_PREFIX_PATH=/home/zkxt/Documents/TK30/bianjiexiongkong/install/chest_interfaces:/home/zkxt/Documents/TK30/bianjiexiongkong/install/voice_processing:/home/zkxt/Documents/TK30/bianjiexiongkong/install/video_source_loader:/home/zkxt/Documents/TK30/bianjiexiongkong/install/head_tracking:/home/zkxt/Documents/TK30/bianjiexiongkong/install/controller_display:/home/zkxt/Documents/TK30/bianjiexiongkong/install/communication:/home/zkxt/Documents/TK30/bianjiexiongkong/install/button_simulator:/home/zkxt/Documents/TK30/bianjiexiongkong/install/ar_display:/home/zkxt/Documents/TK30/bianjiexiongkong/install/web_monitor:/opt/ros/foxy LD_LIBRARY_PATH=/home/zkxt/Documents/TK30/bianjiexiongkong/install/chest_interfaces/lib:/home/zkxt/Documents/TK30/bianjiexiongkong/install/voice_processing/lib:/home/zkxt/Documents/TK30/bianjiexiongkong/install/head_tracking/lib:/home/zkxt/Documents/TK30/bianjiexiongkong/install/controller_display/lib:/opt/ros/foxy/opt/yaml_cpp_vendor/lib:/opt/ros/foxy/lib/aarch64-linux-gnu:/opt/ros/foxy/lib PYTHONPATH=/home/zkxt/Documents/TK30/bianjiexiongkong/install/chest_interfaces/lib/python3.8/site-packages:/home/zkxt/Documents/TK30/bianjiexiongkong/install/web_monitor/lib/python3.8/site-packages:/home/zkxt/Documents/TK30/bianjiexiongkong/install/chest_interfaces/lib/python3.12/site-packages:/opt/ros/foxy/lib/python3.8/site-packages /usr/bin/cmake /home/zkxt/Documents/TK30/bianjiexiongkong/src/controller_display -DCMAKE_INSTALL_PREFIX=/home/zkxt/Documents/TK30/bianjiexiongkong/install/controller_display
[0.458s] -- The C compiler identification is GNU 9.4.0
[0.710s] -- The CXX compiler identification is GNU 9.4.0
[0.719s] -- Check for working C compiler: /usr/bin/cc
[1.025s] -- Check for working C compiler: /usr/bin/cc -- works
[1.025s] -- Detecting C compiler ABI info
[1.276s] -- Detecting C compiler ABI info - done
[1.297s] -- Detecting C compile features
[1.297s] -- Detecting C compile features - done
[1.304s] -- Check for working CXX compiler: /usr/bin/c++
[1.553s] -- Check for working CXX compiler: /usr/bin/c++ -- works
[1.555s] -- Detecting CXX compiler ABI info
[1.955s] -- Detecting CXX compiler ABI info - done
[2.062s] -- Detecting CXX compile features
[2.065s] -- Detecting CXX compile features - done
[2.096s] -- Found ament_cmake: 0.9.12 (/opt/ros/foxy/share/ament_cmake/cmake)
[2.171s] -- Found PythonInterp: /usr/bin/python3 (found suitable version "3.8.10", minimum required is "3") 
[2.174s] -- Using PYTHON_EXECUTABLE: /usr/bin/python3
[2.598s] -- Found ament_cmake_auto: 0.9.12 (/opt/ros/foxy/share/ament_cmake_auto/cmake)
[2.601s] -- Found rclcpp: 2.4.3 (/opt/ros/foxy/share/rclcpp/cmake)
[2.703s] -- Using all available rosidl_typesupport_c: rosidl_typesupport_fastrtps_c;rosidl_typesupport_introspection_c
[2.712s] -- Found rosidl_adapter: 1.3.1 (/opt/ros/foxy/share/rosidl_adapter/cmake)
[2.942s] -- Found OpenSSL: /usr/lib/aarch64-linux-gnu/libcrypto.so (found version "1.1.1f")  
[2.995s] -- Found FastRTPS: /opt/ros/foxy/include  
[3.164s] -- Using all available rosidl_typesupport_cpp: rosidl_typesupport_fastrtps_cpp;rosidl_typesupport_introspection_cpp
[3.351s] -- Found rmw_implementation_cmake: 1.0.4 (/opt/ros/foxy/share/rmw_implementation_cmake/cmake)
[3.364s] -- Using RMW implementation 'rmw_fastrtps_cpp' as default
[3.368s] -- Looking for pthread.h
[3.712s] -- Looking for pthread.h - found
[3.713s] -- Performing Test CMAKE_HAVE_LIBC_PTHREAD
[4.021s] -- Performing Test CMAKE_HAVE_LIBC_PTHREAD - Failed
[4.022s] -- Looking for pthread_create in pthreads
[4.217s] -- Looking for pthread_create in pthreads - not found
[4.218s] -- Looking for pthread_create in pthread
[4.605s] -- Looking for pthread_create in pthread - found
[4.608s] -- Found Threads: TRUE  
[5.376s] -- Found chest_interfaces: 0.0.1 (/home/zkxt/Documents/TK30/bianjiexiongkong/install/chest_interfaces/share/chest_interfaces/cmake)
[5.595s] -- Found PkgConfig: /usr/bin/pkg-config (found version "0.29.1") 
[5.596s] -- Checking for module 'ncursesw'
[5.686s] --   Found ncursesw, version 6.2.20200212
[6.108s] -- Found ament_lint_auto: 0.9.8 (/opt/ros/foxy/share/ament_lint_auto/cmake)
[6.137s] -- Added test 'copyright' to check source files copyright and LICENSE
[6.138s] -- Added test 'cppcheck' to perform static code analysis on C / C++ code
[6.138s] -- Configured cppcheck include dirs: 
[6.139s] -- Configured cppcheck exclude dirs and/or files: 
[6.144s] -- Added test 'cpplint' to check C / C++ code against the Google style
[6.145s] -- Configured cpplint exclude dirs and/or files: 
[6.145s] -- Added test 'flake8' to check Python code syntax and style conventions
[6.145s] -- Added test 'lint_cmake' to check CMake code style
[6.145s] -- Added test 'pep257' to check Python code against some of the style conventions in PEP 257
[6.146s] -- Added test 'uncrustify' to check C / C++ code style
[6.146s] -- Configured uncrustify additional arguments: 
[6.147s] -- Added test 'xmllint' to check XML markup files
[6.153s] -- Configuring done
[6.322s] -- Generating done
[6.436s] -- Build files have been written to: /home/zkxt/Documents/TK30/bianjiexiongkong/build/controller_display
